#
# There is insufficient memory for the Java Runtime Environment to continue.
# Native memory allocation (malloc) failed to allocate 936336 bytes for Chunk::new
# Possible reasons:
#   The system is out of physical RAM or swap space
#   The process is running with CompressedOops enabled, and the Java Heap may be blocking the growth of the native heap
# Possible solutions:
#   Reduce memory load on the system
#   Increase physical memory or swap space
#   Check if swap backing store is full
#   Decrease Java heap size (-Xmx/-Xms)
#   Decrease number of Java threads
#   Decrease Java thread stack sizes (-Xss)
#   Set larger code cache with -XX:ReservedCodeCacheSize=
#   JVM is running with Unscaled Compressed Oops mode in which the Java heap is
#     placed in the first 4GB address space. The Java Heap base address is the
#     maximum limit for the native heap growth. Please use -XX:HeapBaseMinAddress
#     to set the Java Heap base and to place the Java Heap above 4GB virtual address.
# This output file may be truncated or incomplete.
#
#  Out of Memory Error (allocation.cpp:389), pid=3396, tid=0x0000000000002914
#
# JRE version: Java(TM) SE Runtime Environment (8.0_241-b07) (build 1.8.0_241-b07)
# Java VM: Java HotSpot(TM) 64-Bit Server VM (25.241-b07 mixed mode windows-amd64 compressed oops)
# Failed to write core dump. Minidumps are not enabled by default on client versions of Windows
#

---------------  T H R E A D  ---------------

Current thread (0x000000001acda000):  JavaThread "C2 CompilerThread0" daemon [_thread_in_native, id=10516, stack(0x000000001b3e0000,0x000000001b4e0000)]

Stack: [0x000000001b3e0000,0x000000001b4e0000]
[error occurred during error reporting (printing stack bounds), id 0xc0000005]

Native frames: (J=compiled Java code, j=interpreted, Vv=VM code, C=native code)


Current CompileTask:
C2:   7905 4685       4       sun.security.ec.ECOperations::setDouble (559 bytes)


---------------  P R O C E S S  ---------------

Java Threads: ( => current thread )
  0x000000001c435000 JavaThread "HikariPool-1 connection adder" daemon [_thread_blocked, id=16844, stack(0x0000000023140000,0x0000000023240000)]
  0x000000001bc3f000 JavaThread "HikariPool-1 housekeeper" daemon [_thread_blocked, id=11268, stack(0x0000000023040000,0x0000000023140000)]
  0x000000001ba6a000 JavaThread "mysql-cj-abandoned-connection-cleanup" daemon [_thread_blocked, id=17604, stack(0x0000000021120000,0x0000000021220000)]
  0x000000001e301800 JavaThread "container-0" [_thread_blocked, id=7940, stack(0x0000000022840000,0x0000000022940000)]
  0x000000001ee7e800 JavaThread "Catalina-utility-2" [_thread_blocked, id=16672, stack(0x0000000022740000,0x0000000022840000)]
  0x000000001bb3a000 JavaThread "Catalina-utility-1" [_thread_blocked, id=17128, stack(0x000000001e5e0000,0x000000001e6e0000)]
  0x000000001add3000 JavaThread "Service Thread" daemon [_thread_blocked, id=17972, stack(0x000000001b7e0000,0x000000001b8e0000)]
  0x000000001ad2d800 JavaThread "C1 CompilerThread3" daemon [_thread_blocked, id=18176, stack(0x000000001b6e0000,0x000000001b7e0000)]
  0x000000001ad2b000 JavaThread "C2 CompilerThread2" daemon [_thread_in_native, id=14908, stack(0x000000001b5e0000,0x000000001b6e0000)]
  0x000000001ad26000 JavaThread "C2 CompilerThread1" daemon [_thread_in_native, id=16048, stack(0x000000001b4e0000,0x000000001b5e0000)]
=>0x000000001acda000 JavaThread "C2 CompilerThread0" daemon [_thread_in_native, id=10516, stack(0x000000001b3e0000,0x000000001b4e0000)]
  0x000000001ac86800 JavaThread "Monitor Ctrl-Break" daemon [_thread_in_native, id=17468, stack(0x000000001b2e0000,0x000000001b3e0000)]
  0x000000001a2c4800 JavaThread "Attach Listener" daemon [_thread_blocked, id=3792, stack(0x000000001a9e0000,0x000000001aae0000)]
  0x000000001a320800 JavaThread "Signal Dispatcher" daemon [_thread_blocked, id=2624, stack(0x000000001a8e0000,0x000000001a9e0000)]
  0x000000001a2a1800 JavaThread "Finalizer" daemon [_thread_blocked, id=10728, stack(0x000000001a780000,0x000000001a880000)]
  0x000000001a2a0800 JavaThread "Reference Handler" daemon [_thread_blocked, id=2424, stack(0x000000001a680000,0x000000001a780000)]
  0x00000000033a2800 JavaThread "main" [_thread_in_native, id=4628, stack(0x0000000002ea0000,0x0000000002fa0000)]

Other Threads:
  0x0000000018496800 VMThread [stack: 0x000000001a180000,0x000000001a280000] [id=8080]
  0x000000001ae1f000 WatcherThread [stack: 0x000000001b8e0000,0x000000001b9e0000] [id=6224]

VM state:not at safepoint (normal execution)

VM Mutex/Monitor currently owned by a thread:  ([mutex/lock_event])
[0x0000000002fae950] SystemDictionary_lock - owner thread: 0x0000000000000000

heap address: 0x0000000082600000, size: 2010 MB, Compressed Oops mode: 32-bit
Narrow klass base: 0x0000000000000000, Narrow klass shift: 3
Compressed class space size: 1073741824 Address: 0x0000000100000000

Heap:
 PSYoungGen      total 185344K, used 53971K [0x00000000d6200000, 0x00000000e2880000, 0x0000000100000000)
  eden space 174080K, 24% used [0x00000000d6200000,0x00000000d8bfbc68,0x00000000e0c00000)
  from space 11264K, 97% used [0x00000000e1d80000,0x00000000e2838fb8,0x00000000e2880000)
  to   space 13824K, 0% used [0x00000000e0d80000,0x00000000e0d80000,0x00000000e1b00000)
 ParOldGen       total 97280K, used 17434K [0x0000000082600000, 0x0000000088500000, 0x00000000d6200000)
  object space 97280K, 17% used [0x0000000082600000,0x0000000083706810,0x0000000088500000)
 Metaspace       used 45106K, capacity 46922K, committed 47192K, reserved 1089536K
  class space    used 5821K, capacity 6171K, committed 6272K, reserved 1048576K

Card table byte_map: [0x0000000012960000,0x0000000012d50000] byte_map_base: 0x000000001254d000

Marking Bits: (ParMarkBitMap*) 0x000000006c0cbe30
 Begin Bits: [0x00000000137f0000, 0x0000000015758000)
 End Bits:   [0x0000000015758000, 0x00000000176c0000)

Polling page: 0x0000000001090000

CodeCache: size=245760Kb used=15106Kb max_used=15120Kb free=230653Kb
 bounds [0x00000000035a0000, 0x0000000004480000, 0x00000000125a0000]
 total_blobs=4723 nmethods=4208 adapters=427
 compilation: enabled

Compilation events (10 events):
Event: 7.759 Thread 0x000000001ad26000 nmethod 4712 0x00000000044696d0 code [0x00000000044698e0, 0x000000000446a128]
Event: 7.759 Thread 0x000000001ad26000 4701   !   4       java.util.regex.Pattern::matcher (44 bytes)
Event: 7.766 Thread 0x000000001ad26000 nmethod 4701 0x000000000446dcd0 code [0x000000000446de40, 0x000000000446e298]
Event: 7.833 Thread 0x000000001ad26000 4713       4       sun.nio.cs.UTF_8$Decoder::decode (779 bytes)
Event: 7.874 Thread 0x000000001ad26000 nmethod 4713 0x0000000004471310 code [0x00000000044715e0, 0x0000000004472bc0]
Event: 7.874 Thread 0x000000001ad26000 4714       4       java.lang.ClassNotFoundException::<init> (7 bytes)
Event: 7.876 Thread 0x000000001ad26000 nmethod 4714 0x000000000446f790 code [0x000000000446f8e0, 0x000000000446fc48]
Event: 7.888 Thread 0x000000001ad2d800 4715       3       sun.reflect.annotation.AnnotationParser::contains (36 bytes)
Event: 7.888 Thread 0x000000001ad2d800 nmethod 4715 0x000000000446f2d0 code [0x000000000446f440, 0x000000000446f690]
Event: 7.904 Thread 0x000000001ad26000 4716       4       java.lang.ClassLoader::addClass (9 bytes)

GC Heap History (10 events):
Event: 3.821 GC heap before
{Heap before GC invocations=8 (full 1):
 PSYoungGen      total 102912K, used 102691K [0x00000000d6200000, 0x00000000def80000, 0x0000000100000000)
  eden space 97792K, 100% used [0x00000000d6200000,0x00000000dc180000,0x00000000dc180000)
  from space 5120K, 95% used [0x00000000dea80000,0x00000000def48f90,0x00000000def80000)
  to   space 8704K, 0% used [0x00000000dde80000,0x00000000dde80000,0x00000000de700000)
 ParOldGen       total 56832K, used 6399K [0x0000000082600000, 0x0000000085d80000, 0x00000000d6200000)
  object space 56832K, 11% used [0x0000000082600000,0x0000000082c3fc50,0x0000000085d80000)
 Metaspace       used 26917K, capacity 27936K, committed 28160K, reserved 1073152K
  class space    used 3474K, capacity 3716K, committed 3840K, reserved 1048576K
Event: 3.827 GC heap after
Heap after GC invocations=8 (full 1):
 PSYoungGen      total 136192K, used 6093K [0x00000000d6200000, 0x00000000dff00000, 0x0000000100000000)
  eden space 127488K, 0% used [0x00000000d6200000,0x00000000d6200000,0x00000000dde80000)
  from space 8704K, 70% used [0x00000000dde80000,0x00000000de473558,0x00000000de700000)
  to   space 8192K, 0% used [0x00000000df700000,0x00000000df700000,0x00000000dff00000)
 ParOldGen       total 56832K, used 6407K [0x0000000082600000, 0x0000000085d80000, 0x00000000d6200000)
  object space 56832K, 11% used [0x0000000082600000,0x0000000082c41c50,0x0000000085d80000)
 Metaspace       used 26917K, capacity 27936K, committed 28160K, reserved 1073152K
  class space    used 3474K, capacity 3716K, committed 3840K, reserved 1048576K
}
Event: 4.901 GC heap before
{Heap before GC invocations=9 (full 1):
 PSYoungGen      total 136192K, used 133581K [0x00000000d6200000, 0x00000000dff00000, 0x0000000100000000)
  eden space 127488K, 100% used [0x00000000d6200000,0x00000000dde80000,0x00000000dde80000)
  from space 8704K, 70% used [0x00000000dde80000,0x00000000de473558,0x00000000de700000)
  to   space 8192K, 0% used [0x00000000df700000,0x00000000df700000,0x00000000dff00000)
 ParOldGen       total 56832K, used 6407K [0x0000000082600000, 0x0000000085d80000, 0x00000000d6200000)
  object space 56832K, 11% used [0x0000000082600000,0x0000000082c41c50,0x0000000085d80000)
 Metaspace       used 32315K, capacity 33924K, committed 34048K, reserved 1079296K
  class space    used 4206K, capacity 4516K, committed 4608K, reserved 1048576K
Event: 4.911 GC heap after
Heap after GC invocations=9 (full 1):
 PSYoungGen      total 150016K, used 8160K [0x00000000d6200000, 0x00000000e2a80000, 0x0000000100000000)
  eden space 141824K, 0% used [0x00000000d6200000,0x00000000d6200000,0x00000000dec80000)
  from space 8192K, 99% used [0x00000000df700000,0x00000000dfef8338,0x00000000dff00000)
  to   space 10752K, 0% used [0x00000000dec80000,0x00000000dec80000,0x00000000df700000)
 ParOldGen       total 56832K, used 10548K [0x0000000082600000, 0x0000000085d80000, 0x00000000d6200000)
  object space 56832K, 18% used [0x0000000082600000,0x000000008304d288,0x0000000085d80000)
 Metaspace       used 32315K, capacity 33924K, committed 34048K, reserved 1079296K
  class space    used 4206K, capacity 4516K, committed 4608K, reserved 1048576K
}
Event: 5.535 GC heap before
{Heap before GC invocations=10 (full 1):
 PSYoungGen      total 150016K, used 28108K [0x00000000d6200000, 0x00000000e2a80000, 0x0000000100000000)
  eden space 141824K, 14% used [0x00000000d6200000,0x00000000d757ae80,0x00000000dec80000)
  from space 8192K, 99% used [0x00000000df700000,0x00000000dfef8338,0x00000000dff00000)
  to   space 10752K, 0% used [0x00000000dec80000,0x00000000dec80000,0x00000000df700000)
 ParOldGen       total 56832K, used 10548K [0x0000000082600000, 0x0000000085d80000, 0x00000000d6200000)
  object space 56832K, 18% used [0x0000000082600000,0x000000008304d288,0x0000000085d80000)
 Metaspace       used 33823K, capacity 35388K, committed 35416K, reserved 1079296K
  class space    used 4411K, capacity 4718K, committed 4736K, reserved 1048576K
Event: 5.543 GC heap after
Heap after GC invocations=10 (full 1):
 PSYoungGen      total 152576K, used 10726K [0x00000000d6200000, 0x00000000e2a00000, 0x0000000100000000)
  eden space 141824K, 0% used [0x00000000d6200000,0x00000000d6200000,0x00000000dec80000)
  from space 10752K, 99% used [0x00000000dec80000,0x00000000df6f9828,0x00000000df700000)
  to   space 12800K, 0% used [0x00000000e1d80000,0x00000000e1d80000,0x00000000e2a00000)
 ParOldGen       total 56832K, used 12092K [0x0000000082600000, 0x0000000085d80000, 0x00000000d6200000)
  object space 56832K, 21% used [0x0000000082600000,0x00000000831cf220,0x0000000085d80000)
 Metaspace       used 33823K, capacity 35388K, committed 35416K, reserved 1079296K
  class space    used 4411K, capacity 4718K, committed 4736K, reserved 1048576K
}
Event: 5.543 GC heap before
{Heap before GC invocations=11 (full 2):
 PSYoungGen      total 152576K, used 10726K [0x00000000d6200000, 0x00000000e2a00000, 0x0000000100000000)
  eden space 141824K, 0% used [0x00000000d6200000,0x00000000d6200000,0x00000000dec80000)
  from space 10752K, 99% used [0x00000000dec80000,0x00000000df6f9828,0x00000000df700000)
  to   space 12800K, 0% used [0x00000000e1d80000,0x00000000e1d80000,0x00000000e2a00000)
 ParOldGen       total 56832K, used 12092K [0x0000000082600000, 0x0000000085d80000, 0x00000000d6200000)
  object space 56832K, 21% used [0x0000000082600000,0x00000000831cf220,0x0000000085d80000)
 Metaspace       used 33823K, capacity 35388K, committed 35416K, reserved 1079296K
  class space    used 4411K, capacity 4718K, committed 4736K, reserved 1048576K
Event: 5.620 GC heap after
Heap after GC invocations=11 (full 2):
 PSYoungGen      total 152576K, used 0K [0x00000000d6200000, 0x00000000e2a00000, 0x0000000100000000)
  eden space 141824K, 0% used [0x00000000d6200000,0x00000000d6200000,0x00000000dec80000)
  from space 10752K, 0% used [0x00000000dec80000,0x00000000dec80000,0x00000000df700000)
  to   space 12800K, 0% used [0x00000000e1d80000,0x00000000e1d80000,0x00000000e2a00000)
 ParOldGen       total 97280K, used 17426K [0x0000000082600000, 0x0000000088500000, 0x00000000d6200000)
  object space 97280K, 17% used [0x0000000082600000,0x0000000083704810,0x0000000088500000)
 Metaspace       used 33823K, capacity 35388K, committed 35416K, reserved 1079296K
  class space    used 4411K, capacity 4718K, committed 4736K, reserved 1048576K
}
Event: 7.504 GC heap before
{Heap before GC invocations=12 (full 2):
 PSYoungGen      total 152576K, used 141824K [0x00000000d6200000, 0x00000000e2a00000, 0x0000000100000000)
  eden space 141824K, 100% used [0x00000000d6200000,0x00000000dec80000,0x00000000dec80000)
  from space 10752K, 0% used [0x00000000dec80000,0x00000000dec80000,0x00000000df700000)
  to   space 12800K, 0% used [0x00000000e1d80000,0x00000000e1d80000,0x00000000e2a00000)
 ParOldGen       total 97280K, used 17426K [0x0000000082600000, 0x0000000088500000, 0x00000000d6200000)
  object space 97280K, 17% used [0x0000000082600000,0x0000000083704810,0x0000000088500000)
 Metaspace       used 42715K, capacity 44446K, committed 44632K, reserved 1087488K
  class space    used 5388K, capacity 5715K, committed 5760K, reserved 1048576K
Event: 7.516 GC heap after
Heap after GC invocations=12 (full 2):
 PSYoungGen      total 185344K, used 10979K [0x00000000d6200000, 0x00000000e2880000, 0x0000000100000000)
  eden space 174080K, 0% used [0x00000000d6200000,0x00000000d6200000,0x00000000e0c00000)
  from space 11264K, 97% used [0x00000000e1d80000,0x00000000e2838fb8,0x00000000e2880000)
  to   space 13824K, 0% used [0x00000000e0d80000,0x00000000e0d80000,0x00000000e1b00000)
 ParOldGen       total 97280K, used 17434K [0x0000000082600000, 0x0000000088500000, 0x00000000d6200000)
  object space 97280K, 17% used [0x0000000082600000,0x0000000083706810,0x0000000088500000)
 Metaspace       used 42715K, capacity 44446K, committed 44632K, reserved 1087488K
  class space    used 5388K, capacity 5715K, committed 5760K, reserved 1048576K
}

Deoptimization events (10 events):
Event: 7.388 Thread 0x00000000033a2800 Uncommon trap: reason=unstable_if action=reinterpret pc=0x00000000038ba2c4 method=sun.nio.cs.UTF_8$Decoder.decode([BII[C)I @ 30
Event: 7.388 Thread 0x00000000033a2800 Uncommon trap: reason=unstable_if action=reinterpret pc=0x00000000043548cc method=java.lang.StringCoding.safeTrim([CILjava/nio/charset/Charset;Z)[C @ 3
Event: 7.410 Thread 0x00000000033a2800 Uncommon trap: reason=null_check action=make_not_entrant pc=0x000000000406f9d8 method=org.springframework.core.annotation.AnnotatedElementUtils.searchWithFindSemantics(Ljava/lang/reflect/AnnotatedElement;Ljava/util/Set;Ljava/lang/String;Ljava/lang/Class;L
Event: 7.531 Thread 0x000000001c435000 Uncommon trap: reason=predicate action=maybe_recompile pc=0x00000000036c19d0 method=java.util.regex.Pattern$SliceI.match(Ljava/util/regex/Matcher;ILjava/lang/CharSequence;)Z @ 21
Event: 7.552 Thread 0x000000001c435000 Uncommon trap: reason=bimorphic action=maybe_recompile pc=0x0000000003b0d934 method=java.util.Hashtable.get(Ljava/lang/Object;)Ljava/lang/Object; @ 6
Event: 7.556 Thread 0x000000001c435000 Uncommon trap: reason=unstable_if action=reinterpret pc=0x0000000004369788 method=java.lang.StringCoding.safeTrim([CILjava/nio/charset/Charset;Z)[C @ 3
Event: 7.855 Thread 0x00000000033a2800 Uncommon trap: reason=bimorphic action=maybe_recompile pc=0x0000000003ae2c3c method=java.util.AbstractList$Itr.next()Ljava/lang/Object; @ 14
Event: 7.858 Thread 0x00000000033a2800 Uncommon trap: reason=bimorphic action=maybe_recompile pc=0x0000000003ae2c3c method=java.util.AbstractList$Itr.next()Ljava/lang/Object; @ 14
Event: 7.858 Thread 0x00000000033a2800 Uncommon trap: reason=bimorphic action=maybe_recompile pc=0x0000000003ae2c3c method=java.util.AbstractList$Itr.next()Ljava/lang/Object; @ 14
Event: 7.858 Thread 0x00000000033a2800 Uncommon trap: reason=bimorphic action=maybe_recompile pc=0x0000000003ae2c3c method=java.util.AbstractList$Itr.next()Ljava/lang/Object; @ 14

Classes redefined (0 events):
No events

Internal exceptions (10 events):
Event: 6.259 Thread 0x00000000033a2800 Exception <a 'java/lang/NullPointerException'> (0x00000000dbe275a8) thrown at [C:\ade\jenkins\workspace\8-2-build-windows-amd64-cygwin\jdk8u241\331\hotspot\src\share\vm\runtime\sharedRuntime.cpp, line 605]
Event: 6.259 Thread 0x00000000033a2800 Implicit null exception at 0x0000000003c8f60d to 0x0000000003c8fb7c
Event: 6.259 Thread 0x00000000033a2800 Exception <a 'java/lang/NullPointerException'> (0x00000000dbe28558) thrown at [C:\ade\jenkins\workspace\8-2-build-windows-amd64-cygwin\jdk8u241\331\hotspot\src\share\vm\runtime\sharedRuntime.cpp, line 605]
Event: 6.259 Thread 0x00000000033a2800 Implicit null exception at 0x0000000003c8f60d to 0x0000000003c8fb7c
Event: 6.259 Thread 0x00000000033a2800 Exception <a 'java/lang/NullPointerException'> (0x00000000dbe29518) thrown at [C:\ade\jenkins\workspace\8-2-build-windows-amd64-cygwin\jdk8u241\331\hotspot\src\share\vm\runtime\sharedRuntime.cpp, line 605]
Event: 6.259 Thread 0x00000000033a2800 Implicit null exception at 0x0000000003c8f60d to 0x0000000003c8fb7c
Event: 6.259 Thread 0x00000000033a2800 Exception <a 'java/lang/NullPointerException'> (0x00000000dbe2a4d8) thrown at [C:\ade\jenkins\workspace\8-2-build-windows-amd64-cygwin\jdk8u241\331\hotspot\src\share\vm\runtime\sharedRuntime.cpp, line 605]
Event: 6.260 Thread 0x00000000033a2800 Implicit null exception at 0x0000000003c8f60d to 0x0000000003c8fb7c
Event: 6.260 Thread 0x00000000033a2800 Exception <a 'java/lang/NullPointerException'> (0x00000000dbe2b500) thrown at [C:\ade\jenkins\workspace\8-2-build-windows-amd64-cygwin\jdk8u241\331\hotspot\src\share\vm\runtime\sharedRuntime.cpp, line 605]
Event: 7.410 Thread 0x00000000033a2800 Implicit null exception at 0x000000000406922d to 0x000000000406f999

Events (10 events):
Event: 7.902 loading class net/bytebuddy/description/method/ParameterDescription$ForLoadedParameter$OfMethod
Event: 7.902 loading class net/bytebuddy/description/method/ParameterDescription$ForLoadedParameter$OfMethod done
Event: 7.903 loading class net/bytebuddy/description/method/ParameterDescription$ForLoadedParameter
Event: 7.903 loading class net/bytebuddy/description/method/ParameterDescription$ForLoadedParameter done
Event: 7.903 loading class net/bytebuddy/description/method/ParameterDescription$InDefinedShape$AbstractBase
Event: 7.903 loading class net/bytebuddy/description/method/ParameterDescription$InDefinedShape$AbstractBase done
Event: 7.903 loading class net/bytebuddy/description/method/ParameterDescription$AbstractBase
Event: 7.903 loading class net/bytebuddy/description/method/ParameterDescription$AbstractBase done
Event: 7.905 loading class net/bytebuddy/description/method/ParameterDescription$ForLoadedParameter$Dispatcher$CreationAction
Event: 7.905 loading class net/bytebuddy/description/method/ParameterDescription$ForLoadedParameter$Dispatcher$CreationAction done


Dynamic libraries:
0x00007ff658cc0000 - 0x00007ff658cf7000 	D:\Java\jdk1.8.0_241\bin\java.exe
0x00007ff812340000 - 0x00007ff812530000 	C:\Windows\SYSTEM32\ntdll.dll
0x00007ff811d50000 - 0x00007ff811e02000 	C:\Windows\System32\KERNEL32.DLL
0x00007ff80f7e0000 - 0x00007ff80fa85000 	C:\Windows\System32\KERNELBASE.dll
0x00007ff812250000 - 0x00007ff8122f3000 	C:\Windows\System32\ADVAPI32.dll
0x00007ff8118d0000 - 0x00007ff81196e000 	C:\Windows\System32\msvcrt.dll
0x00007ff811820000 - 0x00007ff8118b7000 	C:\Windows\System32\sechost.dll
0x00007ff810f40000 - 0x00007ff811060000 	C:\Windows\System32\RPCRT4.dll
0x00007ff8120b0000 - 0x00007ff812244000 	C:\Windows\System32\USER32.dll
0x00007ff80f7b0000 - 0x00007ff80f7d1000 	C:\Windows\System32\win32u.dll
0x00007ff811370000 - 0x00007ff811396000 	C:\Windows\System32\GDI32.dll
0x00007ff80f610000 - 0x00007ff80f7a6000 	C:\Windows\System32\gdi32full.dll
0x00007ff80f490000 - 0x00007ff80f52e000 	C:\Windows\System32\msvcp_win.dll
0x00007ff80f2b0000 - 0x00007ff80f3aa000 	C:\Windows\System32\ucrtbase.dll
0x00007fffeaf10000 - 0x00007fffeb194000 	C:\Windows\WinSxS\amd64_microsoft.windows.common-controls_6595b64144ccf1df_6.0.18362.1256_none_9e7e379be45e40e2\COMCTL32.dll
0x00007ff8119a0000 - 0x00007ff811cd6000 	C:\Windows\System32\combase.dll
0x00007ff80f400000 - 0x00007ff80f481000 	C:\Windows\System32\bcryptPrimitives.dll
0x00007ff811970000 - 0x00007ff81199e000 	C:\Windows\System32\IMM32.DLL
0x000000006c150000 - 0x000000006c222000 	D:\Java\jdk1.8.0_241\jre\bin\msvcr100.dll
0x000000006b8a0000 - 0x000000006c14c000 	D:\Java\jdk1.8.0_241\jre\bin\server\jvm.dll
0x00007ff8118c0000 - 0x00007ff8118c8000 	C:\Windows\System32\PSAPI.DLL
0x00007ff80b620000 - 0x00007ff80b629000 	C:\Windows\SYSTEM32\WSOCK32.dll
0x00007ff80da20000 - 0x00007ff80da44000 	C:\Windows\SYSTEM32\WINMM.dll
0x00007ff811ce0000 - 0x00007ff811d4f000 	C:\Windows\System32\WS2_32.dll
0x00007ff80ef70000 - 0x00007ff80ef7a000 	C:\Windows\SYSTEM32\VERSION.dll
0x00007ff80c9f0000 - 0x00007ff80ca1d000 	C:\Windows\SYSTEM32\winmmbase.dll
0x00007ff80f3b0000 - 0x00007ff80f3fa000 	C:\Windows\System32\cfgmgr32.dll
0x00007ffff5c50000 - 0x00007ffff5c5f000 	D:\Java\jdk1.8.0_241\jre\bin\verify.dll
0x00007fffd2470000 - 0x00007fffd2499000 	D:\Java\jdk1.8.0_241\jre\bin\java.dll
0x00007fffe7340000 - 0x00007fffe7363000 	D:\Java\jdk1.8.0_241\jre\bin\instrument.dll
0x00007fffd7810000 - 0x00007fffd7826000 	D:\Java\jdk1.8.0_241\jre\bin\zip.dll
0x00007ff810520000 - 0x00007ff810c07000 	C:\Windows\System32\SHELL32.dll
0x00007ff810dc0000 - 0x00007ff810e69000 	C:\Windows\System32\shcore.dll
0x00007ff80fa90000 - 0x00007ff810211000 	C:\Windows\System32\windows.storage.dll
0x00007ff80f280000 - 0x00007ff80f2a3000 	C:\Windows\System32\profapi.dll
0x00007ff80f210000 - 0x00007ff80f25a000 	C:\Windows\System32\powrprof.dll
0x00007ff80f1e0000 - 0x00007ff80f1f0000 	C:\Windows\System32\UMPDC.dll
0x00007ff811130000 - 0x00007ff811182000 	C:\Windows\System32\shlwapi.dll
0x00007ff80f1f0000 - 0x00007ff80f201000 	C:\Windows\System32\kernel.appcore.dll
0x00007ff8103d0000 - 0x00007ff8103e7000 	C:\Windows\System32\cryptsp.dll
0x00007ff80b6b0000 - 0x00007ff80b6ca000 	D:\Program Files\JetBrains\IntelliJ IDEA Community Edition 2020.2.3\bin\breakgen64.dll
0x00007fffd0c40000 - 0x00007fffd0c5a000 	D:\Java\jdk1.8.0_241\jre\bin\net.dll
0x00007ff80e9b0000 - 0x00007ff80ea17000 	C:\Windows\system32\mswsock.dll
0x00007ff80e6d0000 - 0x00007ff80e70a000 	C:\Windows\SYSTEM32\IPHLPAPI.DLL
0x00007ff812020000 - 0x00007ff812028000 	C:\Windows\System32\NSI.dll
0x00007ff801630000 - 0x00007ff801646000 	C:\Windows\SYSTEM32\dhcpcsvc6.DLL
0x00007ff801610000 - 0x00007ff80162c000 	C:\Windows\SYSTEM32\dhcpcsvc.DLL
0x00007ff80e710000 - 0x00007ff80e7db000 	C:\Windows\SYSTEM32\DNSAPI.dll
0x00007ffff5c20000 - 0x00007ffff5c2d000 	D:\Java\jdk1.8.0_241\jre\bin\management.dll
0x00007fffd0a00000 - 0x00007fffd0a12000 	D:\Java\jdk1.8.0_241\jre\bin\nio.dll
0x00007ff8000c0000 - 0x00007ff80010b000 	C:\Program Files (x86)\Sangfor\SSL\ClientComponent\SangforNspX64.dll
0x00007ff811210000 - 0x00007ff811367000 	C:\Windows\System32\ole32.dll
0x00007ff811060000 - 0x00007ff811125000 	C:\Windows\System32\OLEAUT32.dll
0x0000000063560000 - 0x0000000063569000 	C:\Program Files\National Instruments\Shared\mDNS Responder\nimdnsNSP.dll
0x0000000063550000 - 0x000000006355e000 	C:\Windows\SYSTEM32\nimdnsResponder.dll
0x000000006d560000 - 0x000000006d603000 	C:\Windows\WinSxS\amd64_microsoft.vc90.crt_1fc8b3b9a1e18e3b_9.0.30729.9619_none_08e065a3a84109b0\MSVCR90.dll
0x00007ff802080000 - 0x00007ff80208a000 	C:\Windows\System32\rasadhlp.dll
0x00007ff801d10000 - 0x00007ff801d87000 	C:\Windows\System32\fwpuclnt.dll
0x00007ff80f5e0000 - 0x00007ff80f606000 	C:\Windows\System32\bcrypt.dll
0x00007fffe0180000 - 0x00007fffe0196000 	C:\Windows\system32\napinsp.dll
0x00007fffe0160000 - 0x00007fffe017a000 	C:\Windows\system32\pnrpnsp.dll
0x00007fffe4c30000 - 0x00007fffe4c3e000 	C:\Windows\System32\winrnr.dll
0x00007ff80b570000 - 0x00007ff80b58c000 	C:\Windows\system32\NLAapi.dll
0x00007ff808700000 - 0x00007ff808715000 	C:\Windows\system32\wshbth.dll
0x00007ff80e4b0000 - 0x00007ff80e4e3000 	C:\Windows\system32\rsaenh.dll
0x00007ff80f0c0000 - 0x00007ff80f0e5000 	C:\Windows\SYSTEM32\USERENV.dll
0x00007ff80eb90000 - 0x00007ff80eb9c000 	C:\Windows\SYSTEM32\CRYPTBASE.dll
0x00007fffd1050000 - 0x00007fffd1074000 	D:\Java\jdk1.8.0_241\jre\bin\sunec.dll
0x00007ff802190000 - 0x00007ff80219b000 	D:\Java\jdk1.8.0_241\jre\bin\sunmscapi.dll
0x00007ff810280000 - 0x00007ff8103c9000 	C:\Windows\System32\CRYPT32.dll
0x00007ff80f260000 - 0x00007ff80f272000 	C:\Windows\System32\MSASN1.dll

VM Arguments:
jvm_args: -javaagent:D:\Program Files\JetBrains\IntelliJ IDEA Community Edition 2020.2.3\lib\idea_rt.jar=63918:D:\Program Files\JetBrains\IntelliJ IDEA Community Edition 2020.2.3\bin -Dfile.encoding=UTF-8 
java_command: king.mainpartapplication
java_class_path (initial): D:\Java\jdk1.8.0_241\jre\lib\charsets.jar;D:\Java\jdk1.8.0_241\jre\lib\deploy.jar;D:\Java\jdk1.8.0_241\jre\lib\ext\access-bridge-64.jar;D:\Java\jdk1.8.0_241\jre\lib\ext\cldrdata.jar;D:\Java\jdk1.8.0_241\jre\lib\ext\dnsns.jar;D:\Java\jdk1.8.0_241\jre\lib\ext\jaccess.jar;D:\Java\jdk1.8.0_241\jre\lib\ext\jfxrt.jar;D:\Java\jdk1.8.0_241\jre\lib\ext\localedata.jar;D:\Java\jdk1.8.0_241\jre\lib\ext\nashorn.jar;D:\Java\jdk1.8.0_241\jre\lib\ext\sunec.jar;D:\Java\jdk1.8.0_241\jre\lib\ext\sunjce_provider.jar;D:\Java\jdk1.8.0_241\jre\lib\ext\sunmscapi.jar;D:\Java\jdk1.8.0_241\jre\lib\ext\sunpkcs11.jar;D:\Java\jdk1.8.0_241\jre\lib\ext\zipfs.jar;D:\Java\jdk1.8.0_241\jre\lib\javaws.jar;D:\Java\jdk1.8.0_241\jre\lib\jce.jar;D:\Java\jdk1.8.0_241\jre\lib\jfr.jar;D:\Java\jdk1.8.0_241\jre\lib\jfxswt.jar;D:\Java\jdk1.8.0_241\jre\lib\jsse.jar;D:\Java\jdk1.8.0_241\jre\lib\management-agent.jar;D:\Java\jdk1.8.0_241\jre\lib\plugin.jar;D:\Java\jdk1.8.0_241\jre\lib\resources.jar;D:\Java\jdk1.8.0_241\jre\lib\rt.jar;D:\temp\AcademicPlatform_Backend-master\Schlor-mainpart\target\classes;D:\temp\AcademicPlatform_Backend-master\common\target\classes;D:\maven\maven_Resporty\org\springframework\boot\spring-boot-starter-web\2.1.3.RELEASE\spring-boot-starter-web-2.1.3.RELEASE.jar;D:\maven\maven_Resporty\org\springframework\boot\spring-boot-starter-json\2.1.3.RELEASE\spring-boot-starter-json-2.1.3.RELEASE.jar;D:\maven\maven_Resporty\com\fasterxml\jackson\core\jackson-databind\2.9.8\jackson-databind-2.9.8.jar;D:\maven\maven_Resporty\com\fasterxml\jackson\datatype\jackson-datatype-jdk8\2.9.8\jackson-datatype-jdk8-2.9.8.jar;D:\maven\maven_Resporty\com\fasterxml\jackson\datatype\jackson-datatype-jsr310\2.9.8\jackson-datatype-jsr310-2.9.8.jar;D:\maven\maven_Resporty\com\fasterxml\jackson\module\jackson-module-parameter-names\2.9.8\jackson-module-parameter-names-2.9.8.jar;D:\maven\maven_Resporty\org\hibernate\validator\hibernate-validator\6.0.14.Final\hibernate-validator-6.0.14.Fina
Launcher Type: SUN_STANDARD

Environment Variables:
JAVA_HOME=D:\Java\jdk1.8.0_241
PATH=C:\Program Files\Microsoft MPI\Bin\;D:\Java\jdk1.8.0_241\bin;C:\Program Files (x86)\Common Files\Oracle\Java\javapath;C:\Windows\system32;C:\Windows;C:\Windows\System32\Wbem;C:\Windows\System32\WindowsPowerShell\v1.0\;C:\Windows\System32\OpenSSH\;C:\Program Files\Microsoft SQL Server\130\Tools\Binn\;C:\Program Files\Microsoft SQL Server\Client SDK\ODBC\170\Tools\Binn\;C:\Program Files (x86)\Microsoft SQL Server\150\Tools\Binn\;C:\Program Files\Microsoft SQL Server\150\Tools\Binn\;C:\Program Files\Microsoft SQL Server\150\DTS\Binn\;C:\Program Files (x86)\Microsoft SQL Server\150\DTS\Binn\;C:\Program Files\nodejs\;C:\Gradle\gradle-6.7\bin;D:\spring-2.3.6.RELEASE\bin;D:\Program Files (x86)\NetSarang\Xshell 7\;C:\Program Files\MySQL\MySQL Shell 8.0\bin\;C:\Users\lenovo\AppData\Local\Programs\Python\Python37\Scripts\;C:\Users\lenovo\AppData\Local\Programs\Python\Python37\;C:\Users\lenovo\AppData\Local\Microsoft\WindowsApps;D:\IntelliJ IDEA 2019.3.3\bin;C:\Users\lenovo\AppData\Local\GitHubDesktop\bin;C:\Users\lenovo\AppData\Roaming\npm;D:\Microsoft VS Code\bin;C:\Gradle\gradle-6.7\bin;D:\Program Files\JetBrains\IntelliJ IDEA Community Edition 2020.2.3\bin;;C:\apache-maven-3.6.3-bin\apache-maven-3.6.3\bin;
USERNAME=lenovo
OS=Windows_NT
PROCESSOR_IDENTIFIER=Intel64 Family 6 Model 142 Stepping 10, GenuineIntel



---------------  S Y S T E M  ---------------

OS: Windows 10.0 , 64 bit Build 18362 (10.0.18362.1110)

CPU:total 8 (initial active 8) (4 cores per cpu, 2 threads per core) family 6 model 142 stepping 10, cmov, cx8, fxsr, mmx, sse, sse2, sse3, ssse3, sse4.1, sse4.2, popcnt, avx, avx2, aes, clmul, erms, 3dnowpref, lzcnt, ht, tsc, tscinvbit, bmi1, bmi2, adx

Memory: 4k page, physical 8227540k(1301916k free), swap 14288796k(5348k free)

vm_info: Java HotSpot(TM) 64-Bit Server VM (25.241-b07) for windows-amd64 JRE (1.8.0_241-b07), built on Dec 11 2019 10:21:40 by "rejava" with MS VC++ 10.0 (VS2010)

time: Tue Dec 22 01:21:53 2020
timezone: 中国标准时间
elapsed time: 7 seconds (0d 0h 0m 7s)

