#
# There is insufficient memory for the Java Runtime Environment to continue.
# Native memory allocation (malloc) failed to allocate 814928 bytes for Chunk::new
# Possible reasons:
#   The system is out of physical RAM or swap space
#   The process is running with CompressedOops enabled, and the Java Heap may be blocking the growth of the native heap
# Possible solutions:
#   Reduce memory load on the system
#   Increase physical memory or swap space
#   Check if swap backing store is full
#   Decrease Java heap size (-Xmx/-Xms)
#   Decrease number of Java threads
#   Decrease Java thread stack sizes (-Xss)
#   Set larger code cache with -XX:ReservedCodeCacheSize=
#   JVM is running with Unscaled Compressed Oops mode in which the Java heap is
#     placed in the first 4GB address space. The Java Heap base address is the
#     maximum limit for the native heap growth. Please use -XX:HeapBaseMinAddress
#     to set the Java Heap base and to place the Java Heap above 4GB virtual address.
# This output file may be truncated or incomplete.
#
#  Out of Memory Error (allocation.cpp:389), pid=17428, tid=0x0000000000003f50
#
# JRE version: Java(TM) SE Runtime Environment (8.0_241-b07) (build 1.8.0_241-b07)
# Java VM: Java HotSpot(TM) 64-Bit Server VM (25.241-b07 mixed mode windows-amd64 compressed oops)
# Failed to write core dump. Minidumps are not enabled by default on client versions of Windows
#

---------------  T H R E A D  ---------------

Current thread (0x000000001ae14000):  JavaThread "C2 CompilerThread0" daemon [_thread_in_native, id=16208, stack(0x000000001b4e0000,0x000000001b5e0000)]

Stack: [0x000000001b4e0000,0x000000001b5e0000]
[error occurred during error reporting (printing stack bounds), id 0xc0000005]

Native frames: (J=compiled Java code, j=interpreted, Vv=VM code, C=native code)


Current CompileTask:
C2:   6397 3904       4       org.springframework.boot.context.properties.source.SpringConfigurationPropertySources$SourcesIterator::fetchNext (138 bytes)


---------------  P R O C E S S  ---------------

Java Threads: ( => current thread )
  0x000000001c5d1800 JavaThread "mysql-cj-abandoned-connection-cleanup" daemon [_thread_blocked, id=12848, stack(0x0000000021bc0000,0x0000000021cc0000)]
  0x00000000209d6800 JavaThread "container-0" [_thread_blocked, id=18076, stack(0x00000000218c0000,0x00000000219c0000)]
  0x000000001c753000 JavaThread "Catalina-utility-2" [_thread_blocked, id=14256, stack(0x0000000021310000,0x0000000021410000)]
  0x000000001c7f2000 JavaThread "Catalina-utility-1" [_thread_blocked, id=17236, stack(0x000000001ebb0000,0x000000001ecb0000)]
  0x000000001aeac800 JavaThread "Service Thread" daemon [_thread_blocked, id=8280, stack(0x000000001b8e0000,0x000000001b9e0000)]
  0x000000001ae1d000 JavaThread "C1 CompilerThread3" daemon [_thread_blocked, id=17660, stack(0x000000001b7e0000,0x000000001b8e0000)]
  0x000000001ae1a800 JavaThread "C2 CompilerThread2" daemon [_thread_in_native, id=14404, stack(0x000000001b6e0000,0x000000001b7e0000)]
  0x000000001ae15800 JavaThread "C2 CompilerThread1" daemon [_thread_in_native, id=5304, stack(0x000000001b5e0000,0x000000001b6e0000)]
=>0x000000001ae14000 JavaThread "C2 CompilerThread0" daemon [_thread_in_native, id=16208, stack(0x000000001b4e0000,0x000000001b5e0000)]
  0x000000001ae10800 JavaThread "Monitor Ctrl-Break" daemon [_thread_in_native, id=17860, stack(0x000000001b3e0000,0x000000001b4e0000)]
  0x000000001859c000 JavaThread "Attach Listener" daemon [_thread_blocked, id=7136, stack(0x000000001aad0000,0x000000001abd0000)]
  0x000000001a408800 JavaThread "Signal Dispatcher" daemon [_thread_blocked, id=4460, stack(0x000000001a9d0000,0x000000001aad0000)]
  0x000000001a391000 JavaThread "Finalizer" daemon [_thread_blocked, id=3572, stack(0x000000001a870000,0x000000001a970000)]
  0x000000001858d800 JavaThread "Reference Handler" daemon [_thread_blocked, id=1536, stack(0x000000001a770000,0x000000001a870000)]
  0x0000000003462800 JavaThread "main" [_thread_in_vm, id=18280, stack(0x0000000003360000,0x0000000003460000)]

Other Threads:
  0x0000000018585800 VMThread [stack: 0x000000001a270000,0x000000001a370000] [id=16140]
  0x000000001af58800 WatcherThread [stack: 0x000000001b9e0000,0x000000001bae0000] [id=16724]

VM state:not at safepoint (normal execution)

VM Mutex/Monitor currently owned by a thread: None

heap address: 0x0000000082600000, size: 2010 MB, Compressed Oops mode: 32-bit
Narrow klass base: 0x0000000000000000, Narrow klass shift: 3
Compressed class space size: 1073741824 Address: 0x0000000100000000

Heap:
 PSYoungGen      total 136192K, used 107579K [0x00000000d6200000, 0x00000000e1880000, 0x0000000100000000)
  eden space 127488K, 84% used [0x00000000d6200000,0x00000000dcb0ed88,0x00000000dde80000)
  from space 8704K, 0% used [0x00000000dde80000,0x00000000dde80000,0x00000000de700000)
  to   space 12800K, 0% used [0x00000000e0c00000,0x00000000e0c00000,0x00000000e1880000)
 ParOldGen       total 96256K, used 16951K [0x0000000082600000, 0x0000000088400000, 0x00000000d6200000)
  object space 96256K, 17% used [0x0000000082600000,0x000000008368df10,0x0000000088400000)
 Metaspace       used 38256K, capacity 39954K, committed 40104K, reserved 1083392K
  class space    used 4914K, capacity 5239K, committed 5288K, reserved 1048576K

Card table byte_map: [0x0000000012a20000,0x0000000012e10000] byte_map_base: 0x000000001260d000

Marking Bits: (ParMarkBitMap*) 0x000000006c0cbe30
 Begin Bits: [0x00000000138b0000, 0x0000000015818000)
 End Bits:   [0x0000000015818000, 0x0000000017780000)

Polling page: 0x0000000000df0000

CodeCache: size=245760Kb used=13952Kb max_used=14610Kb free=231807Kb
 bounds [0x0000000003660000, 0x00000000044c0000, 0x0000000012660000]
 total_blobs=4188 nmethods=3728 adapters=372
 compilation: enabled

Compilation events (10 events):
Event: 6.384 Thread 0x000000001ae1d000 4034       1       com.mysql.cj.conf.AbstractPropertyDefinition::getPropertyKey (5 bytes)
Event: 6.384 Thread 0x000000001ae1d000 nmethod 4034 0x00000000039d7310 code [0x00000000039d7460, 0x00000000039d7570]
Event: 6.389 Thread 0x000000001ae1d000 4035       1       com.mysql.cj.conf.AbstractPropertyDefinition::getDefaultValue (5 bytes)
Event: 6.389 Thread 0x000000001ae1d000 nmethod 4035 0x0000000003e830d0 code [0x0000000003e83220, 0x0000000003e83330]
Event: 6.389 Thread 0x000000001ae1d000 4036       1       com.mysql.cj.conf.AbstractRuntimeProperty::getPropertyDefinition (5 bytes)
Event: 6.389 Thread 0x000000001ae1d000 nmethod 4036 0x0000000003e82e10 code [0x0000000003e82f60, 0x0000000003e83070]
Event: 6.390 Thread 0x000000001ae1d000 4037       1       com.mysql.cj.conf.AbstractPropertyDefinition::getName (5 bytes)
Event: 6.390 Thread 0x000000001ae1d000 nmethod 4037 0x00000000037d1b90 code [0x00000000037d1ce0, 0x00000000037d1df0]
Event: 6.390 Thread 0x000000001ae1d000 4038       1       com.mysql.cj.conf.AbstractPropertyDefinition::getCcAlias (5 bytes)
Event: 6.390 Thread 0x000000001ae1d000 nmethod 4038 0x00000000037d18d0 code [0x00000000037d1a20, 0x00000000037d1b30]

GC Heap History (10 events):
Event: 3.351 GC heap before
{Heap before GC invocations=7 (full 1):
 PSYoungGen      total 70656K, used 65536K [0x00000000d6200000, 0x00000000df300000, 0x0000000100000000)
  eden space 65536K, 100% used [0x00000000d6200000,0x00000000da200000,0x00000000da200000)
  from space 5120K, 0% used [0x00000000da200000,0x00000000da200000,0x00000000da700000)
  to   space 8704K, 0% used [0x00000000dea80000,0x00000000dea80000,0x00000000df300000)
 ParOldGen       total 57344K, used 6376K [0x0000000082600000, 0x0000000085e00000, 0x00000000d6200000)
  object space 57344K, 11% used [0x0000000082600000,0x0000000082c3a2e0,0x0000000085e00000)
 Metaspace       used 24864K, capacity 25748K, committed 26032K, reserved 1071104K
  class space    used 3221K, capacity 3450K, committed 3504K, reserved 1048576K
Event: 3.356 GC heap after
Heap after GC invocations=7 (full 1):
 PSYoungGen      total 102912K, used 5010K [0x00000000d6200000, 0x00000000def80000, 0x0000000100000000)
  eden space 97792K, 0% used [0x00000000d6200000,0x00000000d6200000,0x00000000dc180000)
  from space 5120K, 97% used [0x00000000dea80000,0x00000000def64af8,0x00000000def80000)
  to   space 8704K, 0% used [0x00000000dde80000,0x00000000dde80000,0x00000000de700000)
 ParOldGen       total 57344K, used 6384K [0x0000000082600000, 0x0000000085e00000, 0x00000000d6200000)
  object space 57344K, 11% used [0x0000000082600000,0x0000000082c3c2e0,0x0000000085e00000)
 Metaspace       used 24864K, capacity 25748K, committed 26032K, reserved 1071104K
  class space    used 3221K, capacity 3450K, committed 3504K, reserved 1048576K
}
Event: 3.812 GC heap before
{Heap before GC invocations=8 (full 1):
 PSYoungGen      total 102912K, used 102802K [0x00000000d6200000, 0x00000000def80000, 0x0000000100000000)
  eden space 97792K, 100% used [0x00000000d6200000,0x00000000dc180000,0x00000000dc180000)
  from space 5120K, 97% used [0x00000000dea80000,0x00000000def64af8,0x00000000def80000)
  to   space 8704K, 0% used [0x00000000dde80000,0x00000000dde80000,0x00000000de700000)
 ParOldGen       total 57344K, used 6384K [0x0000000082600000, 0x0000000085e00000, 0x00000000d6200000)
  object space 57344K, 11% used [0x0000000082600000,0x0000000082c3c2e0,0x0000000085e00000)
 Metaspace       used 26900K, capacity 27930K, committed 28080K, reserved 1073152K
  class space    used 3478K, capacity 3715K, committed 3760K, reserved 1048576K
Event: 3.822 GC heap after
Heap after GC invocations=8 (full 1):
 PSYoungGen      total 136192K, used 6132K [0x00000000d6200000, 0x00000000e0100000, 0x0000000100000000)
  eden space 127488K, 0% used [0x00000000d6200000,0x00000000d6200000,0x00000000dde80000)
  from space 8704K, 70% used [0x00000000dde80000,0x00000000de47d228,0x00000000de700000)
  to   space 8192K, 0% used [0x00000000df900000,0x00000000df900000,0x00000000e0100000)
 ParOldGen       total 57344K, used 6392K [0x0000000082600000, 0x0000000085e00000, 0x00000000d6200000)
  object space 57344K, 11% used [0x0000000082600000,0x0000000082c3e2e0,0x0000000085e00000)
 Metaspace       used 26900K, capacity 27930K, committed 28080K, reserved 1073152K
  class space    used 3478K, capacity 3715K, committed 3760K, reserved 1048576K
}
Event: 4.881 GC heap before
{Heap before GC invocations=9 (full 1):
 PSYoungGen      total 136192K, used 133620K [0x00000000d6200000, 0x00000000e0100000, 0x0000000100000000)
  eden space 127488K, 100% used [0x00000000d6200000,0x00000000dde80000,0x00000000dde80000)
  from space 8704K, 70% used [0x00000000dde80000,0x00000000de47d228,0x00000000de700000)
  to   space 8192K, 0% used [0x00000000df900000,0x00000000df900000,0x00000000e0100000)
 ParOldGen       total 57344K, used 6392K [0x0000000082600000, 0x0000000085e00000, 0x00000000d6200000)
  object space 57344K, 11% used [0x0000000082600000,0x0000000082c3e2e0,0x0000000085e00000)
 Metaspace       used 32336K, capacity 33920K, committed 33968K, reserved 1079296K
  class space    used 4215K, capacity 4516K, committed 4528K, reserved 1048576K
Event: 4.890 GC heap after
Heap after GC invocations=9 (full 1):
 PSYoungGen      total 135680K, used 8180K [0x00000000d6200000, 0x00000000e0100000, 0x0000000100000000)
  eden space 127488K, 0% used [0x00000000d6200000,0x00000000d6200000,0x00000000dde80000)
  from space 8192K, 99% used [0x00000000df900000,0x00000000e00fd348,0x00000000e0100000)
  to   space 8704K, 0% used [0x00000000dde80000,0x00000000dde80000,0x00000000de700000)
 ParOldGen       total 57344K, used 10605K [0x0000000082600000, 0x0000000085e00000, 0x00000000d6200000)
  object space 57344K, 18% used [0x0000000082600000,0x000000008305b558,0x0000000085e00000)
 Metaspace       used 32336K, capacity 33920K, committed 33968K, reserved 1079296K
  class space    used 4215K, capacity 4516K, committed 4528K, reserved 1048576K
}
Event: 5.542 GC heap before
{Heap before GC invocations=10 (full 1):
 PSYoungGen      total 135680K, used 27874K [0x00000000d6200000, 0x00000000e0100000, 0x0000000100000000)
  eden space 127488K, 15% used [0x00000000d6200000,0x00000000d753b5f0,0x00000000dde80000)
  from space 8192K, 99% used [0x00000000df900000,0x00000000e00fd348,0x00000000e0100000)
  to   space 8704K, 0% used [0x00000000dde80000,0x00000000dde80000,0x00000000de700000)
 ParOldGen       total 57344K, used 10605K [0x0000000082600000, 0x0000000085e00000, 0x00000000d6200000)
  object space 57344K, 18% used [0x0000000082600000,0x000000008305b558,0x0000000085e00000)
 Metaspace       used 33760K, capacity 35356K, committed 35496K, reserved 1079296K
  class space    used 4403K, capacity 4686K, committed 4776K, reserved 1048576K
Event: 5.550 GC heap after
Heap after GC invocations=10 (full 1):
 PSYoungGen      total 136192K, used 8672K [0x00000000d6200000, 0x00000000e1880000, 0x0000000100000000)
  eden space 127488K, 0% used [0x00000000d6200000,0x00000000d6200000,0x00000000dde80000)
  from space 8704K, 99% used [0x00000000dde80000,0x00000000de6f8338,0x00000000de700000)
  to   space 12800K, 0% used [0x00000000e0c00000,0x00000000e0c00000,0x00000000e1880000)
 ParOldGen       total 57344K, used 13687K [0x0000000082600000, 0x0000000085e00000, 0x00000000d6200000)
  object space 57344K, 23% used [0x0000000082600000,0x000000008335dcb8,0x0000000085e00000)
 Metaspace       used 33760K, capacity 35356K, committed 35496K, reserved 1079296K
  class space    used 4403K, capacity 4686K, committed 4776K, reserved 1048576K
}
Event: 5.550 GC heap before
{Heap before GC invocations=11 (full 2):
 PSYoungGen      total 136192K, used 8672K [0x00000000d6200000, 0x00000000e1880000, 0x0000000100000000)
  eden space 127488K, 0% used [0x00000000d6200000,0x00000000d6200000,0x00000000dde80000)
  from space 8704K, 99% used [0x00000000dde80000,0x00000000de6f8338,0x00000000de700000)
  to   space 12800K, 0% used [0x00000000e0c00000,0x00000000e0c00000,0x00000000e1880000)
 ParOldGen       total 57344K, used 13687K [0x0000000082600000, 0x0000000085e00000, 0x00000000d6200000)
  object space 57344K, 23% used [0x0000000082600000,0x000000008335dcb8,0x0000000085e00000)
 Metaspace       used 33760K, capacity 35356K, committed 35496K, reserved 1079296K
  class space    used 4403K, capacity 4686K, committed 4776K, reserved 1048576K
Event: 5.609 GC heap after
Heap after GC invocations=11 (full 2):
 PSYoungGen      total 136192K, used 0K [0x00000000d6200000, 0x00000000e1880000, 0x0000000100000000)
  eden space 127488K, 0% used [0x00000000d6200000,0x00000000d6200000,0x00000000dde80000)
  from space 8704K, 0% used [0x00000000dde80000,0x00000000dde80000,0x00000000de700000)
  to   space 12800K, 0% used [0x00000000e0c00000,0x00000000e0c00000,0x00000000e1880000)
 ParOldGen       total 96256K, used 16951K [0x0000000082600000, 0x0000000088400000, 0x00000000d6200000)
  object space 96256K, 17% used [0x0000000082600000,0x000000008368df10,0x0000000088400000)
 Metaspace       used 33760K, capacity 35356K, committed 35496K, reserved 1079296K
  class space    used 4403K, capacity 4686K, committed 4776K, reserved 1048576K
}

Deoptimization events (10 events):
Event: 6.263 Thread 0x000000001c5d1800 Uncommon trap: reason=unstable_if action=reinterpret pc=0x00000000038dff04 method=java.util.zip.ZipCoder.getBytes(Ljava/lang/String;)[B @ 32
Event: 6.263 Thread 0x000000001c5d1800 Uncommon trap: reason=unstable_if action=reinterpret pc=0x00000000038d3ccc method=java.util.zip.ZipCoder.getBytes(Ljava/lang/String;)[B @ 32
Event: 6.263 Thread 0x000000001c5d1800 Uncommon trap: reason=unstable_if action=reinterpret pc=0x000000000448e244 method=java.net.URLStreamHandler.parseURL(Ljava/net/URL;Ljava/lang/String;II)V @ 57
Event: 6.263 Thread 0x000000001c5d1800 Uncommon trap: reason=unstable_if action=reinterpret pc=0x000000000432a2a8 method=java.lang.ref.ReferenceQueue.remove(J)Ljava/lang/ref/Reference; @ 42
Event: 6.264 Thread 0x0000000003462800 Uncommon trap: reason=unstable_if action=reinterpret pc=0x00000000038ab3c8 method=java.lang.AbstractStringBuilder.append(Ljava/lang/String;)Ljava/lang/AbstractStringBuilder; @ 1
Event: 6.335 Thread 0x0000000003462800 Uncommon trap: reason=unstable_if action=reinterpret pc=0x000000000449a64c method=java.util.Properties.load0(Ljava/util/Properties$LineReader;)V @ 161
Event: 6.336 Thread 0x0000000003462800 Uncommon trap: reason=unstable_if action=reinterpret pc=0x0000000004429ea4 method=java.util.Properties$LineReader.readLine()I @ 271
Event: 6.336 Thread 0x0000000003462800 Uncommon trap: reason=unstable_if action=reinterpret pc=0x00000000043bc754 method=java.util.Properties.loadConvert([CII[C)Ljava/lang/String; @ 4
Event: 6.345 Thread 0x0000000003462800 Uncommon trap: reason=unstable_if action=reinterpret pc=0x00000000040f2530 method=java.util.HashMap$EntrySpliterator.forEachRemaining(Ljava/util/function/Consumer;)V @ 31
Event: 6.345 Thread 0x0000000003462800 Uncommon trap: reason=class_check action=maybe_recompile pc=0x00000000040eee5c method=java.util.HashMap$EntrySpliterator.forEachRemaining(Ljava/util/function/Consumer;)V @ 142

Classes redefined (0 events):
No events

Internal exceptions (10 events):
Event: 6.265 Thread 0x0000000003462800 Implicit null exception at 0x0000000003d51b4d to 0x0000000003d520bc
Event: 6.265 Thread 0x0000000003462800 Exception <a 'java/lang/NullPointerException'> (0x00000000dbf250b0) thrown at [C:\ade\jenkins\workspace\8-2-build-windows-amd64-cygwin\jdk8u241\331\hotspot\src\share\vm\runtime\sharedRuntime.cpp, line 605]
Event: 6.265 Thread 0x0000000003462800 Implicit null exception at 0x0000000003d51b4d to 0x0000000003d520bc
Event: 6.265 Thread 0x0000000003462800 Exception <a 'java/lang/NullPointerException'> (0x00000000dbf26048) thrown at [C:\ade\jenkins\workspace\8-2-build-windows-amd64-cygwin\jdk8u241\331\hotspot\src\share\vm\runtime\sharedRuntime.cpp, line 605]
Event: 6.265 Thread 0x0000000003462800 Implicit null exception at 0x0000000003d51b4d to 0x0000000003d520bc
Event: 6.265 Thread 0x0000000003462800 Exception <a 'java/lang/NullPointerException'> (0x00000000dbf27830) thrown at [C:\ade\jenkins\workspace\8-2-build-windows-amd64-cygwin\jdk8u241\331\hotspot\src\share\vm\runtime\sharedRuntime.cpp, line 605]
Event: 6.265 Thread 0x0000000003462800 Implicit null exception at 0x0000000003d51b4d to 0x0000000003d520bc
Event: 6.265 Thread 0x0000000003462800 Exception <a 'java/lang/NullPointerException'> (0x00000000dbf287c8) thrown at [C:\ade\jenkins\workspace\8-2-build-windows-amd64-cygwin\jdk8u241\331\hotspot\src\share\vm\runtime\sharedRuntime.cpp, line 605]
Event: 6.265 Thread 0x0000000003462800 Implicit null exception at 0x0000000003d51b4d to 0x0000000003d520bc
Event: 6.265 Thread 0x0000000003462800 Exception <a 'java/lang/NullPointerException'> (0x00000000dbf29718) thrown at [C:\ade\jenkins\workspace\8-2-build-windows-amd64-cygwin\jdk8u241\331\hotspot\src\share\vm\runtime\sharedRuntime.cpp, line 605]

Events (10 events):
Event: 6.391 loading class com/mysql/cj/jdbc/result/ResultSetImpl
Event: 6.391 loading class com/mysql/cj/jdbc/result/ResultSetImpl done
Event: 6.393 loading class com/mysql/cj/jdbc/result/ResultSetInternalMethods
Event: 6.393 loading class com/mysql/cj/jdbc/result/ResultSetInternalMethods done
Event: 6.393 loading class java/sql/ResultSet
Event: 6.394 loading class java/sql/ResultSet done
Event: 6.394 loading class com/mysql/cj/protocol/ResultsetRowsOwner
Event: 6.394 loading class com/mysql/cj/protocol/ResultsetRowsOwner done
Event: 6.394 loading class com/mysql/cj/protocol/Resultset
Event: 6.394 loading class com/mysql/cj/protocol/Resultset done


Dynamic libraries:
0x00007ff658cc0000 - 0x00007ff658cf7000 	D:\Java\jdk1.8.0_241\bin\java.exe
0x00007ff812340000 - 0x00007ff812530000 	C:\Windows\SYSTEM32\ntdll.dll
0x00007ff811d50000 - 0x00007ff811e02000 	C:\Windows\System32\KERNEL32.DLL
0x00007ff80f7e0000 - 0x00007ff80fa85000 	C:\Windows\System32\KERNELBASE.dll
0x00007ff812250000 - 0x00007ff8122f3000 	C:\Windows\System32\ADVAPI32.dll
0x00007ff8118d0000 - 0x00007ff81196e000 	C:\Windows\System32\msvcrt.dll
0x00007ff811820000 - 0x00007ff8118b7000 	C:\Windows\System32\sechost.dll
0x00007ff810f40000 - 0x00007ff811060000 	C:\Windows\System32\RPCRT4.dll
0x00007ff8120b0000 - 0x00007ff812244000 	C:\Windows\System32\USER32.dll
0x00007ff80f7b0000 - 0x00007ff80f7d1000 	C:\Windows\System32\win32u.dll
0x00007ff811370000 - 0x00007ff811396000 	C:\Windows\System32\GDI32.dll
0x00007ff80f610000 - 0x00007ff80f7a6000 	C:\Windows\System32\gdi32full.dll
0x00007ff80f490000 - 0x00007ff80f52e000 	C:\Windows\System32\msvcp_win.dll
0x00007ff80f2b0000 - 0x00007ff80f3aa000 	C:\Windows\System32\ucrtbase.dll
0x00007fffeaf10000 - 0x00007fffeb194000 	C:\Windows\WinSxS\amd64_microsoft.windows.common-controls_6595b64144ccf1df_6.0.18362.1256_none_9e7e379be45e40e2\COMCTL32.dll
0x00007ff8119a0000 - 0x00007ff811cd6000 	C:\Windows\System32\combase.dll
0x00007ff80f400000 - 0x00007ff80f481000 	C:\Windows\System32\bcryptPrimitives.dll
0x00007ff811970000 - 0x00007ff81199e000 	C:\Windows\System32\IMM32.DLL
0x000000006c150000 - 0x000000006c222000 	D:\Java\jdk1.8.0_241\jre\bin\msvcr100.dll
0x000000006b8a0000 - 0x000000006c14c000 	D:\Java\jdk1.8.0_241\jre\bin\server\jvm.dll
0x00007ff8118c0000 - 0x00007ff8118c8000 	C:\Windows\System32\PSAPI.DLL
0x00007ff80ef70000 - 0x00007ff80ef7a000 	C:\Windows\SYSTEM32\VERSION.dll
0x00007ff80b620000 - 0x00007ff80b629000 	C:\Windows\SYSTEM32\WSOCK32.dll
0x00007ff80da20000 - 0x00007ff80da44000 	C:\Windows\SYSTEM32\WINMM.dll
0x00007ff811ce0000 - 0x00007ff811d4f000 	C:\Windows\System32\WS2_32.dll
0x00007ff80c9f0000 - 0x00007ff80ca1d000 	C:\Windows\SYSTEM32\WINMMBASE.dll
0x00007ff80f3b0000 - 0x00007ff80f3fa000 	C:\Windows\System32\cfgmgr32.dll
0x00007ffff5c50000 - 0x00007ffff5c5f000 	D:\Java\jdk1.8.0_241\jre\bin\verify.dll
0x00007fffd2470000 - 0x00007fffd2499000 	D:\Java\jdk1.8.0_241\jre\bin\java.dll
0x00007fffe7340000 - 0x00007fffe7363000 	D:\Java\jdk1.8.0_241\jre\bin\instrument.dll
0x00007fffd7810000 - 0x00007fffd7826000 	D:\Java\jdk1.8.0_241\jre\bin\zip.dll
0x00007ff810520000 - 0x00007ff810c07000 	C:\Windows\System32\SHELL32.dll
0x00007ff810dc0000 - 0x00007ff810e69000 	C:\Windows\System32\shcore.dll
0x00007ff80fa90000 - 0x00007ff810211000 	C:\Windows\System32\windows.storage.dll
0x00007ff80f280000 - 0x00007ff80f2a3000 	C:\Windows\System32\profapi.dll
0x00007ff80f210000 - 0x00007ff80f25a000 	C:\Windows\System32\powrprof.dll
0x00007ff80f1e0000 - 0x00007ff80f1f0000 	C:\Windows\System32\UMPDC.dll
0x00007ff811130000 - 0x00007ff811182000 	C:\Windows\System32\shlwapi.dll
0x00007ff80f1f0000 - 0x00007ff80f201000 	C:\Windows\System32\kernel.appcore.dll
0x00007ff8103d0000 - 0x00007ff8103e7000 	C:\Windows\System32\cryptsp.dll
0x00007ff80b6b0000 - 0x00007ff80b6ca000 	D:\Program Files\JetBrains\IntelliJ IDEA Community Edition 2020.2.3\bin\breakgen64.dll
0x00007fffd0c40000 - 0x00007fffd0c5a000 	D:\Java\jdk1.8.0_241\jre\bin\net.dll
0x00007ff80e9b0000 - 0x00007ff80ea17000 	C:\Windows\system32\mswsock.dll
0x00007ff80e6d0000 - 0x00007ff80e70a000 	C:\Windows\SYSTEM32\IPHLPAPI.DLL
0x00007ff812020000 - 0x00007ff812028000 	C:\Windows\System32\NSI.dll
0x00007ff801630000 - 0x00007ff801646000 	C:\Windows\SYSTEM32\dhcpcsvc6.DLL
0x00007ff801610000 - 0x00007ff80162c000 	C:\Windows\SYSTEM32\dhcpcsvc.DLL
0x00007ff80e710000 - 0x00007ff80e7db000 	C:\Windows\SYSTEM32\DNSAPI.dll
0x00007ffff5c20000 - 0x00007ffff5c2d000 	D:\Java\jdk1.8.0_241\jre\bin\management.dll
0x00007fffd0a00000 - 0x00007fffd0a12000 	D:\Java\jdk1.8.0_241\jre\bin\nio.dll
0x00007ff8000c0000 - 0x00007ff80010b000 	C:\Program Files (x86)\Sangfor\SSL\ClientComponent\SangforNspX64.dll
0x00007ff811210000 - 0x00007ff811367000 	C:\Windows\System32\ole32.dll
0x00007ff811060000 - 0x00007ff811125000 	C:\Windows\System32\OLEAUT32.dll
0x0000000063560000 - 0x0000000063569000 	C:\Program Files\National Instruments\Shared\mDNS Responder\nimdnsNSP.dll
0x0000000063550000 - 0x000000006355e000 	C:\Windows\SYSTEM32\nimdnsResponder.dll
0x000000006d560000 - 0x000000006d603000 	C:\Windows\WinSxS\amd64_microsoft.vc90.crt_1fc8b3b9a1e18e3b_9.0.30729.9619_none_08e065a3a84109b0\MSVCR90.dll
0x00007ff802080000 - 0x00007ff80208a000 	C:\Windows\System32\rasadhlp.dll
0x00007ff801d10000 - 0x00007ff801d87000 	C:\Windows\System32\fwpuclnt.dll
0x00007ff80f5e0000 - 0x00007ff80f606000 	C:\Windows\System32\bcrypt.dll
0x00007fffe0180000 - 0x00007fffe0196000 	C:\Windows\system32\napinsp.dll
0x00007fffe0160000 - 0x00007fffe017a000 	C:\Windows\system32\pnrpnsp.dll
0x00007fffe4c30000 - 0x00007fffe4c3e000 	C:\Windows\System32\winrnr.dll
0x00007ff80b570000 - 0x00007ff80b58c000 	C:\Windows\system32\NLAapi.dll
0x00007ff808700000 - 0x00007ff808715000 	C:\Windows\system32\wshbth.dll
0x00007ff80e4b0000 - 0x00007ff80e4e3000 	C:\Windows\system32\rsaenh.dll
0x00007ff80f0c0000 - 0x00007ff80f0e5000 	C:\Windows\SYSTEM32\USERENV.dll
0x00007ff80eb90000 - 0x00007ff80eb9c000 	C:\Windows\SYSTEM32\CRYPTBASE.dll

VM Arguments:
jvm_args: -javaagent:D:\Program Files\JetBrains\IntelliJ IDEA Community Edition 2020.2.3\lib\idea_rt.jar=63910:D:\Program Files\JetBrains\IntelliJ IDEA Community Edition 2020.2.3\bin -Dfile.encoding=UTF-8 
java_command: king.mainpartapplication
java_class_path (initial): D:\Java\jdk1.8.0_241\jre\lib\charsets.jar;D:\Java\jdk1.8.0_241\jre\lib\deploy.jar;D:\Java\jdk1.8.0_241\jre\lib\ext\access-bridge-64.jar;D:\Java\jdk1.8.0_241\jre\lib\ext\cldrdata.jar;D:\Java\jdk1.8.0_241\jre\lib\ext\dnsns.jar;D:\Java\jdk1.8.0_241\jre\lib\ext\jaccess.jar;D:\Java\jdk1.8.0_241\jre\lib\ext\jfxrt.jar;D:\Java\jdk1.8.0_241\jre\lib\ext\localedata.jar;D:\Java\jdk1.8.0_241\jre\lib\ext\nashorn.jar;D:\Java\jdk1.8.0_241\jre\lib\ext\sunec.jar;D:\Java\jdk1.8.0_241\jre\lib\ext\sunjce_provider.jar;D:\Java\jdk1.8.0_241\jre\lib\ext\sunmscapi.jar;D:\Java\jdk1.8.0_241\jre\lib\ext\sunpkcs11.jar;D:\Java\jdk1.8.0_241\jre\lib\ext\zipfs.jar;D:\Java\jdk1.8.0_241\jre\lib\javaws.jar;D:\Java\jdk1.8.0_241\jre\lib\jce.jar;D:\Java\jdk1.8.0_241\jre\lib\jfr.jar;D:\Java\jdk1.8.0_241\jre\lib\jfxswt.jar;D:\Java\jdk1.8.0_241\jre\lib\jsse.jar;D:\Java\jdk1.8.0_241\jre\lib\management-agent.jar;D:\Java\jdk1.8.0_241\jre\lib\plugin.jar;D:\Java\jdk1.8.0_241\jre\lib\resources.jar;D:\Java\jdk1.8.0_241\jre\lib\rt.jar;D:\temp\AcademicPlatform_Backend-master\Schlor-mainpart\target\classes;D:\temp\AcademicPlatform_Backend-master\common\target\classes;D:\maven\maven_Resporty\org\springframework\boot\spring-boot-starter-web\2.1.3.RELEASE\spring-boot-starter-web-2.1.3.RELEASE.jar;D:\maven\maven_Resporty\org\springframework\boot\spring-boot-starter-json\2.1.3.RELEASE\spring-boot-starter-json-2.1.3.RELEASE.jar;D:\maven\maven_Resporty\com\fasterxml\jackson\core\jackson-databind\2.9.8\jackson-databind-2.9.8.jar;D:\maven\maven_Resporty\com\fasterxml\jackson\datatype\jackson-datatype-jdk8\2.9.8\jackson-datatype-jdk8-2.9.8.jar;D:\maven\maven_Resporty\com\fasterxml\jackson\datatype\jackson-datatype-jsr310\2.9.8\jackson-datatype-jsr310-2.9.8.jar;D:\maven\maven_Resporty\com\fasterxml\jackson\module\jackson-module-parameter-names\2.9.8\jackson-module-parameter-names-2.9.8.jar;D:\maven\maven_Resporty\org\hibernate\validator\hibernate-validator\6.0.14.Final\hibernate-validator-6.0.14.Fina
Launcher Type: SUN_STANDARD

Environment Variables:
JAVA_HOME=D:\Java\jdk1.8.0_241
PATH=C:\Program Files\Microsoft MPI\Bin\;D:\Java\jdk1.8.0_241\bin;C:\Program Files (x86)\Common Files\Oracle\Java\javapath;C:\Windows\system32;C:\Windows;C:\Windows\System32\Wbem;C:\Windows\System32\WindowsPowerShell\v1.0\;C:\Windows\System32\OpenSSH\;C:\Program Files\Microsoft SQL Server\130\Tools\Binn\;C:\Program Files\Microsoft SQL Server\Client SDK\ODBC\170\Tools\Binn\;C:\Program Files (x86)\Microsoft SQL Server\150\Tools\Binn\;C:\Program Files\Microsoft SQL Server\150\Tools\Binn\;C:\Program Files\Microsoft SQL Server\150\DTS\Binn\;C:\Program Files (x86)\Microsoft SQL Server\150\DTS\Binn\;C:\Program Files\nodejs\;C:\Gradle\gradle-6.7\bin;D:\spring-2.3.6.RELEASE\bin;D:\Program Files (x86)\NetSarang\Xshell 7\;C:\Program Files\MySQL\MySQL Shell 8.0\bin\;C:\Users\lenovo\AppData\Local\Programs\Python\Python37\Scripts\;C:\Users\lenovo\AppData\Local\Programs\Python\Python37\;C:\Users\lenovo\AppData\Local\Microsoft\WindowsApps;D:\IntelliJ IDEA 2019.3.3\bin;C:\Users\lenovo\AppData\Local\GitHubDesktop\bin;C:\Users\lenovo\AppData\Roaming\npm;D:\Microsoft VS Code\bin;C:\Gradle\gradle-6.7\bin;D:\Program Files\JetBrains\IntelliJ IDEA Community Edition 2020.2.3\bin;;C:\apache-maven-3.6.3-bin\apache-maven-3.6.3\bin;
USERNAME=lenovo
OS=Windows_NT
PROCESSOR_IDENTIFIER=Intel64 Family 6 Model 142 Stepping 10, GenuineIntel



---------------  S Y S T E M  ---------------

OS: Windows 10.0 , 64 bit Build 18362 (10.0.18362.1110)

CPU:total 8 (initial active 8) (4 cores per cpu, 2 threads per core) family 6 model 142 stepping 10, cmov, cx8, fxsr, mmx, sse, sse2, sse3, ssse3, sse4.1, sse4.2, popcnt, avx, avx2, aes, clmul, erms, 3dnowpref, lzcnt, ht, tsc, tscinvbit, bmi1, bmi2, adx

Memory: 4k page, physical 8227540k(1212032k free), swap 14288796k(5704k free)

vm_info: Java HotSpot(TM) 64-Bit Server VM (25.241-b07) for windows-amd64 JRE (1.8.0_241-b07), built on Dec 11 2019 10:21:40 by "rejava" with MS VC++ 10.0 (VS2010)

time: Tue Dec 22 01:21:33 2020
timezone: 中国标准时间
elapsed time: 6 seconds (0d 0h 0m 6s)

