#
# There is insufficient memory for the Java Runtime Environment to continue.
# Native memory allocation (malloc) failed to allocate 70048 bytes for Chunk::new
# Possible reasons:
#   The system is out of physical RAM or swap space
#   The process is running with CompressedOops enabled, and the Java Heap may be blocking the growth of the native heap
# Possible solutions:
#   Reduce memory load on the system
#   Increase physical memory or swap space
#   Check if swap backing store is full
#   Decrease Java heap size (-Xmx/-Xms)
#   Decrease number of Java threads
#   Decrease Java thread stack sizes (-Xss)
#   Set larger code cache with -XX:ReservedCodeCacheSize=
#   JVM is running with Unscaled Compressed Oops mode in which the Java heap is
#     placed in the first 4GB address space. The Java Heap base address is the
#     maximum limit for the native heap growth. Please use -XX:HeapBaseMinAddress
#     to set the Java Heap base and to place the Java Heap above 4GB virtual address.
# This output file may be truncated or incomplete.
#
#  Out of Memory Error (allocation.cpp:389), pid=3900, tid=0x000000000000401c
#
# JRE version: Java(TM) SE Runtime Environment (8.0_241-b07) (build 1.8.0_241-b07)
# Java VM: Java HotSpot(TM) 64-Bit Server VM (25.241-b07 mixed mode windows-amd64 compressed oops)
# Failed to write core dump. Minidumps are not enabled by default on client versions of Windows
#

---------------  T H R E A D  ---------------

Current thread (0x000000001abcb000):  JavaThread "C2 CompilerThread2" daemon [_thread_in_native, id=16412, stack(0x000000001b480000,0x000000001b580000)]

Stack: [0x000000001b480000,0x000000001b580000]
[error occurred during error reporting (printing stack bounds), id 0xc0000005]

Native frames: (J=compiled Java code, j=interpreted, Vv=VM code, C=native code)


Current CompileTask:
C2:  19624 6895   !   4       java.net.URLClassLoader::definePackageInternal (81 bytes)


---------------  P R O C E S S  ---------------

Java Threads: ( => current thread )
  0x000000001af3f000 JavaThread "com.alibaba.nacos.naming.beat.sender" daemon [_thread_blocked, id=14404, stack(0x0000000028f40000,0x0000000029040000)]
  0x000000001af42000 JavaThread "Keep-Alive-Timer" daemon [_thread_blocked, id=18400, stack(0x0000000023d40000,0x0000000023e40000)]
  0x000000001af40800 JavaThread "com.alibaba.nacos.naming.beat.sender" daemon [_thread_blocked, id=13952, stack(0x0000000029040000,0x0000000029140000)]
  0x000000001af3d800 JavaThread "DestroyJavaVM" [_thread_blocked, id=11280, stack(0x0000000003150000,0x0000000003250000)]
  0x00000000204dc000 JavaThread "Timer-0" daemon [_thread_blocked, id=17976, stack(0x0000000028c40000,0x0000000028d40000)]
  0x00000000204e0000 JavaThread "com.alibaba.nacos.naming.beat.sender" daemon [_thread_blocked, id=17616, stack(0x0000000027df0000,0x0000000027ef0000)]
  0x00000000204de800 JavaThread "http-nio-8081-Acceptor-0" daemon [_thread_in_native, id=17292, stack(0x0000000028b40000,0x0000000028c40000)]
  0x00000000204df000 JavaThread "http-nio-8081-ClientPoller-1" daemon [_thread_in_native, id=5724, stack(0x0000000028a40000,0x0000000028b40000)]
  0x00000000204db000 JavaThread "http-nio-8081-ClientPoller-0" daemon [_thread_in_native, id=17820, stack(0x0000000028940000,0x0000000028a40000)]
  0x00000000204da800 JavaThread "http-nio-8081-exec-10" daemon [_thread_blocked, id=15984, stack(0x0000000028840000,0x0000000028940000)]
  0x00000000204dd800 JavaThread "http-nio-8081-exec-9" daemon [_thread_blocked, id=4580, stack(0x0000000028740000,0x0000000028840000)]
  0x00000000204dd000 JavaThread "http-nio-8081-exec-8" daemon [_thread_blocked, id=660, stack(0x0000000028640000,0x0000000028740000)]
  0x00000000204d3000 JavaThread "http-nio-8081-exec-7" daemon [_thread_blocked, id=9520, stack(0x0000000028540000,0x0000000028640000)]
  0x00000000204d9800 JavaThread "http-nio-8081-exec-6" daemon [_thread_blocked, id=16536, stack(0x0000000028440000,0x0000000028540000)]
  0x00000000204d2000 JavaThread "http-nio-8081-exec-5" daemon [_thread_blocked, id=17652, stack(0x0000000028340000,0x0000000028440000)]
  0x00000000204d9000 JavaThread "http-nio-8081-exec-4" daemon [_thread_blocked, id=3140, stack(0x0000000028240000,0x0000000028340000)]
  0x00000000204d1800 JavaThread "http-nio-8081-exec-3" daemon [_thread_blocked, id=18156, stack(0x0000000028140000,0x0000000028240000)]
  0x00000000204d8000 JavaThread "http-nio-8081-exec-2" daemon [_thread_blocked, id=2904, stack(0x0000000028040000,0x0000000028140000)]
  0x00000000204d0800 JavaThread "http-nio-8081-exec-1" daemon [_thread_in_vm, id=16568, stack(0x0000000027f40000,0x0000000028040000)]
  0x00000000204d5000 JavaThread "NioBlockingSelector.BlockPoller-1" daemon [_thread_in_native, id=18296, stack(0x00000000279e0000,0x0000000027ae0000)]
  0x00000000204d7800 JavaThread "ThreadPoolTaskScheduler-1" [_thread_blocked, id=8108, stack(0x0000000027cf0000,0x0000000027df0000)]
  0x00000000204d6800 JavaThread "com.alibaba.nacos.naming.push.receiver" daemon [_thread_in_native, id=8040, stack(0x00000000256e0000,0x00000000257e0000)]
  0x00000000204d6000 JavaThread "com.alibaba.nacos.naming.failover" daemon [_thread_blocked, id=12156, stack(0x00000000255e0000,0x00000000256e0000)]
  0x00000000204d3800 JavaThread "com.alibaba.nacos.naming.client.listener" daemon [_thread_blocked, id=17728, stack(0x00000000254e0000,0x00000000255e0000)]
  0x000000001e198800 JavaThread "logback-1" daemon [_thread_blocked, id=17720, stack(0x0000000025160000,0x0000000025260000)]
  0x000000001e197800 JavaThread "spring.cloud.inetutils" daemon [_thread_blocked, id=2028, stack(0x0000000025060000,0x0000000025160000)]
  0x000000001e195800 JavaThread "HikariPool-1 housekeeper" daemon [_thread_blocked, id=12656, stack(0x00000000229f0000,0x0000000022af0000)]
  0x000000001e199000 JavaThread "mysql-cj-abandoned-connection-cleanup" daemon [_thread_blocked, id=17668, stack(0x00000000228f0000,0x00000000229f0000)]
  0x000000001e194800 JavaThread "container-0" [_thread_blocked, id=16696, stack(0x0000000021160000,0x0000000021260000)]
  0x000000001e194000 JavaThread "Catalina-utility-2" [_thread_blocked, id=3944, stack(0x000000001ebf0000,0x000000001ecf0000)]
  0x000000001e193000 JavaThread "Catalina-utility-1" [_thread_blocked, id=17156, stack(0x000000001d4f0000,0x000000001d5f0000)]
  0x000000001ac67800 JavaThread "Service Thread" daemon [_thread_blocked, id=2204, stack(0x000000001b680000,0x000000001b780000)]
  0x000000001abcd800 JavaThread "C1 CompilerThread3" daemon [_thread_blocked, id=17712, stack(0x000000001b580000,0x000000001b680000)]
=>0x000000001abcb000 JavaThread "C2 CompilerThread2" daemon [_thread_in_native, id=16412, stack(0x000000001b480000,0x000000001b580000)]
  0x000000001abc6000 JavaThread "C2 CompilerThread1" daemon [_thread_in_native, id=11976, stack(0x000000001b380000,0x000000001b480000)]
  0x000000001ab7a000 JavaThread "C2 CompilerThread0" daemon [_thread_in_native, id=2320, stack(0x000000001b280000,0x000000001b380000)]
  0x000000001ab26800 JavaThread "Monitor Ctrl-Break" daemon [_thread_in_native, id=6900, stack(0x000000001b180000,0x000000001b280000)]
  0x000000001a164800 JavaThread "Attach Listener" daemon [_thread_blocked, id=16584, stack(0x000000001a880000,0x000000001a980000)]
  0x000000001a1c0800 JavaThread "Signal Dispatcher" daemon [_thread_blocked, id=18116, stack(0x000000001a780000,0x000000001a880000)]
  0x000000001a141800 JavaThread "Finalizer" daemon [_thread_blocked, id=6036, stack(0x000000001a620000,0x000000001a720000)]
  0x000000001a140800 JavaThread "Reference Handler" daemon [_thread_blocked, id=6760, stack(0x000000001a520000,0x000000001a620000)]

Other Threads:
  0x0000000018346800 VMThread [stack: 0x000000001a020000,0x000000001a120000] [id=11688]
  0x000000001acf3000 WatcherThread [stack: 0x000000001b780000,0x000000001b880000] [id=16308]

VM state:not at safepoint (normal execution)

VM Mutex/Monitor currently owned by a thread: None

heap address: 0x0000000082600000, size: 2010 MB, Compressed Oops mode: 32-bit
Narrow klass base: 0x0000000000000000, Narrow klass shift: 3
Compressed class space size: 1073741824 Address: 0x0000000100000000

Heap:
 PSYoungGen      total 228864K, used 30925K [0x00000000d6200000, 0x00000000e7580000, 0x0000000100000000)
  eden space 211456K, 7% used [0x00000000d6200000,0x00000000d7212430,0x00000000e3080000)
  from space 17408K, 83% used [0x00000000e3080000,0x00000000e3ea1190,0x00000000e4180000)
  to   space 18944K, 0% used [0x00000000e6300000,0x00000000e6300000,0x00000000e7580000)
 ParOldGen       total 140288K, used 28179K [0x0000000082600000, 0x000000008af00000, 0x00000000d6200000)
  object space 140288K, 20% used [0x0000000082600000,0x0000000084184ef8,0x000000008af00000)
 Metaspace       used 69418K, capacity 72486K, committed 72792K, reserved 1112064K
  class space    used 9238K, capacity 9748K, committed 9856K, reserved 1048576K

Card table byte_map: [0x0000000012810000,0x0000000012c00000] byte_map_base: 0x00000000123fd000

Marking Bits: (ParMarkBitMap*) 0x000000006c0cbe30
 Begin Bits: [0x00000000136a0000, 0x0000000015608000)
 End Bits:   [0x0000000015608000, 0x0000000017570000)

Polling page: 0x00000000014e0000

CodeCache: size=245760Kb used=20646Kb max_used=21870Kb free=225113Kb
 bounds [0x0000000003450000, 0x00000000049e0000, 0x0000000012450000]
 total_blobs=6406 nmethods=5794 adapters=523
 compilation: enabled

Compilation events (10 events):
Event: 19.558 Thread 0x000000001abcd800 6893   !   3       java.util.concurrent.ConcurrentHashMap::replaceNode (416 bytes)
Event: 19.560 Thread 0x000000001abcd800 nmethod 6893 0x0000000003aba790 code [0x0000000003abaa60, 0x0000000003abc4e8]
Event: 19.566 Thread 0x000000001abcd800 6894       3       java.net.URLClassLoader::access$100 (7 bytes)
Event: 19.566 Thread 0x000000001abcd800 nmethod 6894 0x00000000037a4110 code [0x00000000037a4280, 0x00000000037a43e8]
Event: 19.591 Thread 0x000000001abcd800 6896  s    3       java.io.BufferedOutputStream::write (67 bytes)
Event: 19.592 Thread 0x000000001abcd800 nmethod 6896 0x0000000003defc10 code [0x0000000003defde0, 0x0000000003df0638]
Event: 19.593 Thread 0x000000001abcb000 nmethod 6885 0x000000000413a1d0 code [0x000000000413a5c0, 0x000000000413d8e8]
Event: 19.594 Thread 0x000000001abcb000 6895   !   4       java.net.URLClassLoader::definePackageInternal (81 bytes)
Event: 19.615 Thread 0x000000001abcd800 6898       3       com.mysql.cj.protocol.a.NativeProtocol::checkErrorMessage (345 bytes)
Event: 19.617 Thread 0x000000001abcd800 nmethod 6898 0x000000000464c190 code [0x000000000464c5c0, 0x000000000464ecd8]

GC Heap History (10 events):
Event: 7.139 GC heap before
{Heap before GC invocations=12 (full 2):
 PSYoungGen      total 148480K, used 137728K [0x00000000d6200000, 0x00000000e2300000, 0x0000000100000000)
  eden space 137728K, 100% used [0x00000000d6200000,0x00000000de880000,0x00000000de880000)
  from space 10752K, 0% used [0x00000000de880000,0x00000000de880000,0x00000000df300000)
  to   space 12800K, 0% used [0x00000000e1680000,0x00000000e1680000,0x00000000e2300000)
 ParOldGen       total 96256K, used 16995K [0x0000000082600000, 0x0000000088400000, 0x00000000d6200000)
  object space 96256K, 17% used [0x0000000082600000,0x0000000083698f30,0x0000000088400000)
 Metaspace       used 42264K, capacity 44020K, committed 44376K, reserved 1087488K
  class space    used 5350K, capacity 5682K, committed 5760K, reserved 1048576K
Event: 7.148 GC heap after
Heap after GC invocations=12 (full 2):
 PSYoungGen      total 183808K, used 11130K [0x00000000d6200000, 0x00000000e2300000, 0x0000000100000000)
  eden space 171008K, 0% used [0x00000000d6200000,0x00000000d6200000,0x00000000e0900000)
  from space 12800K, 86% used [0x00000000e1680000,0x00000000e215e940,0x00000000e2300000)
  to   space 13312K, 0% used [0x00000000e0900000,0x00000000e0900000,0x00000000e1600000)
 ParOldGen       total 96256K, used 17003K [0x0000000082600000, 0x0000000088400000, 0x00000000d6200000)
  object space 96256K, 17% used [0x0000000082600000,0x000000008369af30,0x0000000088400000)
 Metaspace       used 42264K, capacity 44020K, committed 44376K, reserved 1087488K
  class space    used 5350K, capacity 5682K, committed 5760K, reserved 1048576K
}
Event: 8.338 GC heap before
{Heap before GC invocations=13 (full 2):
 PSYoungGen      total 183808K, used 182138K [0x00000000d6200000, 0x00000000e2300000, 0x0000000100000000)
  eden space 171008K, 100% used [0x00000000d6200000,0x00000000e0900000,0x00000000e0900000)
  from space 12800K, 86% used [0x00000000e1680000,0x00000000e215e940,0x00000000e2300000)
  to   space 13312K, 0% used [0x00000000e0900000,0x00000000e0900000,0x00000000e1600000)
 ParOldGen       total 96256K, used 17003K [0x0000000082600000, 0x0000000088400000, 0x00000000d6200000)
  object space 96256K, 17% used [0x0000000082600000,0x000000008369af30,0x0000000088400000)
 Metaspace       used 53650K, capacity 55588K, committed 56024K, reserved 1097728K
  class space    used 7207K, capacity 7564K, committed 7680K, reserved 1048576K
Event: 8.351 GC heap after
Heap after GC invocations=13 (full 2):
 PSYoungGen      total 184320K, used 13290K [0x00000000d6200000, 0x00000000e5200000, 0x0000000100000000)
  eden space 171008K, 0% used [0x00000000d6200000,0x00000000d6200000,0x00000000e0900000)
  from space 13312K, 99% used [0x00000000e0900000,0x00000000e15fa870,0x00000000e1600000)
  to   space 16896K, 0% used [0x00000000e4180000,0x00000000e4180000,0x00000000e5200000)
 ParOldGen       total 96256K, used 22213K [0x0000000082600000, 0x0000000088400000, 0x00000000d6200000)
  object space 96256K, 23% used [0x0000000082600000,0x0000000083bb17f8,0x0000000088400000)
 Metaspace       used 53650K, capacity 55588K, committed 56024K, reserved 1097728K
  class space    used 7207K, capacity 7564K, committed 7680K, reserved 1048576K
}
Event: 8.857 GC heap before
{Heap before GC invocations=14 (full 2):
 PSYoungGen      total 184320K, used 69324K [0x00000000d6200000, 0x00000000e5200000, 0x0000000100000000)
  eden space 171008K, 32% used [0x00000000d6200000,0x00000000d98b87c0,0x00000000e0900000)
  from space 13312K, 99% used [0x00000000e0900000,0x00000000e15fa870,0x00000000e1600000)
  to   space 16896K, 0% used [0x00000000e4180000,0x00000000e4180000,0x00000000e5200000)
 ParOldGen       total 96256K, used 22213K [0x0000000082600000, 0x0000000088400000, 0x00000000d6200000)
  object space 96256K, 23% used [0x0000000082600000,0x0000000083bb17f8,0x0000000088400000)
 Metaspace       used 56763K, capacity 58780K, committed 58968K, reserved 1099776K
  class space    used 7628K, capacity 7990K, committed 8064K, reserved 1048576K
Event: 8.865 GC heap after
Heap after GC invocations=14 (full 2):
 PSYoungGen      total 228352K, used 12479K [0x00000000d6200000, 0x00000000e5500000, 0x0000000100000000)
  eden space 211456K, 0% used [0x00000000d6200000,0x00000000d6200000,0x00000000e3080000)
  from space 16896K, 73% used [0x00000000e4180000,0x00000000e4daffd8,0x00000000e5200000)
  to   space 17408K, 0% used [0x00000000e3080000,0x00000000e3080000,0x00000000e4180000)
 ParOldGen       total 96256K, used 22221K [0x0000000082600000, 0x0000000088400000, 0x00000000d6200000)
  object space 96256K, 23% used [0x0000000082600000,0x0000000083bb37f8,0x0000000088400000)
 Metaspace       used 56763K, capacity 58780K, committed 58968K, reserved 1099776K
  class space    used 7628K, capacity 7990K, committed 8064K, reserved 1048576K
}
Event: 8.865 GC heap before
{Heap before GC invocations=15 (full 3):
 PSYoungGen      total 228352K, used 12479K [0x00000000d6200000, 0x00000000e5500000, 0x0000000100000000)
  eden space 211456K, 0% used [0x00000000d6200000,0x00000000d6200000,0x00000000e3080000)
  from space 16896K, 73% used [0x00000000e4180000,0x00000000e4daffd8,0x00000000e5200000)
  to   space 17408K, 0% used [0x00000000e3080000,0x00000000e3080000,0x00000000e4180000)
 ParOldGen       total 96256K, used 22221K [0x0000000082600000, 0x0000000088400000, 0x00000000d6200000)
  object space 96256K, 23% used [0x0000000082600000,0x0000000083bb37f8,0x0000000088400000)
 Metaspace       used 56763K, capacity 58780K, committed 58968K, reserved 1099776K
  class space    used 7628K, capacity 7990K, committed 8064K, reserved 1048576K
Event: 9.034 GC heap after
Heap after GC invocations=15 (full 3):
 PSYoungGen      total 228352K, used 0K [0x00000000d6200000, 0x00000000e5500000, 0x0000000100000000)
  eden space 211456K, 0% used [0x00000000d6200000,0x00000000d6200000,0x00000000e3080000)
  from space 16896K, 0% used [0x00000000e4180000,0x00000000e4180000,0x00000000e5200000)
  to   space 17408K, 0% used [0x00000000e3080000,0x00000000e3080000,0x00000000e4180000)
 ParOldGen       total 140288K, used 28171K [0x0000000082600000, 0x000000008af00000, 0x00000000d6200000)
  object space 140288K, 20% used [0x0000000082600000,0x0000000084182ef8,0x000000008af00000)
 Metaspace       used 56763K, capacity 58780K, committed 58968K, reserved 1099776K
  class space    used 7628K, capacity 7990K, committed 8064K, reserved 1048576K
}
Event: 19.411 GC heap before
{Heap before GC invocations=16 (full 3):
 PSYoungGen      total 228352K, used 211456K [0x00000000d6200000, 0x00000000e5500000, 0x0000000100000000)
  eden space 211456K, 100% used [0x00000000d6200000,0x00000000e3080000,0x00000000e3080000)
  from space 16896K, 0% used [0x00000000e4180000,0x00000000e4180000,0x00000000e5200000)
  to   space 17408K, 0% used [0x00000000e3080000,0x00000000e3080000,0x00000000e4180000)
 ParOldGen       total 140288K, used 28171K [0x0000000082600000, 0x000000008af00000, 0x00000000d6200000)
  object space 140288K, 20% used [0x0000000082600000,0x0000000084182ef8,0x000000008af00000)
 Metaspace       used 67876K, capacity 70950K, committed 71000K, reserved 1110016K
  class space    used 9062K, capacity 9582K, committed 9600K, reserved 1048576K
Event: 19.423 GC heap after
Heap after GC invocations=16 (full 3):
 PSYoungGen      total 228864K, used 14468K [0x00000000d6200000, 0x00000000e7580000, 0x0000000100000000)
  eden space 211456K, 0% used [0x00000000d6200000,0x00000000d6200000,0x00000000e3080000)
  from space 17408K, 83% used [0x00000000e3080000,0x00000000e3ea1190,0x00000000e4180000)
  to   space 18944K, 0% used [0x00000000e6300000,0x00000000e6300000,0x00000000e7580000)
 ParOldGen       total 140288K, used 28179K [0x0000000082600000, 0x000000008af00000, 0x00000000d6200000)
  object space 140288K, 20% used [0x0000000082600000,0x0000000084184ef8,0x000000008af00000)
 Metaspace       used 67876K, capacity 70950K, committed 71000K, reserved 1110016K
  class space    used 9062K, capacity 9582K, committed 9600K, reserved 1048576K
}

Deoptimization events (10 events):
Event: 11.975 Thread 0x0000000003252800 Uncommon trap: reason=unstable_if action=reinterpret pc=0x00000000037f3a78 method=sun.net.util.IPAddressUtil.scan(Ljava/lang/String;JJ[C)I @ 14
Event: 11.976 Thread 0x0000000003252800 Uncommon trap: reason=unstable_if action=reinterpret pc=0x00000000037f4b8c method=java.net.URL.set(Ljava/lang/String;Ljava/lang/String;ILjava/lang/String;Ljava/lang/String;Ljava/lang/String;Ljava/lang/String;Ljava/lang/String;)V @ 23
Event: 11.980 Thread 0x00000000204e0000 Uncommon trap: reason=unstable_if action=reinterpret pc=0x00000000036058ac method=java.lang.CharacterDataLatin1.digit(II)I @ 60
Event: 11.980 Thread 0x00000000204e0000 Uncommon trap: reason=unstable_if action=reinterpret pc=0x0000000003b9e864 method=java.lang.CharacterDataLatin1.digit(II)I @ 60
Event: 19.274 Thread 0x00000000204d0800 Uncommon trap: reason=unstable_if action=reinterpret pc=0x0000000003d81f54 method=java.nio.Buffer.<init>(IIII)V @ 66
Event: 19.396 Thread 0x00000000204d0800 Uncommon trap: reason=unstable_if action=reinterpret pc=0x00000000041b97a4 method=java.util.StringTokenizer.scanToken(I)I @ 96
Event: 19.444 Thread 0x00000000204d0800 Uncommon trap: reason=bimorphic action=maybe_recompile pc=0x00000000035de68c method=java.util.Hashtable.addEntry(ILjava/lang/Object;Ljava/lang/Object;I)V @ 38
Event: 19.445 Thread 0x00000000204d0800 Uncommon trap: reason=bimorphic action=maybe_recompile pc=0x00000000035de68c method=java.util.Hashtable.addEntry(ILjava/lang/Object;Ljava/lang/Object;I)V @ 38
Event: 19.445 Thread 0x00000000204d0800 Uncommon trap: reason=bimorphic action=maybe_recompile pc=0x00000000035de68c method=java.util.Hashtable.addEntry(ILjava/lang/Object;Ljava/lang/Object;I)V @ 38
Event: 19.452 Thread 0x00000000204d0800 Uncommon trap: reason=unstable_if action=reinterpret pc=0x0000000003560e00 method=java.lang.CharacterData.of(I)Ljava/lang/CharacterData; @ 4

Classes redefined (0 events):
No events

Internal exceptions (10 events):
Event: 11.770 Thread 0x0000000003252800 Exception <a 'java/lang/ClassNotFoundException': org/springframework/cloud/context/properties/ConfigurationPropertiesRebinderCustomizer> (0x00000000dfd0fbd8) thrown at [C:\ade\jenkins\workspace\8-2-build-windows-amd64-cygwin\jdk8u241\331\hotspot\src\share
Event: 11.771 Thread 0x0000000003252800 Exception <a 'java/lang/ClassNotFoundException': org/springframework/context/ApplicationContextAwareCustomizer> (0x00000000dfd3f540) thrown at [C:\ade\jenkins\workspace\8-2-build-windows-amd64-cygwin\jdk8u241\331\hotspot\src\share\vm\classfile\systemDicti
Event: 11.771 Thread 0x0000000003252800 Exception <a 'java/lang/ClassNotFoundException': org/springframework/beans/factory/AwareCustomizer> (0x00000000dfd5ea88) thrown at [C:\ade\jenkins\workspace\8-2-build-windows-amd64-cygwin\jdk8u241\331\hotspot\src\share\vm\classfile\systemDictionary.cpp, l
Event: 11.772 Thread 0x0000000003252800 Exception <a 'java/lang/ClassNotFoundException': org/springframework/context/ApplicationListenerCustomizer> (0x00000000dfd7fd88) thrown at [C:\ade\jenkins\workspace\8-2-build-windows-amd64-cygwin\jdk8u241\331\hotspot\src\share\vm\classfile\systemDictionar
Event: 11.772 Thread 0x0000000003252800 Exception <a 'java/lang/ClassNotFoundException': java/util/EventListenerCustomizer> (0x00000000dfd8c698) thrown at [C:\ade\jenkins\workspace\8-2-build-windows-amd64-cygwin\jdk8u241\331\hotspot\src\share\vm\classfile\systemDictionary.cpp, line 210]
Event: 11.773 Thread 0x0000000003252800 Exception <a 'java/lang/ClassNotFoundException': java/lang/ObjectCustomizer> (0x00000000dfda7240) thrown at [C:\ade\jenkins\workspace\8-2-build-windows-amd64-cygwin\jdk8u241\331\hotspot\src\share\vm\classfile\systemDictionary.cpp, line 210]
Event: 11.773 Thread 0x0000000003252800 Exception <a 'java/lang/ClassNotFoundException': org/springframework/jmx/export/metadata/AbstractJmxAttributeCustomizer> (0x00000000dfdd1510) thrown at [C:\ade\jenkins\workspace\8-2-build-windows-amd64-cygwin\jdk8u241\331\hotspot\src\share\vm\classfile\sy
Event: 11.774 Thread 0x0000000003252800 Exception <a 'java/lang/ClassNotFoundException': org/springframework/jmx/export/metadata/ManagedAttributeCustomizer> (0x00000000dfdfb710) thrown at [C:\ade\jenkins\workspace\8-2-build-windows-amd64-cygwin\jdk8u241\331\hotspot\src\share\vm\classfile\system
Event: 11.962 Thread 0x00000000204e0000 Exception <a 'java/io/FileNotFoundException'> (0x00000000e13f1970) thrown at [C:\ade\jenkins\workspace\8-2-build-windows-amd64-cygwin\jdk8u241\331\hotspot\src\share\vm\prims\jni.cpp, line 710]
Event: 11.962 Thread 0x00000000204e0000 Exception <a 'java/io/FileNotFoundException'> (0x00000000e13f1f98) thrown at [C:\ade\jenkins\workspace\8-2-build-windows-amd64-cygwin\jdk8u241\331\hotspot\src\share\vm\prims\jni.cpp, line 710]

Events (10 events):
Event: 19.615 loading class com/zaxxer/hikari/pool/HikariProxyResultSet
Event: 19.615 loading class com/zaxxer/hikari/pool/HikariProxyResultSet done
Event: 19.616 loading class com/zaxxer/hikari/pool/ProxyResultSet
Event: 19.616 loading class com/zaxxer/hikari/pool/ProxyResultSet done
Event: 19.620 loading class org/hibernate/loader/Loader$SqlStatementWrapper
Event: 19.620 loading class org/hibernate/loader/Loader$SqlStatementWrapper done
Event: 19.620 loading class org/hibernate/engine/spi/EntityKey
Event: 19.620 loading class org/hibernate/engine/spi/EntityKey done
Event: 19.621 loading class org/hibernate/type/descriptor/sql/IntegerTypeDescriptor$2
Event: 19.621 loading class org/hibernate/type/descriptor/sql/IntegerTypeDescriptor$2 done


Dynamic libraries:
0x00007ff658cc0000 - 0x00007ff658cf7000 	D:\Java\jdk1.8.0_241\bin\java.exe
0x00007ff812340000 - 0x00007ff812530000 	C:\Windows\SYSTEM32\ntdll.dll
0x00007ff811d50000 - 0x00007ff811e02000 	C:\Windows\System32\KERNEL32.DLL
0x00007ff80f7e0000 - 0x00007ff80fa85000 	C:\Windows\System32\KERNELBASE.dll
0x00007ff812250000 - 0x00007ff8122f3000 	C:\Windows\System32\ADVAPI32.dll
0x00007ff8118d0000 - 0x00007ff81196e000 	C:\Windows\System32\msvcrt.dll
0x00007ff811820000 - 0x00007ff8118b7000 	C:\Windows\System32\sechost.dll
0x00007ff810f40000 - 0x00007ff811060000 	C:\Windows\System32\RPCRT4.dll
0x00007ff8120b0000 - 0x00007ff812244000 	C:\Windows\System32\USER32.dll
0x00007ff80f7b0000 - 0x00007ff80f7d1000 	C:\Windows\System32\win32u.dll
0x00007ff811370000 - 0x00007ff811396000 	C:\Windows\System32\GDI32.dll
0x00007ff80f610000 - 0x00007ff80f7a6000 	C:\Windows\System32\gdi32full.dll
0x00007ff80f490000 - 0x00007ff80f52e000 	C:\Windows\System32\msvcp_win.dll
0x00007ff80f2b0000 - 0x00007ff80f3aa000 	C:\Windows\System32\ucrtbase.dll
0x00007fffeaf10000 - 0x00007fffeb194000 	C:\Windows\WinSxS\amd64_microsoft.windows.common-controls_6595b64144ccf1df_6.0.18362.1256_none_9e7e379be45e40e2\COMCTL32.dll
0x00007ff8119a0000 - 0x00007ff811cd6000 	C:\Windows\System32\combase.dll
0x00007ff80f400000 - 0x00007ff80f481000 	C:\Windows\System32\bcryptPrimitives.dll
0x00007ff811970000 - 0x00007ff81199e000 	C:\Windows\System32\IMM32.DLL
0x000000006c150000 - 0x000000006c222000 	D:\Java\jdk1.8.0_241\jre\bin\msvcr100.dll
0x000000006b8a0000 - 0x000000006c14c000 	D:\Java\jdk1.8.0_241\jre\bin\server\jvm.dll
0x00007ff8118c0000 - 0x00007ff8118c8000 	C:\Windows\System32\PSAPI.DLL
0x00007ff80b620000 - 0x00007ff80b629000 	C:\Windows\SYSTEM32\WSOCK32.dll
0x00007ff80da20000 - 0x00007ff80da44000 	C:\Windows\SYSTEM32\WINMM.dll
0x00007ff811ce0000 - 0x00007ff811d4f000 	C:\Windows\System32\WS2_32.dll
0x00007ff80ef70000 - 0x00007ff80ef7a000 	C:\Windows\SYSTEM32\VERSION.dll
0x00007ff80c9f0000 - 0x00007ff80ca1d000 	C:\Windows\SYSTEM32\WINMMBASE.dll
0x00007ff80f3b0000 - 0x00007ff80f3fa000 	C:\Windows\System32\cfgmgr32.dll
0x00007ffff5c50000 - 0x00007ffff5c5f000 	D:\Java\jdk1.8.0_241\jre\bin\verify.dll
0x00007fffd2470000 - 0x00007fffd2499000 	D:\Java\jdk1.8.0_241\jre\bin\java.dll
0x00007fffe7340000 - 0x00007fffe7363000 	D:\Java\jdk1.8.0_241\jre\bin\instrument.dll
0x00007fffd7810000 - 0x00007fffd7826000 	D:\Java\jdk1.8.0_241\jre\bin\zip.dll
0x00007ff810520000 - 0x00007ff810c07000 	C:\Windows\System32\SHELL32.dll
0x00007ff810dc0000 - 0x00007ff810e69000 	C:\Windows\System32\shcore.dll
0x00007ff80fa90000 - 0x00007ff810211000 	C:\Windows\System32\windows.storage.dll
0x00007ff80f280000 - 0x00007ff80f2a3000 	C:\Windows\System32\profapi.dll
0x00007ff80f210000 - 0x00007ff80f25a000 	C:\Windows\System32\powrprof.dll
0x00007ff80f1e0000 - 0x00007ff80f1f0000 	C:\Windows\System32\UMPDC.dll
0x00007ff811130000 - 0x00007ff811182000 	C:\Windows\System32\shlwapi.dll
0x00007ff80f1f0000 - 0x00007ff80f201000 	C:\Windows\System32\kernel.appcore.dll
0x00007ff8103d0000 - 0x00007ff8103e7000 	C:\Windows\System32\cryptsp.dll
0x00007ff80b6b0000 - 0x00007ff80b6ca000 	D:\Program Files\JetBrains\IntelliJ IDEA Community Edition 2020.2.3\bin\breakgen64.dll
0x00007fffd0c40000 - 0x00007fffd0c5a000 	D:\Java\jdk1.8.0_241\jre\bin\net.dll
0x00007ff80e9b0000 - 0x00007ff80ea17000 	C:\Windows\system32\mswsock.dll
0x00007ff80e6d0000 - 0x00007ff80e70a000 	C:\Windows\SYSTEM32\IPHLPAPI.DLL
0x00007ff812020000 - 0x00007ff812028000 	C:\Windows\System32\NSI.dll
0x00007ff801630000 - 0x00007ff801646000 	C:\Windows\SYSTEM32\dhcpcsvc6.DLL
0x00007ff801610000 - 0x00007ff80162c000 	C:\Windows\SYSTEM32\dhcpcsvc.DLL
0x00007ff80e710000 - 0x00007ff80e7db000 	C:\Windows\SYSTEM32\DNSAPI.dll
0x00007ffff5c20000 - 0x00007ffff5c2d000 	D:\Java\jdk1.8.0_241\jre\bin\management.dll
0x00007fffd0a00000 - 0x00007fffd0a12000 	D:\Java\jdk1.8.0_241\jre\bin\nio.dll
0x00007ff8000c0000 - 0x00007ff80010b000 	C:\Program Files (x86)\Sangfor\SSL\ClientComponent\SangforNspX64.dll
0x00007ff811210000 - 0x00007ff811367000 	C:\Windows\System32\ole32.dll
0x00007ff811060000 - 0x00007ff811125000 	C:\Windows\System32\OLEAUT32.dll
0x0000000063560000 - 0x0000000063569000 	C:\Program Files\National Instruments\Shared\mDNS Responder\nimdnsNSP.dll
0x000000006d560000 - 0x000000006d603000 	C:\Windows\WinSxS\amd64_microsoft.vc90.crt_1fc8b3b9a1e18e3b_9.0.30729.9619_none_08e065a3a84109b0\MSVCR90.dll
0x0000000063550000 - 0x000000006355e000 	C:\Windows\SYSTEM32\nimdnsResponder.dll
0x00007ff802080000 - 0x00007ff80208a000 	C:\Windows\System32\rasadhlp.dll
0x00007ff801d10000 - 0x00007ff801d87000 	C:\Windows\System32\fwpuclnt.dll
0x00007ff80f5e0000 - 0x00007ff80f606000 	C:\Windows\System32\bcrypt.dll
0x00007fffe0180000 - 0x00007fffe0196000 	C:\Windows\system32\napinsp.dll
0x00007fffe0160000 - 0x00007fffe017a000 	C:\Windows\system32\pnrpnsp.dll
0x00007fffe4c30000 - 0x00007fffe4c3e000 	C:\Windows\System32\winrnr.dll
0x00007ff80b570000 - 0x00007ff80b58c000 	C:\Windows\system32\NLAapi.dll
0x00007ff808700000 - 0x00007ff808715000 	C:\Windows\system32\wshbth.dll
0x00007ff80e4b0000 - 0x00007ff80e4e3000 	C:\Windows\system32\rsaenh.dll
0x00007ff80f0c0000 - 0x00007ff80f0e5000 	C:\Windows\SYSTEM32\USERENV.dll
0x00007ff80eb90000 - 0x00007ff80eb9c000 	C:\Windows\SYSTEM32\CRYPTBASE.dll
0x00007fffd1050000 - 0x00007fffd1074000 	D:\Java\jdk1.8.0_241\jre\bin\sunec.dll
0x00007ff802190000 - 0x00007ff80219b000 	D:\Java\jdk1.8.0_241\jre\bin\sunmscapi.dll
0x00007ff810280000 - 0x00007ff8103c9000 	C:\Windows\System32\CRYPT32.dll
0x00007ff80f260000 - 0x00007ff80f272000 	C:\Windows\System32\MSASN1.dll

VM Arguments:
jvm_args: -javaagent:D:\Program Files\JetBrains\IntelliJ IDEA Community Edition 2020.2.3\lib\idea_rt.jar=62896:D:\Program Files\JetBrains\IntelliJ IDEA Community Edition 2020.2.3\bin -Dfile.encoding=UTF-8 
java_command: king.mainpartapplication
java_class_path (initial): D:\Java\jdk1.8.0_241\jre\lib\charsets.jar;D:\Java\jdk1.8.0_241\jre\lib\deploy.jar;D:\Java\jdk1.8.0_241\jre\lib\ext\access-bridge-64.jar;D:\Java\jdk1.8.0_241\jre\lib\ext\cldrdata.jar;D:\Java\jdk1.8.0_241\jre\lib\ext\dnsns.jar;D:\Java\jdk1.8.0_241\jre\lib\ext\jaccess.jar;D:\Java\jdk1.8.0_241\jre\lib\ext\jfxrt.jar;D:\Java\jdk1.8.0_241\jre\lib\ext\localedata.jar;D:\Java\jdk1.8.0_241\jre\lib\ext\nashorn.jar;D:\Java\jdk1.8.0_241\jre\lib\ext\sunec.jar;D:\Java\jdk1.8.0_241\jre\lib\ext\sunjce_provider.jar;D:\Java\jdk1.8.0_241\jre\lib\ext\sunmscapi.jar;D:\Java\jdk1.8.0_241\jre\lib\ext\sunpkcs11.jar;D:\Java\jdk1.8.0_241\jre\lib\ext\zipfs.jar;D:\Java\jdk1.8.0_241\jre\lib\javaws.jar;D:\Java\jdk1.8.0_241\jre\lib\jce.jar;D:\Java\jdk1.8.0_241\jre\lib\jfr.jar;D:\Java\jdk1.8.0_241\jre\lib\jfxswt.jar;D:\Java\jdk1.8.0_241\jre\lib\jsse.jar;D:\Java\jdk1.8.0_241\jre\lib\management-agent.jar;D:\Java\jdk1.8.0_241\jre\lib\plugin.jar;D:\Java\jdk1.8.0_241\jre\lib\resources.jar;D:\Java\jdk1.8.0_241\jre\lib\rt.jar;D:\temp\AcademicPlatform_Backend-master\Schlor-mainpart\target\classes;D:\temp\AcademicPlatform_Backend-master\common\target\classes;D:\maven\maven_Resporty\org\springframework\boot\spring-boot-starter-web\2.1.3.RELEASE\spring-boot-starter-web-2.1.3.RELEASE.jar;D:\maven\maven_Resporty\org\springframework\boot\spring-boot-starter-json\2.1.3.RELEASE\spring-boot-starter-json-2.1.3.RELEASE.jar;D:\maven\maven_Resporty\com\fasterxml\jackson\core\jackson-databind\2.9.8\jackson-databind-2.9.8.jar;D:\maven\maven_Resporty\com\fasterxml\jackson\datatype\jackson-datatype-jdk8\2.9.8\jackson-datatype-jdk8-2.9.8.jar;D:\maven\maven_Resporty\com\fasterxml\jackson\datatype\jackson-datatype-jsr310\2.9.8\jackson-datatype-jsr310-2.9.8.jar;D:\maven\maven_Resporty\com\fasterxml\jackson\module\jackson-module-parameter-names\2.9.8\jackson-module-parameter-names-2.9.8.jar;D:\maven\maven_Resporty\org\hibernate\validator\hibernate-validator\6.0.14.Final\hibernate-validator-6.0.14.Fina
Launcher Type: SUN_STANDARD

Environment Variables:
JAVA_HOME=D:\Java\jdk1.8.0_241
PATH=C:\Program Files\Microsoft MPI\Bin\;D:\Java\jdk1.8.0_241\bin;C:\Program Files (x86)\Common Files\Oracle\Java\javapath;C:\Windows\system32;C:\Windows;C:\Windows\System32\Wbem;C:\Windows\System32\WindowsPowerShell\v1.0\;C:\Windows\System32\OpenSSH\;C:\Program Files\Microsoft SQL Server\130\Tools\Binn\;C:\Program Files\Microsoft SQL Server\Client SDK\ODBC\170\Tools\Binn\;C:\Program Files (x86)\Microsoft SQL Server\150\Tools\Binn\;C:\Program Files\Microsoft SQL Server\150\Tools\Binn\;C:\Program Files\Microsoft SQL Server\150\DTS\Binn\;C:\Program Files (x86)\Microsoft SQL Server\150\DTS\Binn\;C:\Program Files\nodejs\;C:\Gradle\gradle-6.7\bin;D:\spring-2.3.6.RELEASE\bin;D:\Program Files (x86)\NetSarang\Xshell 7\;C:\Program Files\MySQL\MySQL Shell 8.0\bin\;C:\Users\lenovo\AppData\Local\Programs\Python\Python37\Scripts\;C:\Users\lenovo\AppData\Local\Programs\Python\Python37\;C:\Users\lenovo\AppData\Local\Microsoft\WindowsApps;D:\IntelliJ IDEA 2019.3.3\bin;C:\Users\lenovo\AppData\Local\GitHubDesktop\bin;C:\Users\lenovo\AppData\Roaming\npm;D:\Microsoft VS Code\bin;C:\Gradle\gradle-6.7\bin;D:\Program Files\JetBrains\IntelliJ IDEA Community Edition 2020.2.3\bin;;C:\apache-maven-3.6.3-bin\apache-maven-3.6.3\bin;
USERNAME=lenovo
OS=Windows_NT
PROCESSOR_IDENTIFIER=Intel64 Family 6 Model 142 Stepping 10, GenuineIntel



---------------  S Y S T E M  ---------------

OS: Windows 10.0 , 64 bit Build 18362 (10.0.18362.1110)

CPU:total 8 (initial active 8) (4 cores per cpu, 2 threads per core) family 6 model 142 stepping 10, cmov, cx8, fxsr, mmx, sse, sse2, sse3, ssse3, sse4.1, sse4.2, popcnt, avx, avx2, aes, clmul, erms, 3dnowpref, lzcnt, ht, tsc, tscinvbit, bmi1, bmi2, adx

Memory: 4k page, physical 8227540k(1236268k free), swap 14288796k(5316k free)

vm_info: Java HotSpot(TM) 64-Bit Server VM (25.241-b07) for windows-amd64 JRE (1.8.0_241-b07), built on Dec 11 2019 10:21:40 by "rejava" with MS VC++ 10.0 (VS2010)

time: Tue Dec 22 00:52:10 2020
timezone: 中国标准时间
elapsed time: 19 seconds (0d 0h 0m 19s)

