#
# There is insufficient memory for the Java Runtime Environment to continue.
# Native memory allocation (malloc) failed to allocate 1435184 bytes for Chunk::new
# Possible reasons:
#   The system is out of physical RAM or swap space
#   The process is running with CompressedOops enabled, and the Java Heap may be blocking the growth of the native heap
# Possible solutions:
#   Reduce memory load on the system
#   Increase physical memory or swap space
#   Check if swap backing store is full
#   Decrease Java heap size (-Xmx/-Xms)
#   Decrease number of Java threads
#   Decrease Java thread stack sizes (-Xss)
#   Set larger code cache with -XX:ReservedCodeCacheSize=
#   JVM is running with Unscaled Compressed Oops mode in which the Java heap is
#     placed in the first 4GB address space. The Java Heap base address is the
#     maximum limit for the native heap growth. Please use -XX:HeapBaseMinAddress
#     to set the Java Heap base and to place the Java Heap above 4GB virtual address.
# This output file may be truncated or incomplete.
#
#  Out of Memory Error (allocation.cpp:389), pid=2608, tid=0x00000000000043dc
#
# JRE version: Java(TM) SE Runtime Environment (8.0_241-b07) (build 1.8.0_241-b07)
# Java VM: Java HotSpot(TM) 64-Bit Server VM (25.241-b07 mixed mode windows-amd64 compressed oops)
# Failed to write core dump. Minidumps are not enabled by default on client versions of Windows
#

---------------  T H R E A D  ---------------

Current thread (0x000000001a7c7800):  JavaThread "C2 CompilerThread1" daemon [_thread_in_native, id=17372, stack(0x000000001af80000,0x000000001b080000)]

Stack: [0x000000001af80000,0x000000001b080000]
[error occurred during error reporting (printing stack bounds), id 0xc0000005]

Native frames: (J=compiled Java code, j=interpreted, Vv=VM code, C=native code)


Current CompileTask:
C2:   8532 5254       4       java.net.URLClassLoader$1::run (5 bytes)


---------------  P R O C E S S  ---------------

Java Threads: ( => current thread )
  0x000000001d81a800 JavaThread "HikariPool-1 connection adder" daemon [_thread_blocked, id=16864, stack(0x0000000022ec0000,0x0000000022fc0000)]
  0x000000001e238000 JavaThread "HikariPool-1 housekeeper" daemon [_thread_blocked, id=4252, stack(0x00000000228a0000,0x00000000229a0000)]
  0x000000001dee7000 JavaThread "mysql-cj-abandoned-connection-cleanup" daemon [_thread_blocked, id=2656, stack(0x00000000222f0000,0x00000000223f0000)]
  0x000000001ff2f800 JavaThread "container-0" [_thread_blocked, id=724, stack(0x0000000021ff0000,0x00000000220f0000)]
  0x00000000202b4800 JavaThread "Catalina-utility-2" [_thread_blocked, id=14780, stack(0x000000001d1c0000,0x000000001d2c0000)]
  0x000000001f94e800 JavaThread "Catalina-utility-1" [_thread_blocked, id=9460, stack(0x000000001d0b0000,0x000000001d1b0000)]
  0x000000001a85f000 JavaThread "Service Thread" daemon [_thread_blocked, id=3944, stack(0x000000001b280000,0x000000001b380000)]
  0x000000001a7cf800 JavaThread "C1 CompilerThread3" daemon [_thread_blocked, id=12704, stack(0x000000001b180000,0x000000001b280000)]
  0x000000001a7cc800 JavaThread "C2 CompilerThread2" daemon [_thread_blocked, id=10004, stack(0x000000001b080000,0x000000001b180000)]
=>0x000000001a7c7800 JavaThread "C2 CompilerThread1" daemon [_thread_in_native, id=17372, stack(0x000000001af80000,0x000000001b080000)]
  0x000000001a7c6000 JavaThread "C2 CompilerThread0" daemon [_thread_in_native, id=14588, stack(0x000000001ae80000,0x000000001af80000)]
  0x000000001a7c4000 JavaThread "Monitor Ctrl-Break" daemon [_thread_in_native, id=17144, stack(0x000000001ad80000,0x000000001ae80000)]
  0x0000000019db8000 JavaThread "Attach Listener" daemon [_thread_blocked, id=15120, stack(0x000000001a480000,0x000000001a580000)]
  0x0000000019db7800 JavaThread "Signal Dispatcher" daemon [_thread_blocked, id=8684, stack(0x000000001a380000,0x000000001a480000)]
  0x0000000019d41800 JavaThread "Finalizer" daemon [_thread_blocked, id=1240, stack(0x000000001a220000,0x000000001a320000)]
  0x0000000019d40800 JavaThread "Reference Handler" daemon [_thread_blocked, id=15004, stack(0x000000001a120000,0x000000001a220000)]
  0x0000000002d92800 JavaThread "main" [_thread_in_vm, id=18352, stack(0x0000000002c90000,0x0000000002d90000)]

Other Threads:
  0x0000000017f16800 VMThread [stack: 0x0000000019c20000,0x0000000019d20000] [id=1636]
  0x000000001a8cb000 WatcherThread [stack: 0x000000001b380000,0x000000001b480000] [id=5852]

VM state:not at safepoint (normal execution)

VM Mutex/Monitor currently owned by a thread: None

heap address: 0x0000000082600000, size: 2010 MB, Compressed Oops mode: 32-bit
Narrow klass base: 0x0000000000000000, Narrow klass shift: 3
Compressed class space size: 1073741824 Address: 0x0000000100000000

Heap:
 PSYoungGen      total 171520K, used 67714K [0x00000000d6200000, 0x00000000e1680000, 0x0000000100000000)
  eden space 158208K, 34% used [0x00000000d6200000,0x00000000d9728028,0x00000000dfc80000)
  from space 13312K, 99% used [0x00000000dfc80000,0x00000000e0978b10,0x00000000e0980000)
  to   space 12288K, 0% used [0x00000000e0a80000,0x00000000e0a80000,0x00000000e1680000)
 ParOldGen       total 57344K, used 21143K [0x0000000082600000, 0x0000000085e00000, 0x00000000d6200000)
  object space 57344K, 36% used [0x0000000082600000,0x0000000083aa5fd8,0x0000000085e00000)
 Metaspace       used 55180K, capacity 57130K, committed 57432K, reserved 1099776K
  class space    used 7425K, capacity 7795K, committed 7808K, reserved 1048576K

Card table byte_map: [0x00000000123b0000,0x00000000127a0000] byte_map_base: 0x0000000011f9d000

Marking Bits: (ParMarkBitMap*) 0x000000006c0cbe30
 Begin Bits: [0x0000000013240000, 0x00000000151a8000)
 End Bits:   [0x00000000151a8000, 0x0000000017110000)

Polling page: 0x00000000007f0000

CodeCache: size=245760Kb used=16753Kb max_used=16753Kb free=229006Kb
 bounds [0x0000000002ff0000, 0x0000000004060000, 0x0000000011ff0000]
 total_blobs=5483 nmethods=4911 adapters=481
 compilation: enabled

Compilation events (10 events):
Event: 8.447 Thread 0x000000001a7cc800 5618       4       net.bytebuddy.description.type.TypeDescription$ForLoadedType::represents (22 bytes)
Event: 8.456 Thread 0x000000001a7cc800 nmethod 5618 0x0000000004041510 code [0x00000000040416c0, 0x0000000004041f98]
Event: 8.456 Thread 0x000000001a7cc800 5616       4       net.bytebuddy.description.method.ParameterList$TypeSubstituting::size (10 bytes)
Event: 8.460 Thread 0x000000001a7cc800 nmethod 5616 0x0000000004046b50 code [0x0000000004046d40, 0x0000000004047330]
Event: 8.460 Thread 0x000000001a7cc800 5614       4       net.bytebuddy.description.method.MethodDescription$ForLoadedMethod::getParameters (57 bytes)
Event: 8.462 Thread 0x000000001a7cc800 nmethod 5614 0x00000000040411d0 code [0x0000000004041320, 0x0000000004041438]
Event: 8.462 Thread 0x000000001a7cc800 5609       4       net.bytebuddy.description.type.TypeList$Generic$Explicit::get (6 bytes)
Event: 8.463 Thread 0x000000001a7cc800 nmethod 5609 0x0000000004044d90 code [0x0000000004044ee0, 0x0000000004045058]
Event: 8.476 Thread 0x000000001a7cf800 5639       3       java.lang.Class$MethodArray::addIfNotPresent (47 bytes)
Event: 8.476 Thread 0x000000001a7cf800 nmethod 5639 0x0000000004043790 code [0x0000000004043920, 0x0000000004043d18]

GC Heap History (10 events):
Event: 4.821 GC heap before
{Heap before GC invocations=9 (full 1):
 PSYoungGen      total 136192K, used 133496K [0x00000000d6200000, 0x00000000dfc80000, 0x0000000100000000)
  eden space 127488K, 100% used [0x00000000d6200000,0x00000000dde80000,0x00000000dde80000)
  from space 8704K, 69% used [0x00000000dde80000,0x00000000de45e178,0x00000000de700000)
  to   space 8192K, 0% used [0x00000000df480000,0x00000000df480000,0x00000000dfc80000)
 ParOldGen       total 57344K, used 6356K [0x0000000082600000, 0x0000000085e00000, 0x00000000d6200000)
  object space 57344K, 11% used [0x0000000082600000,0x0000000082c351c0,0x0000000085e00000)
 Metaspace       used 32287K, capacity 33826K, committed 34048K, reserved 1079296K
  class space    used 4203K, capacity 4509K, committed 4608K, reserved 1048576K
Event: 4.832 GC heap after
Heap after GC invocations=9 (full 1):
 PSYoungGen      total 135680K, used 8180K [0x00000000d6200000, 0x00000000dfc80000, 0x0000000100000000)
  eden space 127488K, 0% used [0x00000000d6200000,0x00000000d6200000,0x00000000dde80000)
  from space 8192K, 99% used [0x00000000df480000,0x00000000dfc7d348,0x00000000dfc80000)
  to   space 8704K, 0% used [0x00000000dde80000,0x00000000dde80000,0x00000000de700000)
 ParOldGen       total 57344K, used 10522K [0x0000000082600000, 0x0000000085e00000, 0x00000000d6200000)
  object space 57344K, 18% used [0x0000000082600000,0x0000000083046850,0x0000000085e00000)
 Metaspace       used 32287K, capacity 33826K, committed 34048K, reserved 1079296K
  class space    used 4203K, capacity 4509K, committed 4608K, reserved 1048576K
}
Event: 5.467 GC heap before
{Heap before GC invocations=10 (full 1):
 PSYoungGen      total 135680K, used 30302K [0x00000000d6200000, 0x00000000dfc80000, 0x0000000100000000)
  eden space 127488K, 17% used [0x00000000d6200000,0x00000000d779a790,0x00000000dde80000)
  from space 8192K, 99% used [0x00000000df480000,0x00000000dfc7d348,0x00000000dfc80000)
  to   space 8704K, 0% used [0x00000000dde80000,0x00000000dde80000,0x00000000de700000)
 ParOldGen       total 57344K, used 10522K [0x0000000082600000, 0x0000000085e00000, 0x00000000d6200000)
  object space 57344K, 18% used [0x0000000082600000,0x0000000083046850,0x0000000085e00000)
 Metaspace       used 33762K, capacity 35360K, committed 35416K, reserved 1079296K
  class space    used 4399K, capacity 4686K, committed 4736K, reserved 1048576K
Event: 5.475 GC heap after
Heap after GC invocations=10 (full 1):
 PSYoungGen      total 136192K, used 8678K [0x00000000d6200000, 0x00000000e1700000, 0x0000000100000000)
  eden space 127488K, 0% used [0x00000000d6200000,0x00000000d6200000,0x00000000dde80000)
  from space 8704K, 99% used [0x00000000dde80000,0x00000000de6f9b58,0x00000000de700000)
  to   space 12800K, 0% used [0x00000000e0a80000,0x00000000e0a80000,0x00000000e1700000)
 ParOldGen       total 57344K, used 13683K [0x0000000082600000, 0x0000000085e00000, 0x00000000d6200000)
  object space 57344K, 23% used [0x0000000082600000,0x000000008335cd78,0x0000000085e00000)
 Metaspace       used 33762K, capacity 35360K, committed 35416K, reserved 1079296K
  class space    used 4399K, capacity 4686K, committed 4736K, reserved 1048576K
}
Event: 5.475 GC heap before
{Heap before GC invocations=11 (full 2):
 PSYoungGen      total 136192K, used 8678K [0x00000000d6200000, 0x00000000e1700000, 0x0000000100000000)
  eden space 127488K, 0% used [0x00000000d6200000,0x00000000d6200000,0x00000000dde80000)
  from space 8704K, 99% used [0x00000000dde80000,0x00000000de6f9b58,0x00000000de700000)
  to   space 12800K, 0% used [0x00000000e0a80000,0x00000000e0a80000,0x00000000e1700000)
 ParOldGen       total 57344K, used 13683K [0x0000000082600000, 0x0000000085e00000, 0x00000000d6200000)
  object space 57344K, 23% used [0x0000000082600000,0x000000008335cd78,0x0000000085e00000)
 Metaspace       used 33762K, capacity 35360K, committed 35416K, reserved 1079296K
  class space    used 4399K, capacity 4686K, committed 4736K, reserved 1048576K
Event: 5.537 GC heap after
Heap after GC invocations=11 (full 2):
 PSYoungGen      total 136192K, used 0K [0x00000000d6200000, 0x00000000e1700000, 0x0000000100000000)
  eden space 127488K, 0% used [0x00000000d6200000,0x00000000d6200000,0x00000000dde80000)
  from space 8704K, 0% used [0x00000000dde80000,0x00000000dde80000,0x00000000de700000)
  to   space 12800K, 0% used [0x00000000e0a80000,0x00000000e0a80000,0x00000000e1700000)
 ParOldGen       total 57344K, used 16976K [0x0000000082600000, 0x0000000085e00000, 0x00000000d6200000)
  object space 57344K, 29% used [0x0000000082600000,0x0000000083694140,0x0000000085e00000)
 Metaspace       used 33762K, capacity 35360K, committed 35416K, reserved 1079296K
  class space    used 4399K, capacity 4686K, committed 4736K, reserved 1048576K
}
Event: 6.850 GC heap before
{Heap before GC invocations=12 (full 2):
 PSYoungGen      total 136192K, used 127488K [0x00000000d6200000, 0x00000000e1700000, 0x0000000100000000)
  eden space 127488K, 100% used [0x00000000d6200000,0x00000000dde80000,0x00000000dde80000)
  from space 8704K, 0% used [0x00000000dde80000,0x00000000dde80000,0x00000000de700000)
  to   space 12800K, 0% used [0x00000000e0a80000,0x00000000e0a80000,0x00000000e1700000)
 ParOldGen       total 57344K, used 16976K [0x0000000082600000, 0x0000000085e00000, 0x00000000d6200000)
  object space 57344K, 29% used [0x0000000082600000,0x0000000083694140,0x0000000085e00000)
 Metaspace       used 41118K, capacity 42884K, committed 43224K, reserved 1087488K
  class space    used 5208K, capacity 5542K, committed 5632K, reserved 1048576K
Event: 6.859 GC heap after
Heap after GC invocations=12 (full 2):
 PSYoungGen      total 170496K, used 10225K [0x00000000d6200000, 0x00000000e1680000, 0x0000000100000000)
  eden space 158208K, 0% used [0x00000000d6200000,0x00000000d6200000,0x00000000dfc80000)
  from space 12288K, 83% used [0x00000000e0a80000,0x00000000e147c428,0x00000000e1680000)
  to   space 13312K, 0% used [0x00000000dfc80000,0x00000000dfc80000,0x00000000e0980000)
 ParOldGen       total 57344K, used 16984K [0x0000000082600000, 0x0000000085e00000, 0x00000000d6200000)
  object space 57344K, 29% used [0x0000000082600000,0x0000000083696140,0x0000000085e00000)
 Metaspace       used 41118K, capacity 42884K, committed 43224K, reserved 1087488K
  class space    used 5208K, capacity 5542K, committed 5632K, reserved 1048576K
}
Event: 8.089 GC heap before
{Heap before GC invocations=13 (full 2):
 PSYoungGen      total 170496K, used 168433K [0x00000000d6200000, 0x00000000e1680000, 0x0000000100000000)
  eden space 158208K, 100% used [0x00000000d6200000,0x00000000dfc80000,0x00000000dfc80000)
  from space 12288K, 83% used [0x00000000e0a80000,0x00000000e147c428,0x00000000e1680000)
  to   space 13312K, 0% used [0x00000000dfc80000,0x00000000dfc80000,0x00000000e0980000)
 ParOldGen       total 57344K, used 16984K [0x0000000082600000, 0x0000000085e00000, 0x00000000d6200000)
  object space 57344K, 29% used [0x0000000082600000,0x0000000083696140,0x0000000085e00000)
 Metaspace       used 52213K, capacity 54128K, committed 54360K, reserved 1095680K
  class space    used 6898K, capacity 7234K, committed 7296K, reserved 1048576K
Event: 8.104 GC heap after
Heap after GC invocations=13 (full 2):
 PSYoungGen      total 171520K, used 13282K [0x00000000d6200000, 0x00000000e1680000, 0x0000000100000000)
  eden space 158208K, 0% used [0x00000000d6200000,0x00000000d6200000,0x00000000dfc80000)
  from space 13312K, 99% used [0x00000000dfc80000,0x00000000e0978b10,0x00000000e0980000)
  to   space 12288K, 0% used [0x00000000e0a80000,0x00000000e0a80000,0x00000000e1680000)
 ParOldGen       total 57344K, used 21143K [0x0000000082600000, 0x0000000085e00000, 0x00000000d6200000)
  object space 57344K, 36% used [0x0000000082600000,0x0000000083aa5fd8,0x0000000085e00000)
 Metaspace       used 52213K, capacity 54128K, committed 54360K, reserved 1095680K
  class space    used 6898K, capacity 7234K, committed 7296K, reserved 1048576K
}

Deoptimization events (10 events):
Event: 7.805 Thread 0x0000000002d92800 Uncommon trap: reason=null_check action=make_not_entrant pc=0x0000000003c23648 method=java.lang.Class.createAnnotationData(I)Ljava/lang/Class$AnnotationData; @ 14
Event: 7.922 Thread 0x0000000002d92800 Uncommon trap: reason=unstable_if action=reinterpret pc=0x0000000003d27930 method=java.lang.Class$MethodArray.addIfNotPresent(Ljava/lang/reflect/Method;)V @ 19
Event: 7.942 Thread 0x0000000002d92800 Uncommon trap: reason=unstable_if action=reinterpret pc=0x0000000003da422c method=java.lang.reflect.Method.invoke(Ljava/lang/Object;[Ljava/lang/Object;)Ljava/lang/Object; @ 18
Event: 7.948 Thread 0x0000000002d92800 Uncommon trap: reason=class_check action=maybe_recompile pc=0x0000000003c6ac68 method=java.util.concurrent.ConcurrentMap.computeIfAbsent(Ljava/lang/Object;Ljava/util/function/Function;)Ljava/lang/Object; @ 7
Event: 7.990 Thread 0x0000000002d92800 Uncommon trap: reason=class_check action=maybe_recompile pc=0x0000000003c6ac68 method=java.util.concurrent.ConcurrentMap.computeIfAbsent(Ljava/lang/Object;Ljava/util/function/Function;)Ljava/lang/Object; @ 7
Event: 7.993 Thread 0x0000000002d92800 Uncommon trap: reason=class_check action=maybe_recompile pc=0x0000000003c6ac68 method=java.util.concurrent.ConcurrentMap.computeIfAbsent(Ljava/lang/Object;Ljava/util/function/Function;)Ljava/lang/Object; @ 7
Event: 7.996 Thread 0x0000000002d92800 Uncommon trap: reason=class_check action=maybe_recompile pc=0x0000000003c6ac68 method=java.util.concurrent.ConcurrentMap.computeIfAbsent(Ljava/lang/Object;Ljava/util/function/Function;)Ljava/lang/Object; @ 7
Event: 8.470 Thread 0x0000000002d92800 Uncommon trap: reason=class_check action=maybe_recompile pc=0x000000000374e7d8 method=java.util.regex.Pattern$SliceI.match(Ljava/util/regex/Matcher;ILjava/lang/CharSequence;)Z @ 92
Event: 8.471 Thread 0x0000000002d92800 Uncommon trap: reason=class_check action=maybe_recompile pc=0x000000000374e7d8 method=java.util.regex.Pattern$SliceI.match(Ljava/util/regex/Matcher;ILjava/lang/CharSequence;)Z @ 92
Event: 8.476 Thread 0x0000000002d92800 Uncommon trap: reason=class_check action=maybe_recompile pc=0x000000000374e7d8 method=java.util.regex.Pattern$SliceI.match(Ljava/util/regex/Matcher;ILjava/lang/CharSequence;)Z @ 92

Classes redefined (0 events):
No events

Internal exceptions (10 events):
Event: 6.063 Thread 0x0000000002d92800 Implicit null exception at 0x00000000036e8acd to 0x00000000036e903c
Event: 6.063 Thread 0x0000000002d92800 Exception <a 'java/lang/NullPointerException'> (0x00000000dbfa24b8) thrown at [C:\ade\jenkins\workspace\8-2-build-windows-amd64-cygwin\jdk8u241\331\hotspot\src\share\vm\runtime\sharedRuntime.cpp, line 605]
Event: 6.063 Thread 0x0000000002d92800 Implicit null exception at 0x00000000036e8acd to 0x00000000036e903c
Event: 6.063 Thread 0x0000000002d92800 Exception <a 'java/lang/NullPointerException'> (0x00000000dbfa3468) thrown at [C:\ade\jenkins\workspace\8-2-build-windows-amd64-cygwin\jdk8u241\331\hotspot\src\share\vm\runtime\sharedRuntime.cpp, line 605]
Event: 6.063 Thread 0x0000000002d92800 Implicit null exception at 0x00000000036e8acd to 0x00000000036e903c
Event: 6.063 Thread 0x0000000002d92800 Exception <a 'java/lang/NullPointerException'> (0x00000000dbfa43b0) thrown at [C:\ade\jenkins\workspace\8-2-build-windows-amd64-cygwin\jdk8u241\331\hotspot\src\share\vm\runtime\sharedRuntime.cpp, line 605]
Event: 6.063 Thread 0x0000000002d92800 Implicit null exception at 0x00000000036e8acd to 0x00000000036e903c
Event: 6.063 Thread 0x0000000002d92800 Exception <a 'java/lang/NullPointerException'> (0x00000000dbfa5348) thrown at [C:\ade\jenkins\workspace\8-2-build-windows-amd64-cygwin\jdk8u241\331\hotspot\src\share\vm\runtime\sharedRuntime.cpp, line 605]
Event: 6.957 Thread 0x0000000002d92800 Implicit null exception at 0x0000000003f139b9 to 0x0000000003f1a0c9
Event: 7.702 Thread 0x0000000002d92800 Implicit null exception at 0x0000000003be5f71 to 0x0000000003be6375

Events (10 events):
Event: 8.504 loading class org/hibernate/loader/entity/CascadeEntityJoinWalker
Event: 8.504 loading class org/hibernate/loader/entity/CascadeEntityJoinWalker done
Event: 8.504 loading class org/hibernate/loader/AbstractEntityJoinWalker
Event: 8.504 loading class org/hibernate/loader/AbstractEntityJoinWalker done
Event: 8.505 loading class org/hibernate/internal/CoreMessageLogger_$logger_zh_CN
Event: 8.505 loading class org/hibernate/internal/CoreMessageLogger_$logger_zh_CN done
Event: 8.505 loading class org/hibernate/internal/CoreMessageLogger_$logger_zh
Event: 8.505 loading class org/hibernate/internal/CoreMessageLogger_$logger_zh done
Event: 8.505 loading class org/hibernate/engine/spi/CascadingActions
Event: 8.505 loading class org/hibernate/engine/spi/CascadingActions done


Dynamic libraries:
0x00007ff658cc0000 - 0x00007ff658cf7000 	D:\Java\jdk1.8.0_241\bin\java.exe
0x00007ff812340000 - 0x00007ff812530000 	C:\Windows\SYSTEM32\ntdll.dll
0x00007ff811d50000 - 0x00007ff811e02000 	C:\Windows\System32\KERNEL32.DLL
0x00007ff80f7e0000 - 0x00007ff80fa85000 	C:\Windows\System32\KERNELBASE.dll
0x00007ff812250000 - 0x00007ff8122f3000 	C:\Windows\System32\ADVAPI32.dll
0x00007ff8118d0000 - 0x00007ff81196e000 	C:\Windows\System32\msvcrt.dll
0x00007ff811820000 - 0x00007ff8118b7000 	C:\Windows\System32\sechost.dll
0x00007ff810f40000 - 0x00007ff811060000 	C:\Windows\System32\RPCRT4.dll
0x00007ff8120b0000 - 0x00007ff812244000 	C:\Windows\System32\USER32.dll
0x00007ff80f7b0000 - 0x00007ff80f7d1000 	C:\Windows\System32\win32u.dll
0x00007ff811370000 - 0x00007ff811396000 	C:\Windows\System32\GDI32.dll
0x00007ff80f610000 - 0x00007ff80f7a6000 	C:\Windows\System32\gdi32full.dll
0x00007ff80f490000 - 0x00007ff80f52e000 	C:\Windows\System32\msvcp_win.dll
0x00007ff80f2b0000 - 0x00007ff80f3aa000 	C:\Windows\System32\ucrtbase.dll
0x00007fffeaf10000 - 0x00007fffeb194000 	C:\Windows\WinSxS\amd64_microsoft.windows.common-controls_6595b64144ccf1df_6.0.18362.1256_none_9e7e379be45e40e2\COMCTL32.dll
0x00007ff8119a0000 - 0x00007ff811cd6000 	C:\Windows\System32\combase.dll
0x00007ff80f400000 - 0x00007ff80f481000 	C:\Windows\System32\bcryptPrimitives.dll
0x00007ff811970000 - 0x00007ff81199e000 	C:\Windows\System32\IMM32.DLL
0x000000006c150000 - 0x000000006c222000 	D:\Java\jdk1.8.0_241\jre\bin\msvcr100.dll
0x000000006b8a0000 - 0x000000006c14c000 	D:\Java\jdk1.8.0_241\jre\bin\server\jvm.dll
0x00007ff8118c0000 - 0x00007ff8118c8000 	C:\Windows\System32\PSAPI.DLL
0x00007ff80b620000 - 0x00007ff80b629000 	C:\Windows\SYSTEM32\WSOCK32.dll
0x00007ff811ce0000 - 0x00007ff811d4f000 	C:\Windows\System32\WS2_32.dll
0x00007ff80ef70000 - 0x00007ff80ef7a000 	C:\Windows\SYSTEM32\VERSION.dll
0x00007ff80da20000 - 0x00007ff80da44000 	C:\Windows\SYSTEM32\WINMM.dll
0x00007ff80c9f0000 - 0x00007ff80ca1d000 	C:\Windows\SYSTEM32\winmmbase.dll
0x00007ff80f3b0000 - 0x00007ff80f3fa000 	C:\Windows\System32\cfgmgr32.dll
0x00007ffff5c50000 - 0x00007ffff5c5f000 	D:\Java\jdk1.8.0_241\jre\bin\verify.dll
0x00007fffd2470000 - 0x00007fffd2499000 	D:\Java\jdk1.8.0_241\jre\bin\java.dll
0x00007fffe7340000 - 0x00007fffe7363000 	D:\Java\jdk1.8.0_241\jre\bin\instrument.dll
0x00007fffd7810000 - 0x00007fffd7826000 	D:\Java\jdk1.8.0_241\jre\bin\zip.dll
0x00007ff810520000 - 0x00007ff810c07000 	C:\Windows\System32\SHELL32.dll
0x00007ff810dc0000 - 0x00007ff810e69000 	C:\Windows\System32\shcore.dll
0x00007ff80fa90000 - 0x00007ff810211000 	C:\Windows\System32\windows.storage.dll
0x00007ff80f280000 - 0x00007ff80f2a3000 	C:\Windows\System32\profapi.dll
0x00007ff80f210000 - 0x00007ff80f25a000 	C:\Windows\System32\powrprof.dll
0x00007ff80f1e0000 - 0x00007ff80f1f0000 	C:\Windows\System32\UMPDC.dll
0x00007ff811130000 - 0x00007ff811182000 	C:\Windows\System32\shlwapi.dll
0x00007ff80f1f0000 - 0x00007ff80f201000 	C:\Windows\System32\kernel.appcore.dll
0x00007ff8103d0000 - 0x00007ff8103e7000 	C:\Windows\System32\cryptsp.dll
0x00007ff80b6b0000 - 0x00007ff80b6ca000 	D:\Program Files\JetBrains\IntelliJ IDEA Community Edition 2020.2.3\bin\breakgen64.dll
0x00007fffd0c40000 - 0x00007fffd0c5a000 	D:\Java\jdk1.8.0_241\jre\bin\net.dll
0x00007ff80e9b0000 - 0x00007ff80ea17000 	C:\Windows\system32\mswsock.dll
0x00007ff80e6d0000 - 0x00007ff80e70a000 	C:\Windows\SYSTEM32\IPHLPAPI.DLL
0x00007ff812020000 - 0x00007ff812028000 	C:\Windows\System32\NSI.dll
0x00007ff801630000 - 0x00007ff801646000 	C:\Windows\SYSTEM32\dhcpcsvc6.DLL
0x00007ff801610000 - 0x00007ff80162c000 	C:\Windows\SYSTEM32\dhcpcsvc.DLL
0x00007ff80e710000 - 0x00007ff80e7db000 	C:\Windows\SYSTEM32\DNSAPI.dll
0x00007ffff5c20000 - 0x00007ffff5c2d000 	D:\Java\jdk1.8.0_241\jre\bin\management.dll
0x00007fffd0a00000 - 0x00007fffd0a12000 	D:\Java\jdk1.8.0_241\jre\bin\nio.dll
0x00007ff8000c0000 - 0x00007ff80010b000 	C:\Program Files (x86)\Sangfor\SSL\ClientComponent\SangforNspX64.dll
0x00007ff811210000 - 0x00007ff811367000 	C:\Windows\System32\ole32.dll
0x00007ff811060000 - 0x00007ff811125000 	C:\Windows\System32\OLEAUT32.dll
0x0000000063560000 - 0x0000000063569000 	C:\Program Files\National Instruments\Shared\mDNS Responder\nimdnsNSP.dll
0x0000000063550000 - 0x000000006355e000 	C:\Windows\SYSTEM32\nimdnsResponder.dll
0x000000006d560000 - 0x000000006d603000 	C:\Windows\WinSxS\amd64_microsoft.vc90.crt_1fc8b3b9a1e18e3b_9.0.30729.9619_none_08e065a3a84109b0\MSVCR90.dll
0x00007ff802080000 - 0x00007ff80208a000 	C:\Windows\System32\rasadhlp.dll
0x00007ff801d10000 - 0x00007ff801d87000 	C:\Windows\System32\fwpuclnt.dll
0x00007ff80f5e0000 - 0x00007ff80f606000 	C:\Windows\System32\bcrypt.dll
0x00007fffe0180000 - 0x00007fffe0196000 	C:\Windows\system32\napinsp.dll
0x00007fffe0160000 - 0x00007fffe017a000 	C:\Windows\system32\pnrpnsp.dll
0x00007fffe4c30000 - 0x00007fffe4c3e000 	C:\Windows\System32\winrnr.dll
0x00007ff80b570000 - 0x00007ff80b58c000 	C:\Windows\system32\NLAapi.dll
0x00007ff808700000 - 0x00007ff808715000 	C:\Windows\system32\wshbth.dll
0x00007ff80e4b0000 - 0x00007ff80e4e3000 	C:\Windows\system32\rsaenh.dll
0x00007ff80f0c0000 - 0x00007ff80f0e5000 	C:\Windows\SYSTEM32\USERENV.dll
0x00007ff80eb90000 - 0x00007ff80eb9c000 	C:\Windows\SYSTEM32\CRYPTBASE.dll
0x00007fffd1050000 - 0x00007fffd1074000 	D:\Java\jdk1.8.0_241\jre\bin\sunec.dll
0x00007ff802190000 - 0x00007ff80219b000 	D:\Java\jdk1.8.0_241\jre\bin\sunmscapi.dll
0x00007ff810280000 - 0x00007ff8103c9000 	C:\Windows\System32\CRYPT32.dll
0x00007ff80f260000 - 0x00007ff80f272000 	C:\Windows\System32\MSASN1.dll

VM Arguments:
jvm_args: -javaagent:D:\Program Files\JetBrains\IntelliJ IDEA Community Edition 2020.2.3\lib\idea_rt.jar=63879:D:\Program Files\JetBrains\IntelliJ IDEA Community Edition 2020.2.3\bin -Dfile.encoding=UTF-8 
java_command: king.mainpartapplication
java_class_path (initial): D:\Java\jdk1.8.0_241\jre\lib\charsets.jar;D:\Java\jdk1.8.0_241\jre\lib\deploy.jar;D:\Java\jdk1.8.0_241\jre\lib\ext\access-bridge-64.jar;D:\Java\jdk1.8.0_241\jre\lib\ext\cldrdata.jar;D:\Java\jdk1.8.0_241\jre\lib\ext\dnsns.jar;D:\Java\jdk1.8.0_241\jre\lib\ext\jaccess.jar;D:\Java\jdk1.8.0_241\jre\lib\ext\jfxrt.jar;D:\Java\jdk1.8.0_241\jre\lib\ext\localedata.jar;D:\Java\jdk1.8.0_241\jre\lib\ext\nashorn.jar;D:\Java\jdk1.8.0_241\jre\lib\ext\sunec.jar;D:\Java\jdk1.8.0_241\jre\lib\ext\sunjce_provider.jar;D:\Java\jdk1.8.0_241\jre\lib\ext\sunmscapi.jar;D:\Java\jdk1.8.0_241\jre\lib\ext\sunpkcs11.jar;D:\Java\jdk1.8.0_241\jre\lib\ext\zipfs.jar;D:\Java\jdk1.8.0_241\jre\lib\javaws.jar;D:\Java\jdk1.8.0_241\jre\lib\jce.jar;D:\Java\jdk1.8.0_241\jre\lib\jfr.jar;D:\Java\jdk1.8.0_241\jre\lib\jfxswt.jar;D:\Java\jdk1.8.0_241\jre\lib\jsse.jar;D:\Java\jdk1.8.0_241\jre\lib\management-agent.jar;D:\Java\jdk1.8.0_241\jre\lib\plugin.jar;D:\Java\jdk1.8.0_241\jre\lib\resources.jar;D:\Java\jdk1.8.0_241\jre\lib\rt.jar;D:\temp\AcademicPlatform_Backend-master\Schlor-mainpart\target\classes;D:\temp\AcademicPlatform_Backend-master\common\target\classes;D:\maven\maven_Resporty\org\springframework\boot\spring-boot-starter-web\2.1.3.RELEASE\spring-boot-starter-web-2.1.3.RELEASE.jar;D:\maven\maven_Resporty\org\springframework\boot\spring-boot-starter-json\2.1.3.RELEASE\spring-boot-starter-json-2.1.3.RELEASE.jar;D:\maven\maven_Resporty\com\fasterxml\jackson\core\jackson-databind\2.9.8\jackson-databind-2.9.8.jar;D:\maven\maven_Resporty\com\fasterxml\jackson\datatype\jackson-datatype-jdk8\2.9.8\jackson-datatype-jdk8-2.9.8.jar;D:\maven\maven_Resporty\com\fasterxml\jackson\datatype\jackson-datatype-jsr310\2.9.8\jackson-datatype-jsr310-2.9.8.jar;D:\maven\maven_Resporty\com\fasterxml\jackson\module\jackson-module-parameter-names\2.9.8\jackson-module-parameter-names-2.9.8.jar;D:\maven\maven_Resporty\org\hibernate\validator\hibernate-validator\6.0.14.Final\hibernate-validator-6.0.14.Fina
Launcher Type: SUN_STANDARD

Environment Variables:
JAVA_HOME=D:\Java\jdk1.8.0_241
PATH=C:\Program Files\Microsoft MPI\Bin\;D:\Java\jdk1.8.0_241\bin;C:\Program Files (x86)\Common Files\Oracle\Java\javapath;C:\Windows\system32;C:\Windows;C:\Windows\System32\Wbem;C:\Windows\System32\WindowsPowerShell\v1.0\;C:\Windows\System32\OpenSSH\;C:\Program Files\Microsoft SQL Server\130\Tools\Binn\;C:\Program Files\Microsoft SQL Server\Client SDK\ODBC\170\Tools\Binn\;C:\Program Files (x86)\Microsoft SQL Server\150\Tools\Binn\;C:\Program Files\Microsoft SQL Server\150\Tools\Binn\;C:\Program Files\Microsoft SQL Server\150\DTS\Binn\;C:\Program Files (x86)\Microsoft SQL Server\150\DTS\Binn\;C:\Program Files\nodejs\;C:\Gradle\gradle-6.7\bin;D:\spring-2.3.6.RELEASE\bin;D:\Program Files (x86)\NetSarang\Xshell 7\;C:\Program Files\MySQL\MySQL Shell 8.0\bin\;C:\Users\lenovo\AppData\Local\Programs\Python\Python37\Scripts\;C:\Users\lenovo\AppData\Local\Programs\Python\Python37\;C:\Users\lenovo\AppData\Local\Microsoft\WindowsApps;D:\IntelliJ IDEA 2019.3.3\bin;C:\Users\lenovo\AppData\Local\GitHubDesktop\bin;C:\Users\lenovo\AppData\Roaming\npm;D:\Microsoft VS Code\bin;C:\Gradle\gradle-6.7\bin;D:\Program Files\JetBrains\IntelliJ IDEA Community Edition 2020.2.3\bin;;C:\apache-maven-3.6.3-bin\apache-maven-3.6.3\bin;
USERNAME=lenovo
OS=Windows_NT
PROCESSOR_IDENTIFIER=Intel64 Family 6 Model 142 Stepping 10, GenuineIntel



---------------  S Y S T E M  ---------------

OS: Windows 10.0 , 64 bit Build 18362 (10.0.18362.1110)

CPU:total 8 (initial active 8) (4 cores per cpu, 2 threads per core) family 6 model 142 stepping 10, cmov, cx8, fxsr, mmx, sse, sse2, sse3, ssse3, sse4.1, sse4.2, popcnt, avx, avx2, aes, clmul, erms, 3dnowpref, lzcnt, ht, tsc, tscinvbit, bmi1, bmi2, adx

Memory: 4k page, physical 8227540k(1030876k free), swap 14288796k(9816k free)

vm_info: Java HotSpot(TM) 64-Bit Server VM (25.241-b07) for windows-amd64 JRE (1.8.0_241-b07), built on Dec 11 2019 10:21:40 by "rejava" with MS VC++ 10.0 (VS2010)

time: Tue Dec 22 01:21:14 2020
timezone: 中国标准时间
elapsed time: 8 seconds (0d 0h 0m 8s)

