#
# There is insufficient memory for the Java Runtime Environment to continue.
# Native memory allocation (malloc) failed to allocate 1113632 bytes for Chunk::new
# Possible reasons:
#   The system is out of physical RAM or swap space
#   The process is running with CompressedOops enabled, and the Java Heap may be blocking the growth of the native heap
# Possible solutions:
#   Reduce memory load on the system
#   Increase physical memory or swap space
#   Check if swap backing store is full
#   Decrease Java heap size (-Xmx/-Xms)
#   Decrease number of Java threads
#   Decrease Java thread stack sizes (-Xss)
#   Set larger code cache with -XX:ReservedCodeCacheSize=
#   JVM is running with Unscaled Compressed Oops mode in which the Java heap is
#     placed in the first 4GB address space. The Java Heap base address is the
#     maximum limit for the native heap growth. Please use -XX:HeapBaseMinAddress
#     to set the Java Heap base and to place the Java Heap above 4GB virtual address.
# This output file may be truncated or incomplete.
#
#  Out of Memory Error (allocation.cpp:389), pid=21960, tid=0x000000000000504c
#
# JRE version: Java(TM) SE Runtime Environment (8.0_261-b12) (build 1.8.0_261-b12)
# Java VM: Java HotSpot(TM) 64-Bit Server VM (25.261-b12 mixed mode windows-amd64 compressed oops)
# Failed to write core dump. Minidumps are not enabled by default on client versions of Windows
#

---------------  T H R E A D  ---------------

Current thread (0x000001dfe9c7e800):  JavaThread "C2 CompilerThread0" daemon [_thread_in_native, id=20556, stack(0x0000009cb3b00000,0x0000009cb3c00000)]

Stack: [0x0000009cb3b00000,0x0000009cb3c00000]
Native frames: (J=compiled Java code, j=interpreted, Vv=VM code, C=native code)
V  [jvm.dll+0x33e5f9]
V  [jvm.dll+0x2850e2]
V  [jvm.dll+0x285d8d]
V  [jvm.dll+0x27c895]
V  [jvm.dll+0xe4d6c]
V  [jvm.dll+0xe556c]
V  [jvm.dll+0x47ed35]
V  [jvm.dll+0x446900]
V  [jvm.dll+0x44f8f5]
V  [jvm.dll+0x44ecb5]
V  [jvm.dll+0x439bc7]
V  [jvm.dll+0xbbbcb]
V  [jvm.dll+0xba22b]
V  [jvm.dll+0x24d962]
V  [jvm.dll+0x2a1cfc]
C  [ucrtbase.dll+0x210b2]
C  [KERNEL32.DLL+0x17c24]
C  [ntdll.dll+0x6d4d1]


Current CompileTask:
C2:  29769 4418       4       com.sun.beans.TypeResolver::resolve (37 bytes)


---------------  P R O C E S S  ---------------

Java Threads: ( => current thread )
  0x000001dfee366800 JavaThread "elasticsearch[_client_][generic][T#4]" daemon [_thread_blocked, id=20436, stack(0x0000009cb5600000,0x0000009cb5700000)]
  0x000001dfee36c800 JavaThread "elasticsearch[_client_][transport_client_boss][T#15]" daemon [_thread_in_native, id=13148, stack(0x0000009cb5500000,0x0000009cb5600000)]
  0x000001dfee36b000 JavaThread "elasticsearch[_client_][generic][T#3]" daemon [_thread_blocked, id=10488, stack(0x0000009cb5400000,0x0000009cb5500000)]
  0x000001dfee369000 JavaThread "elasticsearch[_client_][generic][T#2]" daemon [_thread_blocked, id=18400, stack(0x0000009cb5300000,0x0000009cb5400000)]
  0x000001dfee365000 JavaThread "elasticsearch[_client_][transport_client_boss][T#14]" daemon [_thread_in_native, id=22004, stack(0x0000009cb5200000,0x0000009cb5300000)]
  0x000001dfee36c000 JavaThread "elasticsearch[_client_][transport_client_boss][T#13]" daemon [_thread_in_native, id=17780, stack(0x0000009cb5100000,0x0000009cb5200000)]
  0x000001dfee369800 JavaThread "elasticsearch[_client_][transport_client_boss][T#12]" daemon [_thread_in_native, id=13888, stack(0x0000009cb5000000,0x0000009cb5100000)]
  0x000001dfee36a800 JavaThread "elasticsearch[_client_][transport_client_boss][T#11]" daemon [_thread_in_native, id=10656, stack(0x0000009cb4f00000,0x0000009cb5000000)]
  0x000001dfec604800 JavaThread "elasticsearch[_client_][transport_client_boss][T#10]" daemon [_thread_in_native, id=23080, stack(0x0000009cb4e00000,0x0000009cb4f00000)]
  0x000001dfec607000 JavaThread "elasticsearch[_client_][transport_client_boss][T#9]" daemon [_thread_in_native, id=7072, stack(0x0000009cb4d00000,0x0000009cb4e00000)]
  0x000001dfec604000 JavaThread "elasticsearch[_client_][transport_client_boss][T#8]" daemon [_thread_in_native, id=3028, stack(0x0000009cb4c00000,0x0000009cb4d00000)]
  0x000001dfec606000 JavaThread "elasticsearch[_client_][transport_client_boss][T#7]" daemon [_thread_in_native, id=18364, stack(0x0000009cb4b00000,0x0000009cb4c00000)]
  0x000001dfec605800 JavaThread "elasticsearch[_client_][transport_client_boss][T#6]" daemon [_thread_in_native, id=14888, stack(0x0000009cb4a00000,0x0000009cb4b00000)]
  0x000001dfeffb8000 JavaThread "elasticsearch[_client_][transport_client_boss][T#5]" daemon [_thread_in_native, id=15124, stack(0x0000009cb4900000,0x0000009cb4a00000)]
  0x000001dfeffb7000 JavaThread "elasticsearch[_client_][transport_client_boss][T#4]" daemon [_thread_in_native, id=10936, stack(0x0000009cb4800000,0x0000009cb4900000)]
  0x000001dfee07e000 JavaThread "elasticsearch[_client_][transport_client_boss][T#3]" daemon [_thread_in_native, id=1960, stack(0x0000009cb4700000,0x0000009cb4800000)]
  0x000001dfee07d800 JavaThread "elasticsearch[_client_][transport_client_boss][T#2]" daemon [_thread_in_native, id=6212, stack(0x0000009cb4600000,0x0000009cb4700000)]
  0x000001dfeff1e800 JavaThread "elasticsearch[_client_][generic][T#1]" daemon [_thread_blocked, id=19220, stack(0x0000009cb4500000,0x0000009cb4600000)]
  0x000001dfee54a800 JavaThread "elasticsearch[_client_][transport_client_boss][T#1]" daemon [_thread_in_native, id=5712, stack(0x0000009cb4300000,0x0000009cb4400000)]
  0x000001dfee8a2800 JavaThread "elasticsearch[_client_][scheduler][T#1]" daemon [_thread_blocked, id=22544, stack(0x0000009cb4200000,0x0000009cb4300000)]
  0x000001dfee787800 JavaThread "elasticsearch[_client_][[timer]]" daemon [_thread_blocked, id=12340, stack(0x0000009cb4100000,0x0000009cb4200000)]
  0x000001dfe9c8e000 JavaThread "Service Thread" daemon [_thread_blocked, id=21984, stack(0x0000009cb3f00000,0x0000009cb4000000)]
  0x000001dfeb890000 JavaThread "C1 CompilerThread3" daemon [_thread_blocked, id=20788, stack(0x0000009cb3e00000,0x0000009cb3f00000)]
  0x000001dfe9c86800 JavaThread "C2 CompilerThread2" daemon [_thread_in_native, id=6408, stack(0x0000009cb3d00000,0x0000009cb3e00000)]
  0x000001dfe9c83000 JavaThread "C2 CompilerThread1" daemon [_thread_blocked, id=19056, stack(0x0000009cb3c00000,0x0000009cb3d00000)]
=>0x000001dfe9c7e800 JavaThread "C2 CompilerThread0" daemon [_thread_in_native, id=20556, stack(0x0000009cb3b00000,0x0000009cb3c00000)]
  0x000001dfe9c73000 JavaThread "Monitor Ctrl-Break" daemon [_thread_in_native, id=22488, stack(0x0000009cb3a00000,0x0000009cb3b00000)]
  0x000001dfeb882800 JavaThread "Attach Listener" daemon [_thread_blocked, id=21336, stack(0x0000009cb3900000,0x0000009cb3a00000)]
  0x000001dfe9c44800 JavaThread "Signal Dispatcher" daemon [_thread_blocked, id=10956, stack(0x0000009cb3800000,0x0000009cb3900000)]
  0x000001dfd41cd800 JavaThread "Finalizer" daemon [_thread_blocked, id=18492, stack(0x0000009cb3700000,0x0000009cb3800000)]
  0x000001dfd41c5000 JavaThread "Reference Handler" daemon [_thread_blocked, id=20768, stack(0x0000009cb3600000,0x0000009cb3700000)]
  0x000001dfd4138000 JavaThread "main" [_thread_in_native, id=2252, stack(0x0000009cb2900000,0x0000009cb2a00000)]

Other Threads:
  0x000001dfe9c01000 VMThread [stack: 0x0000009cb3500000,0x0000009cb3600000] [id=23244]
  0x000001dfeb95e800 WatcherThread [stack: 0x0000009cb4000000,0x0000009cb4100000] [id=19524]

VM state:not at safepoint (normal execution)

VM Mutex/Monitor currently owned by a thread: None

heap address: 0x0000000093200000, size: 1742 MB, Compressed Oops mode: 32-bit
Narrow klass base: 0x0000000000000000, Narrow klass shift: 3
Compressed class space size: 1073741824 Address: 0x0000000100000000

Heap:
 PSYoungGen      total 267776K, used 161493K [0x00000000dbb80000, 0x00000000f0680000, 0x0000000100000000)
  eden space 241664K, 66% used [0x00000000dbb80000,0x00000000e5935790,0x00000000ea780000)
  from space 26112K, 0% used [0x00000000ec400000,0x00000000ec400000,0x00000000edd80000)
  to   space 29184K, 0% used [0x00000000ea780000,0x00000000ea780000,0x00000000ec400000)
 ParOldGen       total 301056K, used 153055K [0x0000000093200000, 0x00000000a5800000, 0x00000000dbb80000)
  object space 301056K, 50% used [0x0000000093200000,0x000000009c777d58,0x00000000a5800000)
 Metaspace       used 55842K, capacity 59508K, committed 59816K, reserved 1099776K
  class space    used 7683K, capacity 8532K, committed 8624K, reserved 1048576K

Card table byte_map: [0x000001dfe5110000,0x000001dfe5480000] byte_map_base: 0x000001dfe4c77000

Marking Bits: (ParMarkBitMap*) 0x00000000595d4fb0
 Begin Bits: [0x000001dfe56d0000, 0x000001dfe7208000)
 End Bits:   [0x000001dfe7208000, 0x000001dfe8d40000)

Polling page: 0x000001dfd42b0000

CodeCache: size=245760Kb used=13866Kb max_used=13878Kb free=231893Kb
 bounds [0x000001dfd5d50000, 0x000001dfd6af0000, 0x000001dfe4d50000]
 total_blobs=4498 nmethods=3922 adapters=489
 compilation: enabled

Compilation events (10 events):
Event: 29.530 Thread 0x000001dfeb890000 4508       3       org.springframework.cglib.core.ClassEmitter$1::<init> (32 bytes)
Event: 29.531 Thread 0x000001dfeb890000 nmethod 4508 0x000001dfd6ad39d0 code [0x000001dfd6ad3b40, 0x000001dfd6ad3db8]
Event: 29.531 Thread 0x000001dfeb890000 4509       3       org.springframework.cglib.core.ClassEmitter::end_class (82 bytes)
Event: 29.532 Thread 0x000001dfeb890000 nmethod 4509 0x000001dfd6ad2590 code [0x000001dfd6ad27c0, 0x000001dfd6ad3500]
Event: 29.532 Thread 0x000001dfeb890000 4510       1       org.springframework.cglib.core.SpringNamingPolicy::getTag (3 bytes)
Event: 29.532 Thread 0x000001dfeb890000 nmethod 4510 0x000001dfd6acd990 code [0x000001dfd6acdae0, 0x000001dfd6acdbf8]
Event: 29.576 Thread 0x000001dfeb890000 4513       3       java.lang.Math::min (46 bytes)
Event: 29.577 Thread 0x000001dfeb890000 nmethod 4513 0x000001dfd6ad2050 code [0x000001dfd6ad21c0, 0x000001dfd6ad2518]
Event: 29.586 Thread 0x000001dfe9c83000 nmethod 4482 0x000001dfd6ae7090 code [0x000001dfd6ae7280, 0x000001dfd6ae86b8]
Event: 29.586 Thread 0x000001dfe9c83000 4512   !   4       sun.reflect.misc.ReflectUtil::isPackageAccessible (12 bytes)

GC Heap History (10 events):
Event: 12.279 GC heap before
{Heap before GC invocations=13 (full 2):
 PSYoungGen      total 144896K, used 1521K [0x00000000dbb80000, 0x00000000e8880000, 0x0000000100000000)
  eden space 134656K, 0% used [0x00000000dbb80000,0x00000000dbb80000,0x00000000e3f00000)
  from space 10240K, 14% used [0x00000000e3f00000,0x00000000e407c780,0x00000000e4900000)
  to   space 10240K, 0% used [0x00000000e7e80000,0x00000000e7e80000,0x00000000e8880000)
 ParOldGen       total 45056K, used 14391K [0x0000000093200000, 0x0000000095e00000, 0x00000000dbb80000)
  object space 45056K, 31% used [0x0000000093200000,0x000000009400dfa0,0x0000000095e00000)
 Metaspace       used 33532K, capacity 35276K, committed 35496K, reserved 1079296K
  class space    used 4419K, capacity 4758K, committed 4784K, reserved 1048576K
Event: 12.380 GC heap after
Heap after GC invocations=13 (full 2):
 PSYoungGen      total 144896K, used 0K [0x00000000dbb80000, 0x00000000e8880000, 0x0000000100000000)
  eden space 134656K, 0% used [0x00000000dbb80000,0x00000000dbb80000,0x00000000e3f00000)
  from space 10240K, 0% used [0x00000000e3f00000,0x00000000e3f00000,0x00000000e4900000)
  to   space 10240K, 0% used [0x00000000e7e80000,0x00000000e7e80000,0x00000000e8880000)
 ParOldGen       total 67584K, used 12992K [0x0000000093200000, 0x0000000097400000, 0x00000000dbb80000)
  object space 67584K, 19% used [0x0000000093200000,0x0000000093eb02d8,0x0000000097400000)
 Metaspace       used 33532K, capacity 35276K, committed 35496K, reserved 1079296K
  class space    used 4419K, capacity 4758K, committed 4784K, reserved 1048576K
}
Event: 18.951 GC heap before
{Heap before GC invocations=14 (full 2):
 PSYoungGen      total 144896K, used 134656K [0x00000000dbb80000, 0x00000000e8880000, 0x0000000100000000)
  eden space 134656K, 100% used [0x00000000dbb80000,0x00000000e3f00000,0x00000000e3f00000)
  from space 10240K, 0% used [0x00000000e3f00000,0x00000000e3f00000,0x00000000e4900000)
  to   space 10240K, 0% used [0x00000000e7e80000,0x00000000e7e80000,0x00000000e8880000)
 ParOldGen       total 67584K, used 12992K [0x0000000093200000, 0x0000000097400000, 0x00000000dbb80000)
  object space 67584K, 19% used [0x0000000093200000,0x0000000093eb02d8,0x0000000097400000)
 Metaspace       used 42311K, capacity 44712K, committed 44840K, reserved 1087488K
  class space    used 5570K, capacity 6114K, committed 6192K, reserved 1048576K
Event: 18.983 GC heap after
Heap after GC invocations=14 (full 2):
 PSYoungGen      total 188416K, used 9708K [0x00000000dbb80000, 0x00000000e8800000, 0x0000000100000000)
  eden space 178688K, 0% used [0x00000000dbb80000,0x00000000dbb80000,0x00000000e6a00000)
  from space 9728K, 99% used [0x00000000e7e80000,0x00000000e87fb318,0x00000000e8800000)
  to   space 11264K, 0% used [0x00000000e7200000,0x00000000e7200000,0x00000000e7d00000)
 ParOldGen       total 67584K, used 13000K [0x0000000093200000, 0x0000000097400000, 0x00000000dbb80000)
  object space 67584K, 19% used [0x0000000093200000,0x0000000093eb22d8,0x0000000097400000)
 Metaspace       used 42311K, capacity 44712K, committed 44840K, reserved 1087488K
  class space    used 5570K, capacity 6114K, committed 6192K, reserved 1048576K
}
Event: 23.725 GC heap before
{Heap before GC invocations=15 (full 2):
 PSYoungGen      total 188416K, used 188396K [0x00000000dbb80000, 0x00000000e8800000, 0x0000000100000000)
  eden space 178688K, 100% used [0x00000000dbb80000,0x00000000e6a00000,0x00000000e6a00000)
  from space 9728K, 99% used [0x00000000e7e80000,0x00000000e87fb318,0x00000000e8800000)
  to   space 11264K, 0% used [0x00000000e7200000,0x00000000e7200000,0x00000000e7d00000)
 ParOldGen       total 67584K, used 13000K [0x0000000093200000, 0x0000000097400000, 0x00000000dbb80000)
  object space 67584K, 19% used [0x0000000093200000,0x0000000093eb22d8,0x0000000097400000)
 Metaspace       used 51829K, capacity 54612K, committed 54824K, reserved 1095680K
  class space    used 7005K, capacity 7710K, committed 7728K, reserved 1048576K
Event: 23.871 GC heap after
Heap after GC invocations=15 (full 2):
 PSYoungGen      total 198144K, used 11240K [0x00000000dbb80000, 0x00000000edd80000, 0x0000000100000000)
  eden space 186880K, 0% used [0x00000000dbb80000,0x00000000dbb80000,0x00000000e7200000)
  from space 11264K, 99% used [0x00000000e7200000,0x00000000e7cfa110,0x00000000e7d00000)
  to   space 26112K, 0% used [0x00000000ec400000,0x00000000ec400000,0x00000000edd80000)
 ParOldGen       total 67584K, used 49015K [0x0000000093200000, 0x0000000097400000, 0x00000000dbb80000)
  object space 67584K, 72% used [0x0000000093200000,0x00000000961ddc60,0x0000000097400000)
 Metaspace       used 51829K, capacity 54612K, committed 54824K, reserved 1095680K
  class space    used 7005K, capacity 7710K, committed 7728K, reserved 1048576K
}
Event: 25.901 GC heap before
{Heap before GC invocations=16 (full 2):
 PSYoungGen      total 198144K, used 198120K [0x00000000dbb80000, 0x00000000edd80000, 0x0000000100000000)
  eden space 186880K, 100% used [0x00000000dbb80000,0x00000000e7200000,0x00000000e7200000)
  from space 11264K, 99% used [0x00000000e7200000,0x00000000e7cfa110,0x00000000e7d00000)
  to   space 26112K, 0% used [0x00000000ec400000,0x00000000ec400000,0x00000000edd80000)
 ParOldGen       total 67584K, used 49015K [0x0000000093200000, 0x0000000097400000, 0x00000000dbb80000)
  object space 67584K, 72% used [0x0000000093200000,0x00000000961ddc60,0x0000000097400000)
 Metaspace       used 53995K, capacity 57322K, committed 57512K, reserved 1097728K
  class space    used 7412K, capacity 8255K, committed 8368K, reserved 1048576K
Event: 26.327 GC heap after
Heap after GC invocations=16 (full 2):
 PSYoungGen      total 267776K, used 21552K [0x00000000dbb80000, 0x00000000f0680000, 0x0000000100000000)
  eden space 241664K, 0% used [0x00000000dbb80000,0x00000000dbb80000,0x00000000ea780000)
  from space 26112K, 82% used [0x00000000ec400000,0x00000000ed90c268,0x00000000edd80000)
  to   space 29184K, 0% used [0x00000000ea780000,0x00000000ea780000,0x00000000ec400000)
 ParOldGen       total 253440K, used 248236K [0x0000000093200000, 0x00000000a2980000, 0x00000000dbb80000)
  object space 253440K, 97% used [0x0000000093200000,0x00000000a246b360,0x00000000a2980000)
 Metaspace       used 53995K, capacity 57322K, committed 57512K, reserved 1097728K
  class space    used 7412K, capacity 8255K, committed 8368K, reserved 1048576K
}
Event: 26.333 GC heap before
{Heap before GC invocations=17 (full 3):
 PSYoungGen      total 267776K, used 21552K [0x00000000dbb80000, 0x00000000f0680000, 0x0000000100000000)
  eden space 241664K, 0% used [0x00000000dbb80000,0x00000000dbb80000,0x00000000ea780000)
  from space 26112K, 82% used [0x00000000ec400000,0x00000000ed90c268,0x00000000edd80000)
  to   space 29184K, 0% used [0x00000000ea780000,0x00000000ea780000,0x00000000ec400000)
 ParOldGen       total 253440K, used 248236K [0x0000000093200000, 0x00000000a2980000, 0x00000000dbb80000)
  object space 253440K, 97% used [0x0000000093200000,0x00000000a246b360,0x00000000a2980000)
 Metaspace       used 53995K, capacity 57322K, committed 57512K, reserved 1097728K
  class space    used 7412K, capacity 8255K, committed 8368K, reserved 1048576K
Event: 27.145 GC heap after
Heap after GC invocations=17 (full 3):
 PSYoungGen      total 267776K, used 0K [0x00000000dbb80000, 0x00000000f0680000, 0x0000000100000000)
  eden space 241664K, 0% used [0x00000000dbb80000,0x00000000dbb80000,0x00000000ea780000)
  from space 26112K, 0% used [0x00000000ec400000,0x00000000ec400000,0x00000000edd80000)
  to   space 29184K, 0% used [0x00000000ea780000,0x00000000ea780000,0x00000000ec400000)
 ParOldGen       total 301056K, used 153055K [0x0000000093200000, 0x00000000a5800000, 0x00000000dbb80000)
  object space 301056K, 50% used [0x0000000093200000,0x000000009c777d58,0x00000000a5800000)
 Metaspace       used 53995K, capacity 57322K, committed 57512K, reserved 1097728K
  class space    used 7412K, capacity 8255K, committed 8368K, reserved 1048576K
}

Deoptimization events (10 events):
Event: 23.569 Thread 0x000001dfee54a800 Uncommon trap: reason=unstable_if action=reinterpret pc=0x000001dfd69585a8 method=java.util.WeakHashMap.put(Ljava/lang/Object;Ljava/lang/Object;)Ljava/lang/Object; @ 47
Event: 24.369 Thread 0x000001dfd4138000 Uncommon trap: reason=unstable_if action=reinterpret pc=0x000001dfd6210d38 method=org.springframework.util.ConcurrentReferenceHashMap$Segment.restructureIfNecessary(Z)V @ 34
Event: 24.543 Thread 0x000001dfd4138000 Uncommon trap: reason=null_check action=make_not_entrant pc=0x000001dfd688b314 method=org.springframework.util.ClassUtils.isAssignable(Ljava/lang/Class;Ljava/lang/Class;)Z @ 14
Event: 25.202 Thread 0x000001dfd4138000 Uncommon trap: reason=class_check action=maybe_recompile pc=0x000001dfd68f0dd8 method=org.springframework.beans.factory.support.AbstractBeanFactory.isTypeMatch(Ljava/lang/String;Lorg/springframework/core/ResolvableType;)Z @ 47
Event: 25.204 Thread 0x000001dfd4138000 Uncommon trap: reason=class_check action=maybe_recompile pc=0x000001dfd68f0dd8 method=org.springframework.beans.factory.support.AbstractBeanFactory.isTypeMatch(Ljava/lang/String;Lorg/springframework/core/ResolvableType;)Z @ 47
Event: 25.213 Thread 0x000001dfd4138000 Uncommon trap: reason=class_check action=maybe_recompile pc=0x000001dfd68f0dd8 method=org.springframework.beans.factory.support.AbstractBeanFactory.isTypeMatch(Ljava/lang/String;Lorg/springframework/core/ResolvableType;)Z @ 47
Event: 25.222 Thread 0x000001dfd4138000 Uncommon trap: reason=class_check action=maybe_recompile pc=0x000001dfd68f0dd8 method=org.springframework.beans.factory.support.AbstractBeanFactory.isTypeMatch(Ljava/lang/String;Lorg/springframework/core/ResolvableType;)Z @ 47
Event: 25.502 Thread 0x000001dfd4138000 Uncommon trap: reason=class_check action=maybe_recompile pc=0x000001dfd6a109c4 method=org.springframework.util.ConcurrentReferenceHashMap$Segment.restructureIfNecessary(Z)V @ 239
Event: 28.311 Thread 0x000001dfd4138000 Uncommon trap: reason=unstable_if action=reinterpret pc=0x000001dfd62d7398 method=org.springframework.beans.factory.support.DefaultSingletonBeanRegistry.getSingleton(Ljava/lang/String;Z)Ljava/lang/Object; @ 47
Event: 29.059 Thread 0x000001dfd4138000 Uncommon trap: reason=unstable_if action=reinterpret pc=0x000001dfd65a10d4 method=java.lang.reflect.Method.equals(Ljava/lang/Object;)Z @ 1

Classes redefined (0 events):
No events

Internal exceptions (10 events):
Event: 29.521 Thread 0x000001dfd4138000 Exception <a 'java/lang/ClassNotFoundException': org/springframework/beans/factory/BeanFactoryAwareCustomizer> (0x00000000e5273760) thrown at [C:\jenkins\workspace\8-2-build-windows-amd64-cygwin\jdk8u261\295\hotspot\src\share\vm\classfile\systemDictionary
Event: 29.525 Thread 0x000001dfd4138000 Exception <a 'java/lang/ClassNotFoundException': org/springframework/beans/factory/AwareCustomizer> (0x00000000e52a4718) thrown at [C:\jenkins\workspace\8-2-build-windows-amd64-cygwin\jdk8u261\295\hotspot\src\share\vm\classfile\systemDictionary.cpp, line 
Event: 29.556 Thread 0x000001dfd4138000 Exception <a 'java/lang/ClassNotFoundException': com/fasterxml/jackson/module/paramnames/ParameterNamesModuleBeanInfo> (0x00000000e53ac0c8) thrown at [C:\jenkins\workspace\8-2-build-windows-amd64-cygwin\jdk8u261\295\hotspot\src\share\vm\classfile\systemDi
Event: 29.559 Thread 0x000001dfd4138000 Exception <a 'java/lang/ClassNotFoundException': com/fasterxml/jackson/databind/module/SimpleModuleBeanInfo> (0x00000000e53e0500) thrown at [C:\jenkins\workspace\8-2-build-windows-amd64-cygwin\jdk8u261\295\hotspot\src\share\vm\classfile\systemDictionary.c
Event: 29.562 Thread 0x000001dfd4138000 Exception <a 'java/lang/ClassNotFoundException': com/fasterxml/jackson/databind/ModuleBeanInfo> (0x00000000e540e010) thrown at [C:\jenkins\workspace\8-2-build-windows-amd64-cygwin\jdk8u261\295\hotspot\src\share\vm\classfile\systemDictionary.cpp, line 210]
Event: 29.565 Thread 0x000001dfd4138000 Exception <a 'java/lang/ClassNotFoundException': com/fasterxml/jackson/databind/ModuleCustomizer> (0x00000000e543c7b8) thrown at [C:\jenkins\workspace\8-2-build-windows-amd64-cygwin\jdk8u261\295\hotspot\src\share\vm\classfile\systemDictionary.cpp, line 21
Event: 29.569 Thread 0x000001dfd4138000 Exception <a 'java/lang/ClassNotFoundException': com/fasterxml/jackson/databind/module/SimpleModuleCustomizer> (0x00000000e54776a8) thrown at [C:\jenkins\workspace\8-2-build-windows-amd64-cygwin\jdk8u261\295\hotspot\src\share\vm\classfile\systemDictionary
Event: 29.576 Thread 0x000001dfd4138000 Exception <a 'java/lang/ClassNotFoundException': com/fasterxml/jackson/module/paramnames/ParameterNamesModuleCustomizer> (0x00000000e54dafa0) thrown at [C:\jenkins\workspace\8-2-build-windows-amd64-cygwin\jdk8u261\295\hotspot\src\share\vm\classfile\system
Event: 29.581 Thread 0x000001dfd4138000 Exception <a 'java/lang/ClassNotFoundException': com/fasterxml/jackson/core/VersionedCustomizer> (0x00000000e55203d8) thrown at [C:\jenkins\workspace\8-2-build-windows-amd64-cygwin\jdk8u261\295\hotspot\src\share\vm\classfile\systemDictionary.cpp, line 210
Event: 29.586 Thread 0x000001dfd4138000 Exception <a 'java/lang/ClassNotFoundException': java/lang/ObjectCustomizer> (0x00000000e5539af8) thrown at [C:\jenkins\workspace\8-2-build-windows-amd64-cygwin\jdk8u261\295\hotspot\src\share\vm\classfile\systemDictionary.cpp, line 210]

Events (10 events):
Event: 29.580 loading class com/fasterxml/jackson/core/VersionedCustomizer
Event: 29.580 loading class com/fasterxml/jackson/core/VersionedCustomizer done
Event: 29.581 loading class com/fasterxml/jackson/core/VersionedCustomizer
Event: 29.581 loading class com/fasterxml/jackson/core/VersionedCustomizer done
Event: 29.583 loading class java/lang/ObjectCustomizer
Event: 29.583 loading class java/lang/ObjectCustomizer done
Event: 29.585 loading class java/lang/ObjectCustomizer
Event: 29.585 loading class java/lang/ObjectCustomizer done
Event: 29.586 loading class org/springframework/boot/autoconfigure/jackson/JacksonAutoConfigurationCustomizer
Event: 29.586 loading class org/springframework/boot/autoconfigure/jackson/JacksonAutoConfigurationCustomizer done


Dynamic libraries:
0x00007ff683e00000 - 0x00007ff683e47000 	D:\jdk\jdk1.8\bin\java.exe
0x00007ff980a40000 - 0x00007ff980c30000 	C:\WINDOWS\SYSTEM32\ntdll.dll
0x00007ff980030000 - 0x00007ff9800e2000 	C:\WINDOWS\System32\KERNEL32.DLL
0x00007ff97dec0000 - 0x00007ff97e165000 	C:\WINDOWS\System32\KERNELBASE.dll
0x00007ff9808a0000 - 0x00007ff980943000 	C:\WINDOWS\System32\ADVAPI32.dll
0x00007ff980600000 - 0x00007ff98069e000 	C:\WINDOWS\System32\msvcrt.dll
0x00007ff9804e0000 - 0x00007ff980577000 	C:\WINDOWS\System32\sechost.dll
0x00007ff97fbd0000 - 0x00007ff97fcf0000 	C:\WINDOWS\System32\RPCRT4.dll
0x00007ff9806a0000 - 0x00007ff980834000 	C:\WINDOWS\System32\USER32.dll
0x00007ff97e2c0000 - 0x00007ff97e2e1000 	C:\WINDOWS\System32\win32u.dll
0x00007ff9803a0000 - 0x00007ff9803c6000 	C:\WINDOWS\System32\GDI32.dll
0x00007ff97d9b0000 - 0x00007ff97db46000 	C:\WINDOWS\System32\gdi32full.dll
0x00007ff97db50000 - 0x00007ff97dbee000 	C:\WINDOWS\System32\msvcp_win.dll
0x00007ff97dce0000 - 0x00007ff97ddda000 	C:\WINDOWS\System32\ucrtbase.dll
0x00007ff956ba0000 - 0x00007ff956e24000 	C:\WINDOWS\WinSxS\amd64_microsoft.windows.common-controls_6595b64144ccf1df_6.0.18362.1256_none_9e7e379be45e40e2\COMCTL32.dll
0x00007ff97fcf0000 - 0x00007ff980026000 	C:\WINDOWS\System32\combase.dll
0x00007ff97dc50000 - 0x00007ff97dcd1000 	C:\WINDOWS\System32\bcryptPrimitives.dll
0x00007ff980370000 - 0x00007ff98039e000 	C:\WINDOWS\System32\IMM32.DLL
0x0000000180000000 - 0x00000001800a3000 	D:\北航云盘\北航云盘\winhook64.dll
0x00007ff97f4e0000 - 0x00007ff97f4e8000 	C:\WINDOWS\System32\PSAPI.DLL
0x00007ff97fb90000 - 0x00007ff97fbad000 	C:\WINDOWS\System32\imagehlp.dll
0x00007ff97edf0000 - 0x00007ff97f4d7000 	C:\WINDOWS\System32\SHELL32.dll
0x00007ff97ea80000 - 0x00007ff97eaca000 	C:\WINDOWS\System32\cfgmgr32.dll
0x00007ff9803d0000 - 0x00007ff980479000 	C:\WINDOWS\System32\shcore.dll
0x00007ff97e2f0000 - 0x00007ff97ea71000 	C:\WINDOWS\System32\windows.storage.dll
0x00007ff97d960000 - 0x00007ff97d983000 	C:\WINDOWS\System32\profapi.dll
0x00007ff97d910000 - 0x00007ff97d95a000 	C:\WINDOWS\System32\powrprof.dll
0x00007ff97d8e0000 - 0x00007ff97d8f0000 	C:\WINDOWS\System32\UMPDC.dll
0x00007ff980160000 - 0x00007ff9801b2000 	C:\WINDOWS\System32\shlwapi.dll
0x00007ff97d990000 - 0x00007ff97d9a1000 	C:\WINDOWS\System32\kernel.appcore.dll
0x00007ff97ead0000 - 0x00007ff97eae7000 	C:\WINDOWS\System32\cryptsp.dll
0x00007ff97f4f0000 - 0x00007ff97f647000 	C:\WINDOWS\System32\ole32.dll
0x000000005b220000 - 0x000000005b2f3000 	C:\WINDOWS\WinSxS\amd64_microsoft.vc90.crt_1fc8b3b9a1e18e3b_9.0.30729.9619_none_08e065a3a84109b0\MSVCP90.dll
0x000000005b170000 - 0x000000005b213000 	C:\WINDOWS\WinSxS\amd64_microsoft.vc90.crt_1fc8b3b9a1e18e3b_9.0.30729.9619_none_08e065a3a84109b0\MSVCR90.dll
0x00007ff97cde0000 - 0x00007ff97ce1a000 	C:\WINDOWS\SYSTEM32\IPHLPAPI.DLL
0x00007ff976970000 - 0x00007ff976985000 	D:\jdk\jdk1.8\jre\bin\vcruntime140.dll
0x00007ff943c50000 - 0x00007ff943ceb000 	D:\jdk\jdk1.8\jre\bin\msvcp140.dll
0x0000000058de0000 - 0x000000005964c000 	D:\jdk\jdk1.8\jre\bin\server\jvm.dll
0x00007ff975240000 - 0x00007ff97524a000 	C:\WINDOWS\SYSTEM32\VERSION.dll
0x00007ff979f10000 - 0x00007ff979f34000 	C:\WINDOWS\SYSTEM32\WINMM.dll
0x00007ff976e50000 - 0x00007ff976e59000 	C:\WINDOWS\SYSTEM32\WSOCK32.dll
0x00007ff9800f0000 - 0x00007ff98015f000 	C:\WINDOWS\System32\WS2_32.dll
0x00007ff979ee0000 - 0x00007ff979f0d000 	C:\WINDOWS\SYSTEM32\winmmbase.dll
0x00007ff976ea0000 - 0x00007ff976eb0000 	D:\jdk\jdk1.8\jre\bin\verify.dll
0x00007ff9768c0000 - 0x00007ff9768eb000 	D:\jdk\jdk1.8\jre\bin\java.dll
0x00007ff9731a0000 - 0x00007ff9731d2000 	D:\jdk\jdk1.8\jre\bin\instrument.dll
0x00007ff9768a0000 - 0x00007ff9768b8000 	D:\jdk\jdk1.8\jre\bin\zip.dll
0x00007ff973160000 - 0x00007ff97317a000 	D:\Intellij IDEA\IntelliJ IDEA 2019.3.3\bin\breakgen64.dll
0x00007ff976840000 - 0x00007ff97685c000 	D:\jdk\jdk1.8\jre\bin\net.dll
0x00007ff97d0d0000 - 0x00007ff97d137000 	C:\WINDOWS\system32\mswsock.dll
0x00007ff976780000 - 0x00007ff976793000 	D:\jdk\jdk1.8\jre\bin\nio.dll
0x00007ff97fbb0000 - 0x00007ff97fbb8000 	C:\WINDOWS\System32\NSI.dll
0x00007ff975170000 - 0x00007ff975186000 	C:\WINDOWS\SYSTEM32\dhcpcsvc6.DLL
0x00007ff975150000 - 0x00007ff97516c000 	C:\WINDOWS\SYSTEM32\dhcpcsvc.DLL
0x00007ff97ce20000 - 0x00007ff97ceeb000 	C:\WINDOWS\SYSTEM32\DNSAPI.dll
0x0000000063560000 - 0x0000000063569000 	C:\Program Files\National Instruments\Shared\mDNS Responder\nimdnsNSP.dll
0x0000000063550000 - 0x000000006355e000 	C:\WINDOWS\SYSTEM32\nimdnsResponder.dll
0x00007ff970df0000 - 0x00007ff970dfa000 	C:\Windows\System32\rasadhlp.dll
0x00007ff974d60000 - 0x00007ff974dd7000 	C:\WINDOWS\System32\fwpuclnt.dll
0x00007ff97de90000 - 0x00007ff97deb6000 	C:\WINDOWS\System32\bcrypt.dll
0x00007ff979f40000 - 0x00007ff979f4d000 	D:\jdk\jdk1.8\jre\bin\management.dll
0x00007ff96c9c0000 - 0x00007ff96c9d6000 	C:\WINDOWS\system32\napinsp.dll
0x00007ff96c4b0000 - 0x00007ff96c4ca000 	C:\WINDOWS\system32\pnrpnsp.dll
0x00007ff96c220000 - 0x00007ff96c22e000 	C:\WINDOWS\System32\winrnr.dll
0x00007ff979aa0000 - 0x00007ff979abc000 	C:\WINDOWS\system32\NLAapi.dll
0x00007ff96c200000 - 0x00007ff96c215000 	C:\WINDOWS\system32\wshbth.dll
0x00007ff97cc40000 - 0x00007ff97cc73000 	C:\WINDOWS\system32\rsaenh.dll
0x00007ff97d800000 - 0x00007ff97d825000 	C:\WINDOWS\SYSTEM32\USERENV.dll
0x00007ff97d2a0000 - 0x00007ff97d2ac000 	C:\WINDOWS\SYSTEM32\CRYPTBASE.dll
0x00007ff97c2b0000 - 0x00007ff97c4a4000 	C:\WINDOWS\SYSTEM32\dbghelp.dll

VM Arguments:
jvm_args: -ea -Didea.test.cyclic.buffer.size=1048576 -javaagent:D:\Intellij IDEA\IntelliJ IDEA 2019.3.3\lib\idea_rt.jar=62391:D:\Intellij IDEA\IntelliJ IDEA 2019.3.3\bin -Dfile.encoding=UTF-8 
java_command: com.intellij.rt.junit.JUnitStarter -ideVersion5 -junit5 king.test1,authorsearchtest
java_class_path (initial): D:\Intellij IDEA\IntelliJ IDEA 2019.3.3\lib\idea_rt.jar;D:\Intellij IDEA\IntelliJ IDEA 2019.3.3\plugins\junit\lib\junit5-rt.jar;D:\Intellij IDEA\IntelliJ IDEA 2019.3.3\plugins\junit\lib\junit-rt.jar;D:\jdk\jdk1.8\jre\lib\charsets.jar;D:\jdk\jdk1.8\jre\lib\deploy.jar;D:\jdk\jdk1.8\jre\lib\ext\access-bridge-64.jar;D:\jdk\jdk1.8\jre\lib\ext\cldrdata.jar;D:\jdk\jdk1.8\jre\lib\ext\dnsns.jar;D:\jdk\jdk1.8\jre\lib\ext\jaccess.jar;D:\jdk\jdk1.8\jre\lib\ext\jfxrt.jar;D:\jdk\jdk1.8\jre\lib\ext\localedata.jar;D:\jdk\jdk1.8\jre\lib\ext\nashorn.jar;D:\jdk\jdk1.8\jre\lib\ext\sunec.jar;D:\jdk\jdk1.8\jre\lib\ext\sunjce_provider.jar;D:\jdk\jdk1.8\jre\lib\ext\sunmscapi.jar;D:\jdk\jdk1.8\jre\lib\ext\sunpkcs11.jar;D:\jdk\jdk1.8\jre\lib\ext\zipfs.jar;D:\jdk\jdk1.8\jre\lib\javaws.jar;D:\jdk\jdk1.8\jre\lib\jce.jar;D:\jdk\jdk1.8\jre\lib\jfr.jar;D:\jdk\jdk1.8\jre\lib\jfxswt.jar;D:\jdk\jdk1.8\jre\lib\jsse.jar;D:\jdk\jdk1.8\jre\lib\management-agent.jar;D:\jdk\jdk1.8\jre\lib\plugin.jar;D:\jdk\jdk1.8\jre\lib\resources.jar;D:\jdk\jdk1.8\jre\lib\rt.jar;D:\大三下\AcademicPlatform_Backend-master\Schlor-search\target\test-classes;D:\大三下\AcademicPlatform_Backend-master\Schlor-search\target\classes;D:\大三下\AcademicPlatform_Backend-master\common\target\classes;D:\maven\maven_Resporty\org\springframework\boot\spring-boot-starter-web\2.1.3.RELEASE\spring-boot-starter-web-2.1.3.RELEASE.jar;D:\maven\maven_Resporty\org\springframework\boot\spring-boot-starter-json\2.1.3.RELEASE\spring-boot-starter-json-2.1.3.RELEASE.jar;D:\maven\maven_Resporty\com\fasterxml\jackson\datatype\jackson-datatype-jdk8\2.9.8\jackson-datatype-jdk8-2.9.8.jar;D:\maven\maven_Resporty\com\fasterxml\jackson\datatype\jackson-datatype-jsr310\2.9.8\jackson-datatype-jsr310-2.9.8.jar;D:\maven\maven_Resporty\com\fasterxml\jackson\module\jackson-module-parameter-names\2.9.8\jackson-module-parameter-names-2.9.8.jar;D:\maven\maven_Resporty\org\hibernate\validator\hibernate-validator\6.0.14.Final\hibernate-valida
Launcher Type: SUN_STANDARD

Environment Variables:
JAVA_HOME=D:\jdk\jdk-11.0.8
CLASSPATH=.;D:\jdk\jdk-11.0.8\lib;D:\jdk\jdk-11.0.8\lib\tools.jar
PATH=C:\Program Files (x86)\Common Files\Oracle\Java\javapath;D:\Xshell\;C:\Program Files (x86)\NVIDIA Corporation\PhysX\Common;C:\WINDOWS\system32;C:\WINDOWS;C:\WINDOWS\System32\Wbem;C:\WINDOWS\System32\WindowsPowerShell\v1.0\;C:\WINDOWS\System32\OpenSSH\;C:\Users\水干\AppData\Local\Programs\Python\Python36_64;C;\Users\水干\AppData\Local\Programs\Python\Python36_64\Scripts;D;D:\py\Python36_64\Scripts;D:\py\Python36_64;D:\北航云盘\北航云盘;C:\Program Files\Microsoft SQL Server\Client SDK\ODBC\170\Tools\Binn\;C:\Program Files (x86)\Microsoft SQL Server\150\Tools\Binn\;C:\Program Files\Microsoft SQL Server\150\Tools\Binn\;C:\Program Files\Microsoft SQL Server\150\DTS\Binn\;D:\Git\cmd;D:\matlab\P2016A\runtime\win64;D:\matlab\P2016A\bin;D:\matlab\P2016A\polyspace\bin;D:\jdk\jdk-11.0.8\bin;D:\maven\apache-maven-3.3.9\bin;D:\Program Files\nodejs\;D:\python\Scripts\;D:\soft\gradle\gradle-6.6.1\bin;D:\python\Scripts\;D:\python\;C:\Program Files\MySQL\MySQL Shell 8.0\bin\;C:\Users\水干\AppData\Local\Programs\Python\Python37\Scripts\;C:\Users\水干\AppData\Local\Programs\Python\Python37\;C:\Users\水干\AppData\Local\Microsoft\WindowsApps;C:\Users\水干\AppData\Local\Programs\Microsoft VS Code\bin;D:\Program Files\nodejs\node_global;;D:\新建文件夹 (3)\PyCharm Community Edition 2020.2.3\bin;
USERNAME=水干
OS=Windows_NT
PROCESSOR_IDENTIFIER=AMD64 Family 23 Model 17 Stepping 0, AuthenticAMD



---------------  S Y S T E M  ---------------

OS: Windows 10.0 , 64 bit Build 18362 (10.0.18362.1110)

CPU:total 8 (initial active 8) (8 cores per cpu, 1 threads per core) family 23 model 17 stepping 0, cmov, cx8, fxsr, mmx, sse, sse2, sse3, ssse3, sse4.1, sse4.2, popcnt, avx, avx2, aes, clmul, mmxext, 3dnowpref, lzcnt, sse4a, tsc, tscinvbit, tscinv, bmi1

Memory: 4k page, physical 7132752k(300156k free), swap 25119308k(6172k free)

vm_info: Java HotSpot(TM) 64-Bit Server VM (25.261-b12) for windows-amd64 JRE (1.8.0_261-b12), built on Jun 18 2020 06:56:32 by "" with unknown MS VC++:1916

time: Sun Dec 20 17:50:54 2020
timezone: ?D1ú±ê×?ê±??
elapsed time: 29 seconds (0d 0h 0m 29s)

